This file contains any messages produced by compilers while
running configure, to aid debugging if configure makes a mistake.

configure:635: checking host system type
configure:656: checking target system type
configure:674: checking build system type
configure:733: checking for a BSD compatible install
configure:790: checking for -p flag to install
configure:813: checking whether build environment is sane
configure:851: checking whether make sets ${MAKE}
configure:897: checking for working aclocal
configure:910: checking for working autoconf
configure:923: checking for working automake
configure:936: checking for working autoheader
configure:949: checking for working makeinfo
configure:1081: checking for gcc
configure:1194: checking whether the C compiler (gcc   ) works
configure:1210: gcc -o conftest     conftest.c  1>&5
configure:1236: checking whether the C compiler (gcc   ) is a cross-compiler
configure:1241: checking whether we are using GNU C
configure:1250: gcc -E conftest.c
configure:1269: checking whether gcc accepts -g
configure:1302: checking how to run the C preprocessor
configure:1323: gcc -E  conftest.c >/dev/null 2>conftest.out
configure:1415: checking for c++
configure:1447: checking whether the C++ compiler (c++   ) works
configure:1468: rm -rf SunWS_cache; c++ -o conftest     conftest.C  1>&5
configure:1494: checking whether the C++ compiler (c++   ) is a cross-compiler
configure:1499: checking whether we are using GNU C++
configure:1508: c++ -E conftest.C
configure:1527: checking whether c++ accepts -g
configure:1776: checking whether c++ supports -Wundef
configure:1803: rm -rf SunWS_cache; c++ -o conftest -Wall -pedantic -W -Wpointer-arith -Wmissing-prototypes -Wwrite-strings -ansi -D_XOPEN_SOURCE=500 -D_BSD_SOURCE -Wcast-align -Wconversion -O2   -Wundef   conftest.C  1>&5
cc1plus: warning: command line option '-Wmissing-prototypes' is valid for C/ObjC but not for C++ [enabled by default]
configure:1834: checking whether c++ supports -Wbad-function-cast
configure:1861: rm -rf SunWS_cache; c++ -o conftest -Wundef -Wall -pedantic -W -Wpointer-arith -Wmissing-prototypes -Wwrite-strings -ansi -D_XOPEN_SOURCE=500 -D_BSD_SOURCE -Wcast-align -Wconversion -O2   -Wbad-function-cast   conftest.C  1>&5
cc1plus: warning: command line option '-Wmissing-prototypes' is valid for C/ObjC but not for C++ [enabled by default]
cc1plus: warning: command line option '-Wbad-function-cast' is valid for C/ObjC but not for C++ [enabled by default]
configure:1892: checking whether c++ supports -Wno-long-long
configure:1919: rm -rf SunWS_cache; c++ -o conftest -Wbad-function-cast -Wundef -Wall -pedantic -W -Wpointer-arith -Wmissing-prototypes -Wwrite-strings -ansi -D_XOPEN_SOURCE=500 -D_BSD_SOURCE -Wcast-align -Wconversion -O2   -Wno-long-long   conftest.C  1>&5
cc1plus: warning: command line option '-Wbad-function-cast' is valid for C/ObjC but not for C++ [enabled by default]
cc1plus: warning: command line option '-Wmissing-prototypes' is valid for C/ObjC but not for C++ [enabled by default]
configure:1950: checking whether c++ supports -Wnon-virtual-dtor
configure:1977: rm -rf SunWS_cache; c++ -o conftest -Wno-long-long -Wbad-function-cast -Wundef -Wall -pedantic -W -Wpointer-arith -Wmissing-prototypes -Wwrite-strings -ansi -D_XOPEN_SOURCE=500 -D_BSD_SOURCE -Wcast-align -Wconversion -O2   -Wnon-virtual-dtor   conftest.C  1>&5
cc1plus: warning: command line option '-Wbad-function-cast' is valid for C/ObjC but not for C++ [enabled by default]
cc1plus: warning: command line option '-Wmissing-prototypes' is valid for C/ObjC but not for C++ [enabled by default]
configure:2016: checking whether c++ supports -fno-exceptions
configure:2043: rm -rf SunWS_cache; c++ -o conftest -Wnon-virtual-dtor -Wno-long-long -Wbad-function-cast -Wundef -Wall -pedantic -W -Wpointer-arith -Wmissing-prototypes -Wwrite-strings -ansi -D_XOPEN_SOURCE=500 -D_BSD_SOURCE -Wcast-align -Wconversion -O2   -fno-exceptions   conftest.C  1>&5
cc1plus: warning: command line option '-Wbad-function-cast' is valid for C/ObjC but not for C++ [enabled by default]
cc1plus: warning: command line option '-Wmissing-prototypes' is valid for C/ObjC but not for C++ [enabled by default]
configure:2074: checking whether c++ supports -fno-check-new
configure:2101: rm -rf SunWS_cache; c++ -o conftest -Wnon-virtual-dtor -Wno-long-long -Wbad-function-cast -Wundef -Wall -pedantic -W -Wpointer-arith -Wmissing-prototypes -Wwrite-strings -ansi -D_XOPEN_SOURCE=500 -D_BSD_SOURCE -Wcast-align -Wconversion -O2   -fno-exceptions -fno-check-new   conftest.C  1>&5
cc1plus: warning: command line option '-Wbad-function-cast' is valid for C/ObjC but not for C++ [enabled by default]
cc1plus: warning: command line option '-Wmissing-prototypes' is valid for C/ObjC but not for C++ [enabled by default]
configure:2132: checking whether c++ supports -fexceptions
configure:2159: rm -rf SunWS_cache; c++ -o conftest -Wnon-virtual-dtor -Wno-long-long -Wbad-function-cast -Wundef -Wall -pedantic -W -Wpointer-arith -Wmissing-prototypes -Wwrite-strings -ansi -D_XOPEN_SOURCE=500 -D_BSD_SOURCE -Wcast-align -Wconversion -O2   -fno-exceptions -fno-check-new -fexceptions   conftest.C  1>&5
cc1plus: warning: command line option '-Wbad-function-cast' is valid for C/ObjC but not for C++ [enabled by default]
cc1plus: warning: command line option '-Wmissing-prototypes' is valid for C/ObjC but not for C++ [enabled by default]
configure:2649: checking how to run the C++ preprocessor
configure:2670: c++ -E  conftest.C >/dev/null 2>conftest.out
configure:2752: checking whether c++ supports -frepo
configure:2779: rm -rf SunWS_cache; c++ -o conftest -Wnon-virtual-dtor -Wno-long-long -Wbad-function-cast -Wundef -Wall -pedantic -W -Wpointer-arith -Wmissing-prototypes -Wwrite-strings -ansi -D_XOPEN_SOURCE=500 -D_BSD_SOURCE -Wcast-align -Wconversion -O2 -fno-exceptions -fno-check-new -frepo   conftest.C  1>&5
cc1plus: warning: command line option '-Wbad-function-cast' is valid for C/ObjC but not for C++ [enabled by default]
cc1plus: warning: command line option '-Wmissing-prototypes' is valid for C/ObjC but not for C++ [enabled by default]
<built-in>:0:0: warning: -frepo must be used with -c [enabled by default]
configure:3004: checking for ld used by GCC
configure:3072: checking if the linker (/usr/x86_64-suse-linux/bin/ld) is GNU ld
GNU ld (GNU Binutils; openSUSE 13.1) 2.23.2
configure:3089: checking for /usr/x86_64-suse-linux/bin/ld option to reload object files
configure:3101: checking for BSD-compatible nm
configure:3139: checking whether ln -s works
configure:3160: checking how to recognise dependant libraries
configure:3348: checking for file
configure:3481: checking for ranlib
configure:3548: checking for strip
configure:3720: checking for Cygwin environment
configure:3736: gcc -c -ansi -W -Wall -pedantic -Wshadow -Wpointer-arith -Wmissing-prototypes -Wwrite-strings -D_XOPEN_SOURCE=500 -D_BSD_SOURCE -O2    conftest.c 1>&5
configure: In function 'main':
configure:3730:20: error: '__CYGWIN32__' undeclared (first use in this function)
 #define __CYGWIN__ __CYGWIN32__
                    ^
configure:3732:8: note: in expansion of macro '__CYGWIN__'
 return __CYGWIN__;
        ^
configure:3730:20: note: each undeclared identifier is reported only once for each function it appears in
 #define __CYGWIN__ __CYGWIN32__
                    ^
configure:3732:8: note: in expansion of macro '__CYGWIN__'
 return __CYGWIN__;
        ^
configure: failed program was:
#line 3725 "configure"
#include "confdefs.h"

int main() {

#ifndef __CYGWIN__
#define __CYGWIN__ __CYGWIN32__
#endif
return __CYGWIN__;
; return 0; }
configure:3753: checking for mingw32 environment
configure:3765: gcc -c -ansi -W -Wall -pedantic -Wshadow -Wpointer-arith -Wmissing-prototypes -Wwrite-strings -D_XOPEN_SOURCE=500 -D_BSD_SOURCE -O2    conftest.c 1>&5
configure: In function 'main':
configure:3761:8: error: '__MINGW32__' undeclared (first use in this function)
 return __MINGW32__;
        ^
configure:3761:8: note: each undeclared identifier is reported only once for each function it appears in
configure: failed program was:
#line 3758 "configure"
#include "confdefs.h"

int main() {
return __MINGW32__;
; return 0; }
ltcf-c.sh:need_lc: gcc -c -ansi -W -Wall -pedantic -Wshadow -Wpointer-arith -Wmissing-prototypes -Wwrite-strings -D_XOPEN_SOURCE=500 -D_BSD_SOURCE -O2    conftest.c 1>&5
conftest.c:1:12: warning: 'dummy' defined but not used [-Wunused-variable]
 static int dummy;
            ^
ltcf-c.sh:need_lc: gcc -shared conftest.  -v -Wl,-soname -Wl,conftest -o conftest
ltconfig:678:checking for gcc option to produce PIC
ltconfig:687:checking that gcc PIC flag -fPIC -DPIC works.
ltconfig:697: gcc -c -ansi -W -Wall -pedantic -Wshadow -Wpointer-arith -Wmissing-prototypes -Wwrite-strings -D_XOPEN_SOURCE=500 -D_BSD_SOURCE -O2   -fPIC -DPIC -DPIC  conftest.c 1>&5
ltconfig:749: checking if gcc static flag -static works
ltconfig:758: gcc -o conftest -ansi -W -Wall -pedantic -Wshadow -Wpointer-arith -Wmissing-prototypes -Wwrite-strings -D_XOPEN_SOURCE=500 -D_BSD_SOURCE -O2     -static conftest.c  1>&5
conftest.c:1:1: warning: return type defaults to 'int' [-Wreturn-type]
 main(){return(0);}
 ^
ltconfig:780: finding the maximum length of command line arguments
ltconfig:@lineno@: result: 73729
ltconfig:829: checking if gcc supports -c -o file.o
ltconfig:830: gcc -c -ansi -W -Wall -pedantic -Wshadow -Wpointer-arith -Wmissing-prototypes -Wwrite-strings -D_XOPEN_SOURCE=500 -D_BSD_SOURCE -O2   -o out/conftest2.o  conftest.c 1>&5
ltconfig:883: checking if gcc supports -fno-rtti -fno-exceptions
ltconfig:884: gcc -c -ansi -W -Wall -pedantic -Wshadow -Wpointer-arith -Wmissing-prototypes -Wwrite-strings -D_XOPEN_SOURCE=500 -D_BSD_SOURCE -O2   -fno-rtti -fno-exceptions -c conftest.c  conftest.c 1>&5
ltconfig:1423: checking if global_symbol_pipe works
ltconfig:1424: gcc -c -ansi -W -Wall -pedantic -Wshadow -Wpointer-arith -Wmissing-prototypes -Wwrite-strings -D_XOPEN_SOURCE=500 -D_BSD_SOURCE -O2    conftest.c 1>&5
conftest.c:5:6: warning: no previous prototype for 'nm_test_func' [-Wmissing-prototypes]
 void nm_test_func(){}
      ^
ltconfig:1427: eval "/usr/bin/nm -B conftest.o | sed -n -e 's/^.*[ 	]\([ABCDGISTW]\)[ 	][ 	]*\(\)\([_A-Za-z][_A-Za-z0-9]*\)$/\1 \2\3 \3/p' > conftest.nm"
ltconfig:1479: gcc -o conftest -ansi -W -Wall -pedantic -Wshadow -Wpointer-arith -Wmissing-prototypes -Wwrite-strings -D_XOPEN_SOURCE=500 -D_BSD_SOURCE -O2   -fno-builtin   conftest.c conftstm.o 1>&5
conftest.c:6:13: warning: 'main' is usually a function [-Wmain]
 extern char main;
             ^
ltconfig:1583: checking for dlopen in -ldl
ltconfig:1603: gcc -o conftest -ansi -W -Wall -pedantic -Wshadow -Wpointer-arith -Wmissing-prototypes -Wwrite-strings -D_XOPEN_SOURCE=500 -D_BSD_SOURCE -O2   -fno-builtin   conftest.c -ldl   1>&5
ltconfig:1863: checking for dlfcn.h
ltconfig:1874: gcc -c -ansi -W -Wall -pedantic -Wshadow -Wpointer-arith -Wmissing-prototypes -Wwrite-strings -D_XOPEN_SOURCE=500 -D_BSD_SOURCE -O2   -fno-builtin  conftest.c 1>&5 >/dev/null 2>conftest.out
ltconfig:1902: checking whether a program can dlopen itself
ltconfig:1957: gcc -o conftest -ansi -W -Wall -pedantic -Wshadow -Wpointer-arith -Wmissing-prototypes -Wwrite-strings -D_XOPEN_SOURCE=500 -D_BSD_SOURCE -O2   -fno-builtin  -DHAVE_DLFCN_H  -Wl,--export-dynamic conftest.c -ldl  1>&5
conftest.c:41:6: warning: no previous prototype for 'fnord' [-Wmissing-prototypes]
 void fnord() { int i=42; }
      ^
conftest.c: In function 'fnord':
conftest.c:41:20: warning: unused variable 'i' [-Wunused-variable]
 void fnord() { int i=42; }
                    ^
conftest.c: In function 'main':
conftest.c:45:16: warning: implicit declaration of function 'exit' [-Wimplicit-function-declaration]
                if(ptr1 || ptr2) { dlclose(self); exit(0); } } exit(1); return 1;}
                ^
ltconfig:1976: checking whether a statically linked program can dlopen itself
ltconfig:2031: gcc -o conftest -ansi -W -Wall -pedantic -Wshadow -Wpointer-arith -Wmissing-prototypes -Wwrite-strings -D_XOPEN_SOURCE=500 -D_BSD_SOURCE -O2   -fno-builtin  -DHAVE_DLFCN_H  -Wl,--export-dynamic -static conftest.c -ldl  1>&5
conftest.c:41:6: warning: no previous prototype for 'fnord' [-Wmissing-prototypes]
 void fnord() { int i=42; }
      ^
conftest.c: In function 'fnord':
conftest.c:41:20: warning: unused variable 'i' [-Wunused-variable]
 void fnord() { int i=42; }
                    ^
conftest.c: In function 'main':
conftest.c:45:5: warning: implicit declaration of function 'exit' [-Wimplicit-function-declaration]
     if(ptr1 || ptr2) { dlclose(self); exit(0); } } exit(1); return 1; }
     ^
/tmp/ccy8geKR.o: In function `main':
conftest.c:(.text.startup+0xe): warning: Using 'dlopen' in statically linked applications requires at runtime the shared libraries from the glibc version used for linking
/usr/lib64/gcc/x86_64-suse-linux/4.8/../../../../x86_64-suse-linux/bin/ld: dynamic STT_GNU_IFUNC symbol `strcmp' with pointer equality in `/usr/lib64/gcc/x86_64-suse-linux/4.8/../../../../lib64/libc.a(strcmp.o)' can not be used when making an executable; recompile with -fPIE and relink with -pie
collect2: error: ld returned 1 exit status
ltconfig: failed program was:
/*#line 1984 "ltconfig"*/

#if HAVE_DLFCN_H
#include <dlfcn.h>
#endif

#include <stdio.h>

#ifdef RTLD_GLOBAL
# define LTDL_GLOBAL	RTLD_GLOBAL
#else
# ifdef DL_GLOBAL
#  define LTDL_GLOBAL	DL_GLOBAL
# else
#  define LTDL_GLOBAL	0
# endif
#endif

/* We may have to define LTDL_LAZY_OR_NOW in the command line if we
   find out it does not work in some platform. */
#ifndef LTDL_LAZY_OR_NOW
# ifdef RTLD_LAZY
#  define LTDL_LAZY_OR_NOW	RTLD_LAZY
# else
#  ifdef DL_LAZY
#   define LTDL_LAZY_OR_NOW	DL_LAZY
#  else
#   ifdef RTLD_NOW
#    define LTDL_LAZY_OR_NOW	RTLD_NOW
#   else
#    ifdef DL_NOW
#     define LTDL_LAZY_OR_NOW	DL_NOW
#    else
#     define LTDL_LAZY_OR_NOW	0
#    endif
#   endif
#  endif
# endif
#endif

void fnord() { int i=42; }
int main() {
    void *self, *ptr1, *ptr2; self=dlopen(0,LTDL_GLOBAL|LTDL_LAZY_OR_NOW);
    if(self) { ptr1=dlsym(self,"fnord"); ptr2=dlsym(self,"_fnord");
    if(ptr1 || ptr2) { dlclose(self); exit(0); } } exit(1); return 1; }

c++ -E conftest.cc
cc1plus: warning: command line option '-Wbad-function-cast' is valid for C/ObjC but not for C++ [enabled by default]
cc1plus: warning: command line option '-Wmissing-prototypes' is valid for C/ObjC but not for C++ [enabled by default]
ltconfig:678:checking for c++ option to produce PIC
ltconfig:687:checking that c++ PIC flag -fPIC -DPIC works.
ltconfig:697: c++ -c -Wnon-virtual-dtor -Wno-long-long -Wbad-function-cast -Wundef -Wall -pedantic -W -Wpointer-arith -Wmissing-prototypes -Wwrite-strings -ansi -D_XOPEN_SOURCE=500 -D_BSD_SOURCE -Wcast-align -Wconversion -O2 -fno-exceptions -fno-check-new -fPIC -DPIC -DPIC  conftest.cc 1>&5
cc1plus: warning: command line option '-Wbad-function-cast' is valid for C/ObjC but not for C++ [enabled by default]
cc1plus: warning: command line option '-Wmissing-prototypes' is valid for C/ObjC but not for C++ [enabled by default]
ltconfig:749: checking if c++ static flag -static works
ltconfig:758: c++ -o conftest -Wnon-virtual-dtor -Wno-long-long -Wbad-function-cast -Wundef -Wall -pedantic -W -Wpointer-arith -Wmissing-prototypes -Wwrite-strings -ansi -D_XOPEN_SOURCE=500 -D_BSD_SOURCE -Wcast-align -Wconversion -O2 -fno-exceptions -fno-check-new   -static conftest.cc  1>&5
cc1plus: warning: command line option '-Wbad-function-cast' is valid for C/ObjC but not for C++ [enabled by default]
cc1plus: warning: command line option '-Wmissing-prototypes' is valid for C/ObjC but not for C++ [enabled by default]
ltconfig:780: finding the maximum length of command line arguments
ltconfig:@lineno@: result: 73729
ltconfig:883: checking if c++ supports -fno-rtti -fno-exceptions
ltconfig:884: c++ -c -Wnon-virtual-dtor -Wno-long-long -Wbad-function-cast -Wundef -Wall -pedantic -W -Wpointer-arith -Wmissing-prototypes -Wwrite-strings -ansi -D_XOPEN_SOURCE=500 -D_BSD_SOURCE -Wcast-align -Wconversion -O2 -fno-exceptions -fno-check-new -fno-rtti -fno-exceptions -c conftest.cc  conftest.cc 1>&5
ltconfig:1423: checking if global_symbol_pipe works
ltconfig:1424: c++ -c -Wnon-virtual-dtor -Wno-long-long -Wbad-function-cast -Wundef -Wall -pedantic -W -Wpointer-arith -Wmissing-prototypes -Wwrite-strings -ansi -D_XOPEN_SOURCE=500 -D_BSD_SOURCE -Wcast-align -Wconversion -O2 -fno-exceptions -fno-check-new  conftest.cc 1>&5
cc1plus: warning: command line option '-Wbad-function-cast' is valid for C/ObjC but not for C++ [enabled by default]
cc1plus: warning: command line option '-Wmissing-prototypes' is valid for C/ObjC but not for C++ [enabled by default]
ltconfig:1427: eval "/usr/bin/nm -B conftest.o | sed -n -e 's/^.*[ 	]\([ABCDGISTW]\)[ 	][ 	]*\(\)\([_A-Za-z][_A-Za-z0-9]*\)$/\1 \2\3 \3/p' > conftest.nm"
ltconfig:1479: c++ -o conftest -Wnon-virtual-dtor -Wno-long-long -Wbad-function-cast -Wundef -Wall -pedantic -W -Wpointer-arith -Wmissing-prototypes -Wwrite-strings -ansi -D_XOPEN_SOURCE=500 -D_BSD_SOURCE -Wcast-align -Wconversion -O2 -fno-exceptions -fno-check-new -fno-builtin   conftest.cc conftstm.o 1>&5
cc1plus: warning: command line option '-Wbad-function-cast' is valid for C/ObjC but not for C++ [enabled by default]
cc1plus: warning: command line option '-Wmissing-prototypes' is valid for C/ObjC but not for C++ [enabled by default]
ltconfig:1863: checking for dlfcn.h
ltconfig:1902: checking whether a program can dlopen itself
ltconfig:1976: checking whether a statically linked program can dlopen itself
configure:3900: checking for object suffix
configure:3906: gcc -c -ansi -W -Wall -pedantic -Wshadow -Wpointer-arith -Wmissing-prototypes -Wwrite-strings -D_XOPEN_SOURCE=500 -D_BSD_SOURCE -O2    conftest.c 1>&5
configure:3926: checking for executable suffix
configure:3936: gcc -o conftest -ansi -W -Wall -pedantic -Wshadow -Wpointer-arith -Wmissing-prototypes -Wwrite-strings -D_XOPEN_SOURCE=500 -D_BSD_SOURCE -O2     conftest.c  1>&5
configure:4068: checking for msgfmt
configure:4102: checking for gmsgfmt
configure:4147: checking for xgettext
configure:4262: checking for main in -lutil
configure:4277: gcc -o conftest -ansi -W -Wall -pedantic -Wshadow -Wpointer-arith -Wmissing-prototypes -Wwrite-strings -D_XOPEN_SOURCE=500 -D_BSD_SOURCE -O2     conftest.c -lutil   1>&5
configure:4298: checking for main in -lcompat
configure:4313: gcc -o conftest -ansi -W -Wall -pedantic -Wshadow -Wpointer-arith -Wmissing-prototypes -Wwrite-strings -D_XOPEN_SOURCE=500 -D_BSD_SOURCE -O2     conftest.c -lcompat   1>&5
/usr/lib64/gcc/x86_64-suse-linux/4.8/../../../../x86_64-suse-linux/bin/ld: cannot find -lcompat
collect2: error: ld returned 1 exit status
configure: failed program was:
#line 4306 "configure"
#include "confdefs.h"

int main() {
main()
; return 0; }
configure:4335: checking for crypt in -lcrypt
configure:4354: gcc -o conftest -ansi -W -Wall -pedantic -Wshadow -Wpointer-arith -Wmissing-prototypes -Wwrite-strings -D_XOPEN_SOURCE=500 -D_BSD_SOURCE -O2     conftest.c -lcrypt   1>&5
configure:4429: checking for socklen_t
configure:4459: c++ -c -Wnon-virtual-dtor -Wno-long-long -Wbad-function-cast -Wundef -Wall -pedantic -W -Wpointer-arith -Wmissing-prototypes -Wwrite-strings -ansi -D_XOPEN_SOURCE=500 -D_BSD_SOURCE -Wcast-align -Wconversion -O2 -fno-exceptions -fno-check-new  conftest.C 1>&5
cc1plus: warning: command line option '-Wbad-function-cast' is valid for C/ObjC but not for C++ [enabled by default]
cc1plus: warning: command line option '-Wmissing-prototypes' is valid for C/ObjC but not for C++ [enabled by default]
configure:4526: checking for dnet_ntoa in -ldnet
configure:4545: gcc -o conftest -ansi -W -Wall -pedantic -Wshadow -Wpointer-arith -Wmissing-prototypes -Wwrite-strings -D_XOPEN_SOURCE=500 -D_BSD_SOURCE -O2     conftest.c -ldnet   1>&5
/tmp/cctzFOxh.o: In function `main':
conftest.c:(.text.startup+0x7): undefined reference to `dnet_ntoa'
collect2: error: ld returned 1 exit status
configure: failed program was:
#line 4534 "configure"
#include "confdefs.h"
/* Override any gcc2 internal prototype to avoid an error.  */
/* We use char because int might match the return type of a gcc2
    builtin and then its argument prototype would still apply.  */
char dnet_ntoa();

int main() {
dnet_ntoa()
; return 0; }
configure:4567: checking for dnet_ntoa in -ldnet_stub
configure:4586: gcc -o conftest -ansi -W -Wall -pedantic -Wshadow -Wpointer-arith -Wmissing-prototypes -Wwrite-strings -D_XOPEN_SOURCE=500 -D_BSD_SOURCE -O2     conftest.c -ldnet_stub   1>&5
/usr/lib64/gcc/x86_64-suse-linux/4.8/../../../../x86_64-suse-linux/bin/ld: cannot find -ldnet_stub
collect2: error: ld returned 1 exit status
configure: failed program was:
#line 4575 "configure"
#include "confdefs.h"
/* Override any gcc2 internal prototype to avoid an error.  */
/* We use char because int might match the return type of a gcc2
    builtin and then its argument prototype would still apply.  */
char dnet_ntoa();

int main() {
dnet_ntoa()
; return 0; }
configure:4608: checking for inet_ntoa
configure:4636: gcc -o conftest -ansi -W -Wall -pedantic -Wshadow -Wpointer-arith -Wmissing-prototypes -Wwrite-strings -D_XOPEN_SOURCE=500 -D_BSD_SOURCE -O2     conftest.c  1>&5
configure:4698: checking for connect
configure:4726: gcc -o conftest -ansi -W -Wall -pedantic -Wshadow -Wpointer-arith -Wmissing-prototypes -Wwrite-strings -D_XOPEN_SOURCE=500 -D_BSD_SOURCE -O2     conftest.c  1>&5
configure:4789: checking for remove
configure:4817: gcc -o conftest -ansi -W -Wall -pedantic -Wshadow -Wpointer-arith -Wmissing-prototypes -Wwrite-strings -D_XOPEN_SOURCE=500 -D_BSD_SOURCE -O2     conftest.c  1>&5
configure:4881: checking for shmat
configure:4909: gcc -o conftest -ansi -W -Wall -pedantic -Wshadow -Wpointer-arith -Wmissing-prototypes -Wwrite-strings -D_XOPEN_SOURCE=500 -D_BSD_SOURCE -O2     conftest.c  1>&5
configure:4973: checking for res_init
configure:5001: gcc -o conftest -ansi -W -Wall -pedantic -Wshadow -Wpointer-arith -Wmissing-prototypes -Wwrite-strings -D_XOPEN_SOURCE=500 -D_BSD_SOURCE -O2     conftest.c  1>&5
/tmp/cch0avzH.o: In function `main':
conftest.c:(.text.startup+0x7): undefined reference to `res_init'
collect2: error: ld returned 1 exit status
configure: failed program was:
#line 4978 "configure"
#include "confdefs.h"
/* System header to define __stub macros and hopefully few prototypes,
    which can conflict with char res_init(); below.  */
#include <assert.h>
/* Override any gcc2 internal prototype to avoid an error.  */
/* We use char because int might match the return type of a gcc2
    builtin and then its argument prototype would still apply.  */
char res_init();

int main() {

/* The GNU C library defines this for functions which it implements
    to always fail with ENOSYS.  Some functions are actually named
    something starting with __ and the normal name is an alias.  */
#if defined (__stub_res_init) || defined (__stub___res_init)
choke me
#else
res_init();
#endif

; return 0; }
configure:5036: gcc -o conftest -ansi -W -Wall -pedantic -Wshadow -Wpointer-arith -Wmissing-prototypes -Wwrite-strings -D_XOPEN_SOURCE=500 -D_BSD_SOURCE -O2     conftest.c   -lresolv 1>&5
configure:5061: checking for killpg in -lucb
configure:5080: gcc -o conftest -ansi -W -Wall -pedantic -Wshadow -Wpointer-arith -Wmissing-prototypes -Wwrite-strings -D_XOPEN_SOURCE=500 -D_BSD_SOURCE -O2     conftest.c -lucb   1>&5
/usr/lib64/gcc/x86_64-suse-linux/4.8/../../../../x86_64-suse-linux/bin/ld: cannot find -lucb
collect2: error: ld returned 1 exit status
configure: failed program was:
#line 5069 "configure"
#include "confdefs.h"
/* Override any gcc2 internal prototype to avoid an error.  */
/* We use char because int might match the return type of a gcc2
    builtin and then its argument prototype would still apply.  */
char killpg();

int main() {
killpg()
; return 0; }
configure:5149: checking size of int
configure:5168: gcc -o conftest -ansi -W -Wall -pedantic -Wshadow -Wpointer-arith -Wmissing-prototypes -Wwrite-strings -D_XOPEN_SOURCE=500 -D_BSD_SOURCE -O2     conftest.c  1>&5
configure:5159:1: warning: return type defaults to 'int' [-Wreturn-type]
 main()
 ^
configure: In function 'main':
configure:5162:3: warning: implicit declaration of function 'exit' [-Wimplicit-function-declaration]
   if (!f) exit(1);
   ^
configure:5162:11: warning: incompatible implicit declaration of built-in function 'exit' [enabled by default]
   if (!f) exit(1);
           ^
configure:5163:3: warning: format '%d' expects argument of type 'int', but argument 3 has type 'long unsigned int' [-Wformat=]
   fprintf(f, "%d\n", sizeof(int));
   ^
configure:5187: checking size of long
configure:5206: gcc -o conftest -ansi -W -Wall -pedantic -Wshadow -Wpointer-arith -Wmissing-prototypes -Wwrite-strings -D_XOPEN_SOURCE=500 -D_BSD_SOURCE -O2     conftest.c  1>&5
configure:5197:1: warning: return type defaults to 'int' [-Wreturn-type]
 main()
 ^
configure: In function 'main':
configure:5200:3: warning: implicit declaration of function 'exit' [-Wimplicit-function-declaration]
   if (!f) exit(1);
   ^
configure:5200:11: warning: incompatible implicit declaration of built-in function 'exit' [enabled by default]
   if (!f) exit(1);
           ^
configure:5201:3: warning: format '%d' expects argument of type 'int', but argument 3 has type 'long unsigned int' [-Wformat=]
   fprintf(f, "%d\n", sizeof(long));
   ^
configure:5225: checking size of char *
configure:5244: gcc -o conftest -ansi -W -Wall -pedantic -Wshadow -Wpointer-arith -Wmissing-prototypes -Wwrite-strings -D_XOPEN_SOURCE=500 -D_BSD_SOURCE -O2     conftest.c  1>&5
configure:5235:1: warning: return type defaults to 'int' [-Wreturn-type]
 main()
 ^
configure: In function 'main':
configure:5238:3: warning: implicit declaration of function 'exit' [-Wimplicit-function-declaration]
   if (!f) exit(1);
   ^
configure:5238:11: warning: incompatible implicit declaration of built-in function 'exit' [enabled by default]
   if (!f) exit(1);
           ^
configure:5239:3: warning: format '%d' expects argument of type 'int', but argument 3 has type 'long unsigned int' [-Wformat=]
   fprintf(f, "%d\n", sizeof(char *));
   ^
configure:5263: checking size of char
configure:5282: gcc -o conftest -ansi -W -Wall -pedantic -Wshadow -Wpointer-arith -Wmissing-prototypes -Wwrite-strings -D_XOPEN_SOURCE=500 -D_BSD_SOURCE -O2     conftest.c  1>&5
configure:5273:1: warning: return type defaults to 'int' [-Wreturn-type]
 main()
 ^
configure: In function 'main':
configure:5276:3: warning: implicit declaration of function 'exit' [-Wimplicit-function-declaration]
   if (!f) exit(1);
   ^
configure:5276:11: warning: incompatible implicit declaration of built-in function 'exit' [enabled by default]
   if (!f) exit(1);
           ^
configure:5277:3: warning: format '%d' expects argument of type 'int', but argument 3 has type 'long unsigned int' [-Wformat=]
   fprintf(f, "%d\n", sizeof(char));
   ^
configure:5303: checking for dlopen in -ldl
configure:5347: checking for shl_unload in -ldld
configure:5366: gcc -o conftest -ansi -W -Wall -pedantic -Wshadow -Wpointer-arith -Wmissing-prototypes -Wwrite-strings -D_XOPEN_SOURCE=500 -D_BSD_SOURCE -O2     conftest.c -ldld   1>&5
/usr/lib64/gcc/x86_64-suse-linux/4.8/../../../../x86_64-suse-linux/bin/ld: cannot find -ldld
collect2: error: ld returned 1 exit status
configure: failed program was:
#line 5355 "configure"
#include "confdefs.h"
/* Override any gcc2 internal prototype to avoid an error.  */
/* We use char because int might match the return type of a gcc2
    builtin and then its argument prototype would still apply.  */
char shl_unload();

int main() {
shl_unload()
; return 0; }
configure:5395: checking for extra includes
configure:5426: checking for extra libs
configure:5460: checking for libz
configure:5486: gcc -o conftest -ansi -W -Wall -pedantic -Wshadow -Wpointer-arith -Wmissing-prototypes -Wwrite-strings -D_XOPEN_SOURCE=500 -D_BSD_SOURCE -O2       conftest.c   -lz  -lresolv 1>&5
configure: In function 'main':
configure:5482:23: warning: comparison with string literal results in unspecified behavior [-Waddress]
 return (zlibVersion() == ZLIB_VERSION); 
                       ^
configure:5539: checking for X
configure:5578: gcc -E  conftest.c >/dev/null 2>conftest.out
configure:5654: gcc -o conftest -ansi -W -Wall -pedantic -Wshadow -Wpointer-arith -Wmissing-prototypes -Wwrite-strings -D_XOPEN_SOURCE=500 -D_BSD_SOURCE -O2     conftest.c -lXt  1>&5
configure: In function 'main':
configure:5650:1: warning: implicit declaration of function 'XtMalloc' [-Wimplicit-function-declaration]
 ${x_direct_test_function}()
 ^
configure:5828: checking for IceConnectionNumber in -lICE
configure:5847: gcc -o conftest -ansi -W -Wall -pedantic -Wshadow -Wpointer-arith -Wmissing-prototypes -Wwrite-strings -D_XOPEN_SOURCE=500 -D_BSD_SOURCE -O2     -L/usr/lib64 conftest.c -lICE  -lresolv  1>&5
configure:5876: checking for libXext
configure:5902: gcc -o conftest -ansi -W -Wall -pedantic -Wshadow -Wpointer-arith -Wmissing-prototypes -Wwrite-strings -D_XOPEN_SOURCE=500 -D_BSD_SOURCE -O2     -L/usr/lib64  conftest.c -lXext -lX11  -lresolv 1>&5
configure:5929: checking for Xinerama
configure:6041: checking for pthread_create in -lpthread
configure:6060: gcc -o conftest -ansi -W -Wall -pedantic -Wshadow -Wpointer-arith -Wmissing-prototypes -Wwrite-strings -D_XOPEN_SOURCE=500 -D_BSD_SOURCE -O2     conftest.c -lpthread   1>&5
configure:6336: checking for libpng
configure:6370: gcc -o conftest -ansi -W -Wall -pedantic -Wshadow -Wpointer-arith -Wmissing-prototypes -Wwrite-strings -D_XOPEN_SOURCE=500 -D_BSD_SOURCE -O2   -I.   -D_REENTRANT  conftest.c  -L/usr/lib64  -lpng -lz -lm -lX11  -lresolv 1>&5
configure:6402: checking for libjpeg6b
configure:6440: gcc -o conftest -ansi -W -Wall -pedantic -Wshadow -Wpointer-arith -Wmissing-prototypes -Wwrite-strings -D_XOPEN_SOURCE=500 -D_BSD_SOURCE -O2   -I.   -D_REENTRANT  conftest.c -L/usr/lib64  -ljpeg6b -lm 1>&5
/usr/lib64/gcc/x86_64-suse-linux/4.8/../../../../x86_64-suse-linux/bin/ld: cannot find -ljpeg6b
collect2: error: ld returned 1 exit status
configure: failed program was:
#line 6419 "configure"
#include "confdefs.h"
/* Override any gcc2 internal prototype to avoid an error.  */
struct jpeg_decompress_struct;
typedef struct jpeg_decompress_struct * j_decompress_ptr;
typedef int size_t;
#ifdef __cplusplus
extern "C" {
#endif
    void jpeg_CreateDecompress(j_decompress_ptr cinfo,
                                    int version, size_t structsize);
#ifdef __cplusplus
}
#endif
/* We use char because int might match the return type of a gcc2
    builtin and then its argument prototype would still apply.  */

int main() {
jpeg_CreateDecompress(0L, 0, 0);
; return 0; }
configure:6463: checking for libjpeg
configure:6501: gcc -o conftest -ansi -W -Wall -pedantic -Wshadow -Wpointer-arith -Wmissing-prototypes -Wwrite-strings -D_XOPEN_SOURCE=500 -D_BSD_SOURCE -O2   -I.   -D_REENTRANT  conftest.c -L/usr/lib64  -ljpeg -lm 1>&5
configure: 6541: /usr/include/jpeglib.h
taking that
configure:6704: checking for Qt
configure: 6768: /usr/lib/qt3/include/qstyle.h
taking that
tried NO
tried /usr/lib/qt3/lib
tried /usr/lib/qt3
tried /usr/lib/qt2/lib
tried /usr/lib/qt2
tried /usr/lib/qt/lib
tried /usr/lib/qt
tried /usr/X11R6/lib
tried /usr/lib
tried /usr/local/qt/lib
tried /usr/lib64
configure:6880: rm -rf SunWS_cache; c++ -o conftest -Wnon-virtual-dtor -Wno-long-long -Wbad-function-cast -Wundef -Wall -pedantic -W -Wpointer-arith -Wmissing-prototypes -Wwrite-strings -ansi -D_XOPEN_SOURCE=500 -D_BSD_SOURCE -Wcast-align -Wconversion -O2 -fno-exceptions -fno-check-new -I/usr/lib/qt3/include -I.  -D_REENTRANT  -LNONE -L/usr/lib64   conftest.C  -lqt -lpng -lz -lm -ljpeg  -lXext -lX11 -lSM -lICE  -lresolv  1>&5
cc1plus: warning: command line option '-Wbad-function-cast' is valid for C/ObjC but not for C++ [enabled by default]
cc1plus: warning: command line option '-Wmissing-prototypes' is valid for C/ObjC but not for C++ [enabled by default]
In file included from /usr/lib/qt3/include/qwindowdefs.h:47:0,
                 from /usr/lib/qt3/include/qwidget.h:45,
                 from /usr/lib/qt3/include/qdesktopwidget.h:43,
                 from /usr/lib/qt3/include/qapplication.h:45,
                 from conftest.C:3:
/usr/lib/qt3/include/qstring.h: In member function 'void QChar::setCell(uchar)':
/usr/lib/qt3/include/qstring.h:222:55: warning: conversion to 'ushort {aka short unsigned int}' from 'int' may alter its value [-Wconversion]
     void setCell( uchar cell ) { ucs = (ucs & 0xff00) + cell; }
                                                       ^
/usr/lib/qt3/include/qstring.h: In member function 'void QChar::setRow(uchar)':
/usr/lib/qt3/include/qstring.h:223:58: warning: conversion to 'ushort {aka short unsigned int}' from 'int' may alter its value [-Wconversion]
     void setRow( uchar row ) { ucs = (((ushort) row)<<8) + (ucs&0xff); }
                                                          ^
/usr/lib/qt3/include/qstring.h: In constructor 'QChar::QChar(uchar, uchar)':
/usr/lib/qt3/include/qstring.h:267:57: warning: conversion to 'ushort {aka short unsigned int}' from 'int' may alter its value [-Wconversion]
 inline QChar::QChar( uchar c, uchar r ) : ucs( (r << 8) | c )
                                                         ^
/usr/lib/qt3/include/qstring.h: In constructor 'QStringData::QStringData(QChar*, uint, uint)':
/usr/lib/qt3/include/qstring.h:365:94: warning: conversion to 'unsigned int:30' from 'uint {aka unsigned int}' may alter its value [-Wconversion]
         QShared(), unicode(u), ascii(0), len(l), issimpletext(FALSE), maxl(m), islatin1(FALSE) { }
                                                                                              ^
/usr/lib/qt3/include/qstring.h:365:94: warning: conversion to 'unsigned int:30' from 'uint {aka unsigned int}' may alter its value [-Wconversion]
In file included from /usr/lib/qt3/include/qobject.h:48:0,
                 from /usr/lib/qt3/include/qwidget.h:46,
                 from /usr/lib/qt3/include/qdesktopwidget.h:43,
                 from /usr/lib/qt3/include/qapplication.h:45,
                 from conftest.C:3:
/usr/lib/qt3/include/qevent.h: In constructor 'QContextMenuEvent::QContextMenuEvent(QContextMenuEvent::Reason, const QPoint&, const QPoint&, int)':
/usr/lib/qt3/include/qevent.h:432:33: warning: conversion to 'unsigned char' from 'uint {aka unsigned int}' may alter its value [-Wconversion]
  reas( reason ), s((ushort)state) {}
                                 ^
/usr/lib/qt3/include/qevent.h: In member function 'void QDropEvent::setAction(QDropEvent::Action)':
/usr/lib/qt3/include/qevent.h:523:38: warning: conversion to 'unsigned char' from 'uint {aka unsigned int}' may alter its value [-Wconversion]
     void setAction( Action a ) { act = (uint)a; }
                                      ^
In file included from /usr/lib/qt3/include/qwidget.h:52:0,
                 from /usr/lib/qt3/include/qdesktopwidget.h:43,
                 from /usr/lib/qt3/include/qapplication.h:45,
                 from conftest.C:3:
/usr/lib/qt3/include/qsizepolicy.h: In member function 'void QSizePolicy::transpose()':
/usr/lib/qt3/include/qsizepolicy.h:124:59: warning: conversion to 'uchar {aka unsigned char}' from 'uint {aka unsigned int}' may alter its value [-Wconversion]
     *this = QSizePolicy( verData(), horData(), verStretch(), horStretch(),
                                                           ^
/usr/lib/qt3/include/qsizepolicy.h:124:73: warning: conversion to 'uchar {aka unsigned char}' from 'uint {aka unsigned int}' may alter its value [-Wconversion]
     *this = QSizePolicy( verData(), horData(), verStretch(), horStretch(),
                                                                         ^
In file included from /usr/lib/qt3/include/qcstring.h:46:0,
                 from /usr/lib/qt3/include/qstring.h:45,
                 from /usr/lib/qt3/include/qwindowdefs.h:47,
                 from /usr/lib/qt3/include/qwidget.h:45,
                 from /usr/lib/qt3/include/qdesktopwidget.h:43,
                 from /usr/lib/qt3/include/qapplication.h:45,
                 from conftest.C:3:
/usr/lib/qt3/include/qmemarray.h: In instantiation of 'uint QMemArray<type>::size() const [with type = char; uint = unsigned int]':
/usr/lib/qt3/include/qcstring.h:126:58:   required from here
/usr/lib/qt3/include/qmemarray.h:69:63: warning: conversion to 'uint {aka unsigned int}' from 'long unsigned int' may alter its value [-Wconversion]
     uint  size()    const { return QGArray::size()/sizeof(type); }
                                                               ^
/usr/lib/qt3/include/qmemarray.h: In instantiation of 'QMemArray<type>& QMemArray<type>::duplicate(const type*, uint) [with type = char; uint = unsigned int]':
/usr/lib/qt3/include/qcstring.h:259:52:   required from here
/usr/lib/qt3/include/qmemarray.h:88:71: warning: conversion to 'uint {aka unsigned int}' from 'long unsigned int' may alter its value [-Wconversion]
  { return (QMemArray<type>&)QGArray::duplicate((char*)a,n*sizeof(type)); }
                                                                       ^
/usr/lib64/gcc/x86_64-suse-linux/4.8/../../../../x86_64-suse-linux/bin/ld: cannot find -lqt
collect2: error: ld returned 1 exit status
configure: failed program was:
#include "confdefs.h"
#include <qglobal.h>
#include <qapplication.h>
#include <qevent.h>
#include <qstring.h>
#include <qstyle.h>
#include <qiconview.h>
#if ! (QT_VERSION >= 222)
#error 1
#endif

int main() {
    QStringList *t = new QStringList();
    Q_UNUSED(t);
    QIconView iv(0);
    iv.setWordWrapIconText(false);
    QString s;
    s.setLatin1("Elvis is alive", 14);
    return 0;
}
