This file contains any messages produced by compilers while
running configure, to aid debugging if configure makes a mistake.

It was created by xclock configure 1.0.7, which was
generated by GNU Autoconf 2.68.  Invocation command line was

  $ ./configure 

## --------- ##
## Platform. ##
## --------- ##

hostname = LHD-11
uname -m = x86_64
uname -r = 4.3.0-1-default
uname -s = Linux
uname -v = #1 SMP PREEMPT Mon Nov 2 15:35:09 UTC 2015 (7b374a4)

/usr/bin/uname -p = x86_64
/bin/uname -X     = unknown

/bin/arch              = x86_64
/usr/bin/arch -k       = unknown
/usr/convex/getsysinfo = unknown
/usr/bin/hostinfo      = unknown
/bin/machine           = unknown
/usr/bin/oslevel       = unknown
/bin/universe          = unknown

PATH: /usr/local/bin
PATH: /usr/bin
PATH: /bin
PATH: /usr/bin/X11
PATH: /usr/games
PATH: /opt/kde3/bin
PATH: /usr/lib/mit/bin
PATH: /usr/lib/mit/sbin


## ----------- ##
## Core tests. ##
## ----------- ##

configure:2083: loading site script /usr/share/site/x86_64-unknown-linux-gnu
| #!/bin/sh
| # Site script for configure. It is resourced via $CONFIG_SITE environment varaible.
| 
| # If user did not specify libdir, guess the correct target:
| # Use lib64 for 64 bit bi-arch targets, keep the default for the rest.
| if test "$libdir" = '${exec_prefix}/lib' ; then
| 
| 	ac_config_site_64bit_host=NONE
| 
| 	case "$host" in
| 	"" )
| 		# User did not specify host target.
| 		# The native platform x86_64 is a bi-arch platform.
| 		# Try to detect cross-compilation to inferior architecture.
| 
| 		# We are trying to guess 32-bit target compilation. It's not as easy as
| 		# it sounds, as there is possible several intermediate combinations.
| 		ac_config_site_cross_to_32bit_host=NONE
| 
| 		# User defined -m32 in CFLAGS or CXXFLAGS or CC or CXX:
| 		# (It's sufficient for 32-bit, but alone may cause mis-behavior of some checks.)
| 		case "$CFLAGS $CXXFLAGS $CC $CXX" in
| 		*-m32*)
| 			ac_config_site_cross_to_32bit_host=YES
| 			;;
| 		esac
| 
| 		# Running with linux32:
| 		# (Changes detected platform, but not the toolchain target.)
| 		case "`/bin/uname -i`" in
| 		x86_64 | ppc64 | s390x )
| 			;;
| 		* )
| 			ac_config_site_cross_to_32bit_host=YES
| 			;;
| 		esac
| 
| 		if test "x$ac_config_site_cross_to_32bit_host" = xNONE; then
| 			ac_config_site_64bit_host=YES
| 		fi
| 
| 		;;
| 	*x86_64* | *ppc64* | *s390x* )
| 		ac_config_site_64bit_host=YES
| 		;;
| 	esac
| 
| 	if test "x$ac_config_site_64bit_host" = xYES; then
| 		libdir='${exec_prefix}/lib64'
| 	fi
| fi
| 
| # If user did not specify libexecdir, set the correct target:
| # Nor FHS nor openSUSE allow prefix/libexec. Let's default to prefix/lib.
| 
| if test "$libexecdir" = '${exec_prefix}/libexec' ; then
| 	libexecdir='${exec_prefix}/lib'
| fi
| 
| # Continue with the standard behavior of configure defined in AC_SITE_LOAD:
| if test "x$prefix" != xNONE; then
| 	ac_site_file1=$prefix/share/config.site
| 	ac_site_file2=$prefix/etc/config.site
| else
| 	ac_site_file1=$ac_default_prefix/share/config.site
| 	ac_site_file2=$ac_default_prefix/etc/config.site
| fi
| for ac_site_file in "$ac_site_file1" "$ac_site_file2"
| do
| 	test "x$ac_site_file" = xNONE && continue
| 	if test /dev/null != "$ac_site_file" && test -r "$ac_site_file"; then
| 		{ $as_echo "/usr/share/site/x86_64-unknown-linux-gnu:${as_lineno-$LINENO}: loading site script $ac_site_file" >&5
| $as_echo "/usr/share/site/x86_64-unknown-linux-gnu: loading site script $ac_site_file" >&6;}
| 		sed 's/^/| /' "$ac_site_file" >&5
| 		. "$ac_site_file" \
| 			|| { { $as_echo "/usr/share/site/x86_64-unknown-linux-gnu:${as_lineno-$LINENO}: error: in \`$ac_pwd':" >&5
| $as_echo "/usr/share/site/x86_64-unknown-linux-gnu: error: in \`$ac_pwd':" >&2;}
| as_fn_error $? "failed to load site script $ac_site_file
| See \`config.log' for more details" "$LINENO" 5; }
| 	fi
| done
configure:2224: checking for a BSD-compatible install
configure:2292: result: /usr/bin/install -c
configure:2303: checking whether build environment is sane
configure:2358: result: yes
configure:2509: checking for a thread-safe mkdir -p
configure:2548: result: /usr/bin/mkdir -p
configure:2555: checking for gawk
configure:2571: found /usr/bin/gawk
configure:2582: result: gawk
configure:2593: checking whether make sets $(MAKE)
configure:2615: result: yes
configure:2644: checking whether make supports nested variables
configure:2661: result: yes
configure:2787: checking whether to enable maintainer-specific portions of Makefiles
configure:2796: result: no
configure:2834: checking for style of include used by make
configure:2862: result: GNU
configure:2933: checking for gcc
configure:2949: found /usr/bin/gcc
configure:2960: result: gcc
configure:3189: checking for C compiler version
configure:3198: gcc --version >&5
gcc (SUSE Linux) 5.2.1 20151008 [gcc-5-branch revision 228597]
Copyright (C) 2015 Free Software Foundation, Inc.
This is free software; see the source for copying conditions.  There is NO
warranty; not even for MERCHANTABILITY or FITNESS FOR A PARTICULAR PURPOSE.

configure:3209: $? = 0
configure:3198: gcc -v >&5
Using built-in specs.
COLLECT_GCC=gcc
COLLECT_LTO_WRAPPER=/usr/lib64/gcc/x86_64-suse-linux/5/lto-wrapper
Target: x86_64-suse-linux
Configured with: ../configure --prefix=/usr --infodir=/usr/share/info --mandir=/usr/share/man --libdir=/usr/lib64 --libexecdir=/usr/lib64 --enable-languages=c,c++,objc,fortran,obj-c++,java,ada,go --enable-checking=release --with-gxx-include-dir=/usr/include/c++/5 --enable-ssp --disable-libssp --disable-libvtv --enable-libmpx --disable-plugin --with-bugurl=http://bugs.opensuse.org/ --with-pkgversion='SUSE Linux' --disable-libgcj --with-slibdir=/lib64 --with-system-zlib --enable-__cxa_atexit --enable-libstdcxx-allocator=new --disable-libstdcxx-pch --enable-version-specific-runtime-libs --enable-linker-build-id --enable-linux-futex --program-suffix=-5 --without-system-libunwind --enable-multilib --with-arch-32=i586 --with-tune=generic --build=x86_64-suse-linux --host=x86_64-suse-linux
Thread model: posix
gcc version 5.2.1 20151008 [gcc-5-branch revision 228597] (SUSE Linux) 
configure:3209: $? = 0
configure:3198: gcc -V >&5
gcc: error: unrecognized command line option '-V'
gcc: fatal error: no input files
compilation terminated.
configure:3209: $? = 1
configure:3198: gcc -qversion >&5
gcc: error: unrecognized command line option '-qversion'
gcc: fatal error: no input files
compilation terminated.
configure:3209: $? = 1
configure:3229: checking whether the C compiler works
configure:3251: gcc    conftest.c  >&5
configure:3255: $? = 0
configure:3303: result: yes
configure:3306: checking for C compiler default output file name
configure:3308: result: a.out
configure:3314: checking for suffix of executables
configure:3321: gcc -o conftest    conftest.c  >&5
configure:3325: $? = 0
configure:3347: result: 
configure:3369: checking whether we are cross compiling
configure:3377: gcc -o conftest    conftest.c  >&5
configure:3381: $? = 0
configure:3388: ./conftest
configure:3392: $? = 0
configure:3407: result: no
configure:3412: checking for suffix of object files
configure:3434: gcc -c   conftest.c >&5
configure:3438: $? = 0
configure:3459: result: o
configure:3463: checking whether we are using the GNU C compiler
configure:3482: gcc -c   conftest.c >&5
configure:3482: $? = 0
configure:3491: result: yes
configure:3500: checking whether gcc accepts -g
configure:3520: gcc -c -g  conftest.c >&5
configure:3520: $? = 0
configure:3561: result: yes
configure:3578: checking for gcc option to accept ISO C89
configure:3642: gcc  -c -g -O2  conftest.c >&5
configure:3642: $? = 0
configure:3655: result: none needed
configure:3680: checking whether gcc understands -c and -o together
configure:3702: gcc -c conftest.c -o conftest2.o
configure:3705: $? = 0
configure:3702: gcc -c conftest.c -o conftest2.o
configure:3705: $? = 0
configure:3717: result: yes
configure:3736: checking dependency style of gcc
configure:3847: result: gcc3
configure:3862: checking for gcc option to accept ISO C99
configure:4011: gcc  -c -g -O2  conftest.c >&5
configure:4011: $? = 0
configure:4024: result: none needed
configure:4045: checking how to run the C preprocessor
configure:4076: gcc -E  conftest.c
configure:4076: $? = 0
configure:4090: gcc -E  conftest.c
conftest.c:11:28: fatal error: ac_nonexistent.h: No such file or directory
compilation terminated.
configure:4090: $? = 1
configure: failed program was:
| /* confdefs.h */
| #define PACKAGE_NAME "xclock"
| #define PACKAGE_TARNAME "xclock"
| #define PACKAGE_VERSION "1.0.7"
| #define PACKAGE_STRING "xclock 1.0.7"
| #define PACKAGE_BUGREPORT "https://bugs.freedesktop.org/enter_bug.cgi?product=xorg"
| #define PACKAGE_URL ""
| #define PACKAGE "xclock"
| #define VERSION "1.0.7"
| /* end confdefs.h.  */
| #include <ac_nonexistent.h>
configure:4115: result: gcc -E
configure:4135: gcc -E  conftest.c
configure:4135: $? = 0
configure:4149: gcc -E  conftest.c
conftest.c:11:28: fatal error: ac_nonexistent.h: No such file or directory
compilation terminated.
configure:4149: $? = 1
configure: failed program was:
| /* confdefs.h */
| #define PACKAGE_NAME "xclock"
| #define PACKAGE_TARNAME "xclock"
| #define PACKAGE_VERSION "1.0.7"
| #define PACKAGE_STRING "xclock 1.0.7"
| #define PACKAGE_BUGREPORT "https://bugs.freedesktop.org/enter_bug.cgi?product=xorg"
| #define PACKAGE_URL ""
| #define PACKAGE "xclock"
| #define VERSION "1.0.7"
| /* end confdefs.h.  */
| #include <ac_nonexistent.h>
configure:4178: checking for grep that handles long lines and -e
configure:4236: result: /usr/bin/grep
configure:4241: checking for egrep
configure:4303: result: /usr/bin/grep -E
configure:4308: checking for ANSI C header files
configure:4328: gcc -c -g -O2  conftest.c >&5
configure:4328: $? = 0
configure:4401: gcc -o conftest -g -O2   conftest.c  >&5
configure:4401: $? = 0
configure:4401: ./conftest
configure:4401: $? = 0
configure:4412: result: yes
configure:4425: checking for sys/types.h
configure:4425: gcc -c -g -O2  conftest.c >&5
configure:4425: $? = 0
configure:4425: result: yes
configure:4425: checking for sys/stat.h
configure:4425: gcc -c -g -O2  conftest.c >&5
configure:4425: $? = 0
configure:4425: result: yes
configure:4425: checking for stdlib.h
configure:4425: gcc -c -g -O2  conftest.c >&5
configure:4425: $? = 0
configure:4425: result: yes
configure:4425: checking for string.h
configure:4425: gcc -c -g -O2  conftest.c >&5
configure:4425: $? = 0
configure:4425: result: yes
configure:4425: checking for memory.h
configure:4425: gcc -c -g -O2  conftest.c >&5
configure:4425: $? = 0
configure:4425: result: yes
configure:4425: checking for strings.h
configure:4425: gcc -c -g -O2  conftest.c >&5
configure:4425: $? = 0
configure:4425: result: yes
configure:4425: checking for inttypes.h
configure:4425: gcc -c -g -O2  conftest.c >&5
configure:4425: $? = 0
configure:4425: result: yes
configure:4425: checking for stdint.h
configure:4425: gcc -c -g -O2  conftest.c >&5
configure:4425: $? = 0
configure:4425: result: yes
configure:4425: checking for unistd.h
configure:4425: gcc -c -g -O2  conftest.c >&5
configure:4425: $? = 0
configure:4425: result: yes
configure:4441: checking whether __clang__ is declared
configure:4441: gcc -c -g -O2  conftest.c >&5
conftest.c: In function 'main':
conftest.c:61:10: error: '__clang__' undeclared (first use in this function)
   (void) __clang__;
          ^
conftest.c:61:10: note: each undeclared identifier is reported only once for each function it appears in
configure:4441: $? = 1
configure: failed program was:
| /* confdefs.h */
| #define PACKAGE_NAME "xclock"
| #define PACKAGE_TARNAME "xclock"
| #define PACKAGE_VERSION "1.0.7"
| #define PACKAGE_STRING "xclock 1.0.7"
| #define PACKAGE_BUGREPORT "https://bugs.freedesktop.org/enter_bug.cgi?product=xorg"
| #define PACKAGE_URL ""
| #define PACKAGE "xclock"
| #define VERSION "1.0.7"
| #define STDC_HEADERS 1
| #define HAVE_SYS_TYPES_H 1
| #define HAVE_SYS_STAT_H 1
| #define HAVE_STDLIB_H 1
| #define HAVE_STRING_H 1
| #define HAVE_MEMORY_H 1
| #define HAVE_STRINGS_H 1
| #define HAVE_INTTYPES_H 1
| #define HAVE_STDINT_H 1
| #define HAVE_UNISTD_H 1
| /* end confdefs.h.  */
| #include <stdio.h>
| #ifdef HAVE_SYS_TYPES_H
| # include <sys/types.h>
| #endif
| #ifdef HAVE_SYS_STAT_H
| # include <sys/stat.h>
| #endif
| #ifdef STDC_HEADERS
| # include <stdlib.h>
| # include <stddef.h>
| #else
| # ifdef HAVE_STDLIB_H
| #  include <stdlib.h>
| # endif
| #endif
| #ifdef HAVE_STRING_H
| # if !defined STDC_HEADERS && defined HAVE_MEMORY_H
| #  include <memory.h>
| # endif
| # include <string.h>
| #endif
| #ifdef HAVE_STRINGS_H
| # include <strings.h>
| #endif
| #ifdef HAVE_INTTYPES_H
| # include <inttypes.h>
| #endif
| #ifdef HAVE_STDINT_H
| # include <stdint.h>
| #endif
| #ifdef HAVE_UNISTD_H
| # include <unistd.h>
| #endif
| int
| main ()
| {
| #ifndef __clang__
| #ifdef __cplusplus
|   (void) __clang__;
| #else
|   (void) __clang__;
| #endif
| #endif
| 
|   ;
|   return 0;
| }
configure:4441: result: no
configure:4448: checking whether __INTEL_COMPILER is declared
configure:4448: gcc -c -g -O2  conftest.c >&5
conftest.c: In function 'main':
conftest.c:61:10: error: '__INTEL_COMPILER' undeclared (first use in this function)
   (void) __INTEL_COMPILER;
          ^
conftest.c:61:10: note: each undeclared identifier is reported only once for each function it appears in
configure:4448: $? = 1
configure: failed program was:
| /* confdefs.h */
| #define PACKAGE_NAME "xclock"
| #define PACKAGE_TARNAME "xclock"
| #define PACKAGE_VERSION "1.0.7"
| #define PACKAGE_STRING "xclock 1.0.7"
| #define PACKAGE_BUGREPORT "https://bugs.freedesktop.org/enter_bug.cgi?product=xorg"
| #define PACKAGE_URL ""
| #define PACKAGE "xclock"
| #define VERSION "1.0.7"
| #define STDC_HEADERS 1
| #define HAVE_SYS_TYPES_H 1
| #define HAVE_SYS_STAT_H 1
| #define HAVE_STDLIB_H 1
| #define HAVE_STRING_H 1
| #define HAVE_MEMORY_H 1
| #define HAVE_STRINGS_H 1
| #define HAVE_INTTYPES_H 1
| #define HAVE_STDINT_H 1
| #define HAVE_UNISTD_H 1
| /* end confdefs.h.  */
| #include <stdio.h>
| #ifdef HAVE_SYS_TYPES_H
| # include <sys/types.h>
| #endif
| #ifdef HAVE_SYS_STAT_H
| # include <sys/stat.h>
| #endif
| #ifdef STDC_HEADERS
| # include <stdlib.h>
| # include <stddef.h>
| #else
| # ifdef HAVE_STDLIB_H
| #  include <stdlib.h>
| # endif
| #endif
| #ifdef HAVE_STRING_H
| # if !defined STDC_HEADERS && defined HAVE_MEMORY_H
| #  include <memory.h>
| # endif
| # include <string.h>
| #endif
| #ifdef HAVE_STRINGS_H
| # include <strings.h>
| #endif
| #ifdef HAVE_INTTYPES_H
| # include <inttypes.h>
| #endif
| #ifdef HAVE_STDINT_H
| # include <stdint.h>
| #endif
| #ifdef HAVE_UNISTD_H
| # include <unistd.h>
| #endif
| int
| main ()
| {
| #ifndef __INTEL_COMPILER
| #ifdef __cplusplus
|   (void) __INTEL_COMPILER;
| #else
|   (void) __INTEL_COMPILER;
| #endif
| #endif
| 
|   ;
|   return 0;
| }
configure:4448: result: no
configure:4455: checking whether __SUNPRO_C is declared
configure:4455: gcc -c -g -O2  conftest.c >&5
conftest.c: In function 'main':
conftest.c:61:10: error: '__SUNPRO_C' undeclared (first use in this function)
   (void) __SUNPRO_C;
          ^
conftest.c:61:10: note: each undeclared identifier is reported only once for each function it appears in
configure:4455: $? = 1
configure: failed program was:
| /* confdefs.h */
| #define PACKAGE_NAME "xclock"
| #define PACKAGE_TARNAME "xclock"
| #define PACKAGE_VERSION "1.0.7"
| #define PACKAGE_STRING "xclock 1.0.7"
| #define PACKAGE_BUGREPORT "https://bugs.freedesktop.org/enter_bug.cgi?product=xorg"
| #define PACKAGE_URL ""
| #define PACKAGE "xclock"
| #define VERSION "1.0.7"
| #define STDC_HEADERS 1
| #define HAVE_SYS_TYPES_H 1
| #define HAVE_SYS_STAT_H 1
| #define HAVE_STDLIB_H 1
| #define HAVE_STRING_H 1
| #define HAVE_MEMORY_H 1
| #define HAVE_STRINGS_H 1
| #define HAVE_INTTYPES_H 1
| #define HAVE_STDINT_H 1
| #define HAVE_UNISTD_H 1
| /* end confdefs.h.  */
| #include <stdio.h>
| #ifdef HAVE_SYS_TYPES_H
| # include <sys/types.h>
| #endif
| #ifdef HAVE_SYS_STAT_H
| # include <sys/stat.h>
| #endif
| #ifdef STDC_HEADERS
| # include <stdlib.h>
| # include <stddef.h>
| #else
| # ifdef HAVE_STDLIB_H
| #  include <stdlib.h>
| # endif
| #endif
| #ifdef HAVE_STRING_H
| # if !defined STDC_HEADERS && defined HAVE_MEMORY_H
| #  include <memory.h>
| # endif
| # include <string.h>
| #endif
| #ifdef HAVE_STRINGS_H
| # include <strings.h>
| #endif
| #ifdef HAVE_INTTYPES_H
| # include <inttypes.h>
| #endif
| #ifdef HAVE_STDINT_H
| # include <stdint.h>
| #endif
| #ifdef HAVE_UNISTD_H
| # include <unistd.h>
| #endif
| int
| main ()
| {
| #ifndef __SUNPRO_C
| #ifdef __cplusplus
|   (void) __SUNPRO_C;
| #else
|   (void) __SUNPRO_C;
| #endif
| #endif
| 
|   ;
|   return 0;
| }
configure:4455: result: no
configure:4512: checking for pkg-config
configure:4530: found /usr/bin/pkg-config
configure:4542: result: /usr/bin/pkg-config
configure:4567: checking pkg-config is at least version 0.9.0
configure:4570: result: yes
configure:4583: checking build system type
configure:4597: result: x86_64-unknown-linux-gnu
configure:4617: checking host system type
configure:4630: result: x86_64-unknown-linux-gnu
configure:4650: checking for a sed that does not truncate output
configure:4714: result: /usr/bin/sed
configure:4760: checking if gcc supports -Werror=unknown-warning-option
configure:4769: gcc -c -g -O2 -Werror=unknown-warning-option  conftest.c >&5
cc1: error: -Werror=unknown-warning-option: no option -Wunknown-warning-option
configure:4769: $? = 1
configure: failed program was:
| /* confdefs.h */
| #define PACKAGE_NAME "xclock"
| #define PACKAGE_TARNAME "xclock"
| #define PACKAGE_VERSION "1.0.7"
| #define PACKAGE_STRING "xclock 1.0.7"
| #define PACKAGE_BUGREPORT "https://bugs.freedesktop.org/enter_bug.cgi?product=xorg"
| #define PACKAGE_URL ""
| #define PACKAGE "xclock"
| #define VERSION "1.0.7"
| #define STDC_HEADERS 1
| #define HAVE_SYS_TYPES_H 1
| #define HAVE_SYS_STAT_H 1
| #define HAVE_STDLIB_H 1
| #define HAVE_STRING_H 1
| #define HAVE_MEMORY_H 1
| #define HAVE_STRINGS_H 1
| #define HAVE_INTTYPES_H 1
| #define HAVE_STDINT_H 1
| #define HAVE_UNISTD_H 1
| /* end confdefs.h.  */
| int i;
configure:4776: result: no
configure:4787: checking if gcc supports -Werror=unused-command-line-argument
configure:4796: gcc -c -g -O2 -Werror=unused-command-line-argument  conftest.c >&5
cc1: error: -Werror=unused-command-line-argument: no option -Wunused-command-line-argument
configure:4796: $? = 1
configure: failed program was:
| /* confdefs.h */
| #define PACKAGE_NAME "xclock"
| #define PACKAGE_TARNAME "xclock"
| #define PACKAGE_VERSION "1.0.7"
| #define PACKAGE_STRING "xclock 1.0.7"
| #define PACKAGE_BUGREPORT "https://bugs.freedesktop.org/enter_bug.cgi?product=xorg"
| #define PACKAGE_URL ""
| #define PACKAGE "xclock"
| #define VERSION "1.0.7"
| #define STDC_HEADERS 1
| #define HAVE_SYS_TYPES_H 1
| #define HAVE_SYS_STAT_H 1
| #define HAVE_STDLIB_H 1
| #define HAVE_STRING_H 1
| #define HAVE_MEMORY_H 1
| #define HAVE_STRINGS_H 1
| #define HAVE_INTTYPES_H 1
| #define HAVE_STDINT_H 1
| #define HAVE_UNISTD_H 1
| /* end confdefs.h.  */
| int i;
configure:4803: result: no
configure:4822: checking if gcc supports -Wall
configure:4839: gcc -o conftest -g -O2 -Wall   conftest.c  >&5
configure:4839: $? = 0
configure:4852: result: yes
configure:4940: checking if gcc supports -Wpointer-arith
configure:4957: gcc -o conftest -g -O2 -Wpointer-arith   conftest.c  >&5
configure:4957: $? = 0
configure:4970: result: yes
configure:5058: checking if gcc supports -Wmissing-declarations
configure:5075: gcc -o conftest -g -O2 -Wmissing-declarations   conftest.c  >&5
configure:5075: $? = 0
configure:5088: result: yes
configure:5176: checking if gcc supports -Wformat=2
configure:5193: gcc -o conftest -g -O2 -Wformat=2   conftest.c  >&5
configure:5193: $? = 0
configure:5206: result: yes
configure:5345: checking if gcc supports -Wstrict-prototypes
configure:5362: gcc -o conftest -g -O2 -Wstrict-prototypes   conftest.c  >&5
conftest.c:23:1: warning: function declaration isn't a prototype [-Wstrict-prototypes]
 main ()
 ^
configure:5362: $? = 0
configure:5375: result: yes
configure:5463: checking if gcc supports -Wmissing-prototypes
configure:5480: gcc -o conftest -g -O2 -Wmissing-prototypes   conftest.c  >&5
configure:5480: $? = 0
configure:5493: result: yes
configure:5581: checking if gcc supports -Wnested-externs
configure:5598: gcc -o conftest -g -O2 -Wnested-externs   conftest.c  >&5
configure:5598: $? = 0
configure:5611: result: yes
configure:5699: checking if gcc supports -Wbad-function-cast
configure:5716: gcc -o conftest -g -O2 -Wbad-function-cast   conftest.c  >&5
configure:5716: $? = 0
configure:5729: result: yes
configure:5817: checking if gcc supports -Wold-style-definition
configure:5834: gcc -o conftest -g -O2 -Wold-style-definition   conftest.c  >&5
conftest.c: In function 'main':
conftest.c:23:1: warning: old-style function definition [-Wold-style-definition]
 main ()
 ^
configure:5834: $? = 0
configure:5847: result: yes
configure:5935: checking if gcc supports -Wdeclaration-after-statement
configure:5952: gcc -o conftest -g -O2 -Wdeclaration-after-statement   conftest.c  >&5
configure:5952: $? = 0
configure:5965: result: yes
configure:6057: checking if gcc supports -Wunused
configure:6074: gcc -o conftest -g -O2 -Wunused   conftest.c  >&5
configure:6074: $? = 0
configure:6087: result: yes
configure:6175: checking if gcc supports -Wuninitialized
configure:6192: gcc -o conftest -g -O2 -Wuninitialized   conftest.c  >&5
configure:6192: $? = 0
configure:6205: result: yes
configure:6293: checking if gcc supports -Wshadow
configure:6310: gcc -o conftest -g -O2 -Wshadow   conftest.c  >&5
configure:6310: $? = 0
configure:6323: result: yes
configure:6411: checking if gcc supports -Wcast-qual
configure:6428: gcc -o conftest -g -O2 -Wcast-qual   conftest.c  >&5
configure:6428: $? = 0
configure:6441: result: yes
configure:6529: checking if gcc supports -Wmissing-noreturn
configure:6546: gcc -o conftest -g -O2 -Wmissing-noreturn   conftest.c  >&5
configure:6546: $? = 0
configure:6559: result: yes
configure:6647: checking if gcc supports -Wmissing-format-attribute
configure:6664: gcc -o conftest -g -O2 -Wmissing-format-attribute   conftest.c  >&5
configure:6664: $? = 0
configure:6677: result: yes
configure:6765: checking if gcc supports -Wredundant-decls
configure:6782: gcc -o conftest -g -O2 -Wredundant-decls   conftest.c  >&5
configure:6782: $? = 0
configure:6795: result: yes
configure:6895: checking if gcc supports -Werror=implicit
configure:6912: gcc -o conftest -g -O2 -Werror=implicit   conftest.c  >&5
configure:6912: $? = 0
configure:6925: result: yes
configure:7062: checking if gcc supports -Werror=nonnull
configure:7079: gcc -o conftest -g -O2 -Werror=nonnull   conftest.c  >&5
configure:7079: $? = 0
configure:7092: result: yes
configure:7180: checking if gcc supports -Werror=init-self
configure:7197: gcc -o conftest -g -O2 -Werror=init-self   conftest.c  >&5
configure:7197: $? = 0
configure:7210: result: yes
configure:7298: checking if gcc supports -Werror=main
configure:7315: gcc -o conftest -g -O2 -Werror=main   conftest.c  >&5
configure:7315: $? = 0
configure:7328: result: yes
configure:7416: checking if gcc supports -Werror=missing-braces
configure:7433: gcc -o conftest -g -O2 -Werror=missing-braces   conftest.c  >&5
configure:7433: $? = 0
configure:7446: result: yes
configure:7534: checking if gcc supports -Werror=sequence-point
configure:7551: gcc -o conftest -g -O2 -Werror=sequence-point   conftest.c  >&5
configure:7551: $? = 0
configure:7564: result: yes
configure:7652: checking if gcc supports -Werror=return-type
configure:7669: gcc -o conftest -g -O2 -Werror=return-type   conftest.c  >&5
configure:7669: $? = 0
configure:7682: result: yes
configure:7819: checking if gcc supports -Werror=trigraphs
configure:7836: gcc -o conftest -g -O2 -Werror=trigraphs   conftest.c  >&5
configure:7836: $? = 0
configure:7849: result: yes
configure:7937: checking if gcc supports -Werror=array-bounds
configure:7954: gcc -o conftest -g -O2 -Werror=array-bounds   conftest.c  >&5
configure:7954: $? = 0
configure:7967: result: yes
configure:8055: checking if gcc supports -Werror=write-strings
configure:8072: gcc -o conftest -g -O2 -Werror=write-strings   conftest.c  >&5
configure:8072: $? = 0
configure:8085: result: yes
configure:8173: checking if gcc supports -Werror=address
configure:8190: gcc -o conftest -g -O2 -Werror=address   conftest.c  >&5
configure:8190: $? = 0
configure:8203: result: yes
configure:8291: checking if gcc supports -Werror=int-to-pointer-cast
configure:8308: gcc -o conftest -g -O2 -Werror=int-to-pointer-cast   conftest.c  >&5
configure:8308: $? = 0
configure:8321: result: yes
configure:8458: checking if gcc supports -Werror=pointer-to-int-cast
configure:8475: gcc -o conftest -g -O2 -Werror=pointer-to-int-cast   conftest.c  >&5
configure:8475: $? = 0
configure:8488: result: yes
configure:10146: checking if gcc supports -pedantic
configure:10163: gcc -o conftest -g -O2 -pedantic   conftest.c  >&5
configure:10163: $? = 0
configure:10176: result: yes
configure:10264: checking if gcc supports -Werror
configure:10281: gcc -o conftest -g -O2 -Werror   conftest.c  >&5
configure:10281: $? = 0
configure:10294: result: yes
configure:10434: checking if gcc supports -Werror=attributes
configure:10451: gcc -o conftest -g -O2 -Werror=attributes   conftest.c  >&5
configure:10451: $? = 0
configure:10464: result: yes
configure:10624: checking whether make supports nested variables
configure:10641: result: yes
configure:10662: checking for strlcpy
configure:10662: gcc -o conftest -g -O2   conftest.c  >&5
/tmp/ccEKijej.o: In function `main':
/home/clayton/Desktop/transparent-frame/xclock-1.0.7/conftest.c:58: undefined reference to `strlcpy'
collect2: error: ld returned 1 exit status
configure:10662: $? = 1
configure: failed program was:
| /* confdefs.h */
| #define PACKAGE_NAME "xclock"
| #define PACKAGE_TARNAME "xclock"
| #define PACKAGE_VERSION "1.0.7"
| #define PACKAGE_STRING "xclock 1.0.7"
| #define PACKAGE_BUGREPORT "https://bugs.freedesktop.org/enter_bug.cgi?product=xorg"
| #define PACKAGE_URL ""
| #define PACKAGE "xclock"
| #define VERSION "1.0.7"
| #define STDC_HEADERS 1
| #define HAVE_SYS_TYPES_H 1
| #define HAVE_SYS_STAT_H 1
| #define HAVE_STDLIB_H 1
| #define HAVE_STRING_H 1
| #define HAVE_MEMORY_H 1
| #define HAVE_STRINGS_H 1
| #define HAVE_INTTYPES_H 1
| #define HAVE_STDINT_H 1
| #define HAVE_UNISTD_H 1
| #define PACKAGE_VERSION_MAJOR 1
| #define PACKAGE_VERSION_MINOR 0
| #define PACKAGE_VERSION_PATCHLEVEL 7
| /* end confdefs.h.  */
| /* Define strlcpy to an innocuous variant, in case <limits.h> declares strlcpy.
|    For example, HP-UX 11i <limits.h> declares gettimeofday.  */
| #define strlcpy innocuous_strlcpy
| 
| /* System header to define __stub macros and hopefully few prototypes,
|     which can conflict with char strlcpy (); below.
|     Prefer <limits.h> to <assert.h> if __STDC__ is defined, since
|     <limits.h> exists even on freestanding compilers.  */
| 
| #ifdef __STDC__
| # include <limits.h>
| #else
| # include <assert.h>
| #endif
| 
| #undef strlcpy
| 
| /* Override any GCC internal prototype to avoid an error.
|    Use char because int might match the return type of a GCC
|    builtin and then its argument prototype would still apply.  */
| #ifdef __cplusplus
| extern "C"
| #endif
| char strlcpy ();
| /* The GNU C library defines this for functions which it implements
|     to always fail with ENOSYS.  Some functions are actually named
|     something starting with __ and the normal name is an alias.  */
| #if defined __stub_strlcpy || defined __stub___strlcpy
| choke me
| #endif
| 
| int
| main ()
| {
| return strlcpy ();
|   ;
|   return 0;
| }
configure:10662: result: no
configure:10662: checking for getpid
configure:10662: gcc -o conftest -g -O2   conftest.c  >&5
configure:10662: $? = 0
configure:10662: result: yes
configure:10712: checking for ld used by GCC
configure:10776: result: /usr/x86_64-suse-linux/bin/ld
configure:10783: checking if the linker (/usr/x86_64-suse-linux/bin/ld) is GNU ld
configure:10796: result: yes
configure:10803: checking for shared library run path origin
configure:10816: result: done
configure:11280: checking for iconv
configure:11302: gcc -o conftest -g -O2   conftest.c  >&5
configure:11302: $? = 0
configure:11334: result: yes
configure:11355: checking for iconv declaration
configure:11384: gcc -c -g -O2  conftest.c >&5
configure:11384: $? = 0
configure:11395: result: 
         extern size_t iconv (iconv_t cd, char * *inbuf, size_t *inbytesleft, char * *outbuf, size_t *outbytesleft);
configure:11408: checking for XCLOCK
configure:11415: $PKG_CONFIG --exists --print-errors "xaw7 xmu x11 xproto >= 7.0.17"
configure:11418: $? = 0
configure:11431: $PKG_CONFIG --exists --print-errors "xaw7 xmu x11 xproto >= 7.0.17"
configure:11434: $? = 0
configure:11488: result: yes
configure:11505: checking for XFT
configure:11512: $PKG_CONFIG --exists --print-errors "xrender xft"
configure:11515: $? = 0
configure:11528: $PKG_CONFIG --exists --print-errors "xrender xft"
configure:11531: $? = 0
configure:11585: result: yes
configure:11589: checking for library containing sqrt
configure:11620: gcc -o conftest -g -O2   conftest.c  >&5
conftest.c:34:6: warning: conflicting types for built-in function 'sqrt'
 char sqrt ();
      ^
/tmp/ccjICkcU.o: In function `main':
/home/clayton/Desktop/transparent-frame/xclock-1.0.7/conftest.c:38: undefined reference to `sqrt'
collect2: error: ld returned 1 exit status
configure:11620: $? = 1
configure: failed program was:
| /* confdefs.h */
| #define PACKAGE_NAME "xclock"
| #define PACKAGE_TARNAME "xclock"
| #define PACKAGE_VERSION "1.0.7"
| #define PACKAGE_STRING "xclock 1.0.7"
| #define PACKAGE_BUGREPORT "https://bugs.freedesktop.org/enter_bug.cgi?product=xorg"
| #define PACKAGE_URL ""
| #define PACKAGE "xclock"
| #define VERSION "1.0.7"
| #define STDC_HEADERS 1
| #define HAVE_SYS_TYPES_H 1
| #define HAVE_SYS_STAT_H 1
| #define HAVE_STDLIB_H 1
| #define HAVE_STRING_H 1
| #define HAVE_MEMORY_H 1
| #define HAVE_STRINGS_H 1
| #define HAVE_INTTYPES_H 1
| #define HAVE_STDINT_H 1
| #define HAVE_UNISTD_H 1
| #define PACKAGE_VERSION_MAJOR 1
| #define PACKAGE_VERSION_MINOR 0
| #define PACKAGE_VERSION_PATCHLEVEL 7
| #define HAVE_GETPID 1
| #define HAVE_ICONV 1
| #define ICONV_CONST 
| /* end confdefs.h.  */
| 
| /* Override any GCC internal prototype to avoid an error.
|    Use char because int might match the return type of a GCC
|    builtin and then its argument prototype would still apply.  */
| #ifdef __cplusplus
| extern "C"
| #endif
| char sqrt ();
| int
| main ()
| {
| return sqrt ();
|   ;
|   return 0;
| }
configure:11620: gcc -o conftest -g -O2   conftest.c -lm   >&5
conftest.c:34:6: warning: conflicting types for built-in function 'sqrt'
 char sqrt ();
      ^
configure:11620: $? = 0
configure:11637: result: -lm
configure:11666: checking for XKB
configure:11673: $PKG_CONFIG --exists --print-errors "xkbfile"
configure:11676: $? = 0
configure:11689: $PKG_CONFIG --exists --print-errors "xkbfile"
configure:11692: $? = 0
configure:11746: result: yes
configure:11760: checking for APPDEFS
configure:11767: $PKG_CONFIG --exists --print-errors "xt"
configure:11770: $? = 0
configure:11783: $PKG_CONFIG --exists --print-errors "xt"
configure:11786: $? = 0
configure:11840: result: yes
configure:11966: checking that generated files are newer than configure
configure:11972: result: done
configure:11999: creating ./config.status

## ---------------------- ##
## Running config.status. ##
## ---------------------- ##

This file was extended by xclock config.status 1.0.7, which was
generated by GNU Autoconf 2.68.  Invocation command line was

  CONFIG_FILES    = 
  CONFIG_HEADERS  = 
  CONFIG_LINKS    = 
  CONFIG_COMMANDS = 
  $ ./config.status 

on LHD-11

config.status:928: creating Makefile
config.status:928: creating man/Makefile
config.status:928: creating config.h
config.status:1157: executing depfiles commands

## ---------------- ##
## Cache variables. ##
## ---------------- ##

ac_cv_build=x86_64-unknown-linux-gnu
ac_cv_c_compiler_gnu=yes
ac_cv_env_APPDEFS_CFLAGS_set=
ac_cv_env_APPDEFS_CFLAGS_value=
ac_cv_env_APPDEFS_LIBS_set=
ac_cv_env_APPDEFS_LIBS_value=
ac_cv_env_CC_set=
ac_cv_env_CC_value=
ac_cv_env_CFLAGS_set=
ac_cv_env_CFLAGS_value=
ac_cv_env_CPPFLAGS_set=
ac_cv_env_CPPFLAGS_value=
ac_cv_env_CPP_set=
ac_cv_env_CPP_value=
ac_cv_env_LDFLAGS_set=
ac_cv_env_LDFLAGS_value=
ac_cv_env_LIBS_set=
ac_cv_env_LIBS_value=
ac_cv_env_PKG_CONFIG_set=
ac_cv_env_PKG_CONFIG_value=
ac_cv_env_XCLOCK_CFLAGS_set=
ac_cv_env_XCLOCK_CFLAGS_value=
ac_cv_env_XCLOCK_LIBS_set=
ac_cv_env_XCLOCK_LIBS_value=
ac_cv_env_XFT_CFLAGS_set=
ac_cv_env_XFT_CFLAGS_value=
ac_cv_env_XFT_LIBS_set=
ac_cv_env_XFT_LIBS_value=
ac_cv_env_XKB_CFLAGS_set=
ac_cv_env_XKB_CFLAGS_value=
ac_cv_env_XKB_LIBS_set=
ac_cv_env_XKB_LIBS_value=
ac_cv_env_build_alias_set=
ac_cv_env_build_alias_value=
ac_cv_env_host_alias_set=
ac_cv_env_host_alias_value=
ac_cv_env_target_alias_set=
ac_cv_env_target_alias_value=
ac_cv_func_getpid=yes
ac_cv_func_strlcpy=no
ac_cv_have_decl___INTEL_COMPILER=no
ac_cv_have_decl___SUNPRO_C=no
ac_cv_have_decl___clang__=no
ac_cv_header_inttypes_h=yes
ac_cv_header_memory_h=yes
ac_cv_header_stdc=yes
ac_cv_header_stdint_h=yes
ac_cv_header_stdlib_h=yes
ac_cv_header_string_h=yes
ac_cv_header_strings_h=yes
ac_cv_header_sys_stat_h=yes
ac_cv_header_sys_types_h=yes
ac_cv_header_unistd_h=yes
ac_cv_host=x86_64-unknown-linux-gnu
ac_cv_objext=o
ac_cv_path_EGREP='/usr/bin/grep -E'
ac_cv_path_GREP=/usr/bin/grep
ac_cv_path_SED=/usr/bin/sed
ac_cv_path_ac_pt_PKG_CONFIG=/usr/bin/pkg-config
ac_cv_path_install='/usr/bin/install -c'
ac_cv_path_mkdir=/usr/bin/mkdir
ac_cv_prog_AWK=gawk
ac_cv_prog_CPP='gcc -E'
ac_cv_prog_ac_ct_CC=gcc
ac_cv_prog_cc_c89=
ac_cv_prog_cc_c99=
ac_cv_prog_cc_g=yes
ac_cv_prog_make_make_set=yes
ac_cv_search_sqrt=-lm
acl_cv_hardcode_direct=no
acl_cv_hardcode_libdir_flag_spec='${wl}-rpath ${wl}$libdir'
acl_cv_hardcode_libdir_separator=
acl_cv_hardcode_minus_L=no
acl_cv_libext=a
acl_cv_libname_spec='lib$name'
acl_cv_library_names_spec='$libname$shrext'
acl_cv_path_LD=/usr/x86_64-suse-linux/bin/ld
acl_cv_prog_gnu_ld=yes
acl_cv_rpath=done
acl_cv_shlibext=so
acl_cv_wl=-Wl,
am_cv_CC_dependencies_compiler_type=gcc3
am_cv_func_iconv=yes
am_cv_lib_iconv=no
am_cv_make_support_nested_variables=yes
am_cv_prog_cc_c_o=yes
am_cv_proto_iconv='extern size_t iconv (iconv_t cd, char * *inbuf, size_t *inbytesleft, char * *outbuf, size_t *outbytesleft);'
am_cv_proto_iconv_arg1=
pkg_cv_APPDEFS_CFLAGS=
pkg_cv_APPDEFS_LIBS='-lXt -lX11'
pkg_cv_XCLOCK_CFLAGS=
pkg_cv_XCLOCK_LIBS='-lXaw7 -lXmu -lXt -lX11'
pkg_cv_XFT_CFLAGS=-I/usr/include/freetype2
pkg_cv_XFT_LIBS='-lXrender -lX11 -lXft'
pkg_cv_XKB_CFLAGS=
pkg_cv_XKB_LIBS=-lxkbfile
xorg_cv_cc_flag__Wall=yes
xorg_cv_cc_flag__Wbad_function_cast=yes
xorg_cv_cc_flag__Wcast_qual=yes
xorg_cv_cc_flag__Wdeclaration_after_statement=yes
xorg_cv_cc_flag__Werror=yes
xorg_cv_cc_flag__Werror_address=yes
xorg_cv_cc_flag__Werror_array_bounds=yes
xorg_cv_cc_flag__Werror_attributes=yes
xorg_cv_cc_flag__Werror_implicit=yes
xorg_cv_cc_flag__Werror_init_self=yes
xorg_cv_cc_flag__Werror_int_to_pointer_cast=yes
xorg_cv_cc_flag__Werror_main=yes
xorg_cv_cc_flag__Werror_missing_braces=yes
xorg_cv_cc_flag__Werror_nonnull=yes
xorg_cv_cc_flag__Werror_pointer_to_int_cast=yes
xorg_cv_cc_flag__Werror_return_type=yes
xorg_cv_cc_flag__Werror_sequence_point=yes
xorg_cv_cc_flag__Werror_trigraphs=yes
xorg_cv_cc_flag__Werror_write_strings=yes
xorg_cv_cc_flag__Wformat_2=yes
xorg_cv_cc_flag__Wmissing_declarations=yes
xorg_cv_cc_flag__Wmissing_format_attribute=yes
xorg_cv_cc_flag__Wmissing_noreturn=yes
xorg_cv_cc_flag__Wmissing_prototypes=yes
xorg_cv_cc_flag__Wnested_externs=yes
xorg_cv_cc_flag__Wold_style_definition=yes
xorg_cv_cc_flag__Wpointer_arith=yes
xorg_cv_cc_flag__Wredundant_decls=yes
xorg_cv_cc_flag__Wshadow=yes
xorg_cv_cc_flag__Wstrict_prototypes=yes
xorg_cv_cc_flag__Wuninitialized=yes
xorg_cv_cc_flag__Wunused=yes
xorg_cv_cc_flag__pedantic=yes
xorg_cv_cc_flag_unknown_warning_option=no
xorg_cv_cc_flag_unused_command_line_argument=no

## ----------------- ##
## Output variables. ##
## ----------------- ##

ACLOCAL='${SHELL} /home/clayton/Desktop/transparent-frame/xclock-1.0.7/missing aclocal-1.14'
ADMIN_MAN_DIR='$(mandir)/man$(ADMIN_MAN_SUFFIX)'
ADMIN_MAN_SUFFIX='8'
AMDEPBACKSLASH='\'
AMDEP_FALSE='#'
AMDEP_TRUE=''
AMTAR='$${TAR-tar}'
AM_BACKSLASH='\'
AM_DEFAULT_V='$(AM_DEFAULT_VERBOSITY)'
AM_DEFAULT_VERBOSITY='0'
AM_V='$(V)'
APPDEFS_CFLAGS=''
APPDEFS_LIBS='-lXt -lX11'
APP_MAN_DIR='$(mandir)/man$(APP_MAN_SUFFIX)'
APP_MAN_SUFFIX='1'
AUTOCONF='${SHELL} /home/clayton/Desktop/transparent-frame/xclock-1.0.7/missing autoconf'
AUTOHEADER='${SHELL} /home/clayton/Desktop/transparent-frame/xclock-1.0.7/missing autoheader'
AUTOMAKE='${SHELL} /home/clayton/Desktop/transparent-frame/xclock-1.0.7/missing automake-1.14'
AWK='gawk'
BASE_CFLAGS=' -Wall -Wpointer-arith -Wmissing-declarations -Wformat=2 -Wstrict-prototypes -Wmissing-prototypes -Wnested-externs -Wbad-function-cast -Wold-style-definition -Wdeclaration-after-statement -Wunused -Wuninitialized -Wshadow -Wcast-qual -Wmissing-noreturn -Wmissing-format-attribute -Wredundant-decls -Werror=implicit -Werror=nonnull -Werror=init-self -Werror=main -Werror=missing-braces -Werror=sequence-point -Werror=return-type -Werror=trigraphs -Werror=array-bounds -Werror=write-strings -Werror=address -Werror=int-to-pointer-cast -Werror=pointer-to-int-cast'
CC='gcc'
CCDEPMODE='depmode=gcc3'
CFLAGS='-g -O2'
CHANGELOG_CMD='(GIT_DIR=$(top_srcdir)/.git git log > $(top_srcdir)/.changelog.tmp && mv $(top_srcdir)/.changelog.tmp $(top_srcdir)/ChangeLog) || (rm -f $(top_srcdir)/.changelog.tmp; touch $(top_srcdir)/ChangeLog; echo '\''git directory not found: installing possibly empty changelog.'\'' >&2)'
CPP='gcc -E'
CPPFLAGS=''
CWARNFLAGS=' -Wall -Wpointer-arith -Wmissing-declarations -Wformat=2 -Wstrict-prototypes -Wmissing-prototypes -Wnested-externs -Wbad-function-cast -Wold-style-definition -Wdeclaration-after-statement -Wunused -Wuninitialized -Wshadow -Wcast-qual -Wmissing-noreturn -Wmissing-format-attribute -Wredundant-decls -Werror=implicit -Werror=nonnull -Werror=init-self -Werror=main -Werror=missing-braces -Werror=sequence-point -Werror=return-type -Werror=trigraphs -Werror=array-bounds -Werror=write-strings -Werror=address -Werror=int-to-pointer-cast -Werror=pointer-to-int-cast -fno-strict-aliasing'
CYGPATH_W='echo'
DEFS='-DHAVE_CONFIG_H'
DEPDIR='.deps'
DRIVER_MAN_DIR='$(mandir)/man$(DRIVER_MAN_SUFFIX)'
DRIVER_MAN_SUFFIX='4'
ECHO_C=''
ECHO_N='-n'
ECHO_T=''
EGREP='/usr/bin/grep -E'
EXEEXT=''
FILE_MAN_DIR='$(mandir)/man$(FILE_MAN_SUFFIX)'
FILE_MAN_SUFFIX='5'
GREP='/usr/bin/grep'
INSTALL_CMD='(cp -f /INSTALL $(top_srcdir)/.INSTALL.tmp && mv $(top_srcdir)/.INSTALL.tmp $(top_srcdir)/INSTALL) || (rm -f $(top_srcdir)/.INSTALL.tmp; touch $(top_srcdir)/INSTALL; echo '\''util-macros "pkgdatadir" from xorg-macros.pc not found: installing possibly empty INSTALL.'\'' >&2)'
INSTALL_DATA='${INSTALL} -m 644'
INSTALL_PROGRAM='${INSTALL}'
INSTALL_SCRIPT='${INSTALL}'
INSTALL_STRIP_PROGRAM='$(install_sh) -c -s'
LDFLAGS=''
LIBICONV=''
LIBOBJS=''
LIBS='-lm '
LIB_MAN_DIR='$(mandir)/man$(LIB_MAN_SUFFIX)'
LIB_MAN_SUFFIX='3'
LTLIBICONV=''
LTLIBOBJS=''
MAINT='#'
MAINTAINER_MODE_FALSE=''
MAINTAINER_MODE_TRUE='#'
MAKEINFO='${SHELL} /home/clayton/Desktop/transparent-frame/xclock-1.0.7/missing makeinfo'
MAN_SUBSTS='	-e '\''s|__vendorversion__|"$(PACKAGE_STRING)" "$(XORG_MAN_PAGE)"|'\'' 	-e '\''s|__xorgversion__|"$(PACKAGE_STRING)" "$(XORG_MAN_PAGE)"|'\'' 	-e '\''s|__xservername__|Xorg|g'\'' 	-e '\''s|__xconfigfile__|xorg.conf|g'\'' 	-e '\''s|__projectroot__|$(prefix)|g'\'' 	-e '\''s|__apploaddir__|$(appdefaultdir)|g'\'' 	-e '\''s|__appmansuffix__|$(APP_MAN_SUFFIX)|g'\'' 	-e '\''s|__drivermansuffix__|$(DRIVER_MAN_SUFFIX)|g'\'' 	-e '\''s|__adminmansuffix__|$(ADMIN_MAN_SUFFIX)|g'\'' 	-e '\''s|__libmansuffix__|$(LIB_MAN_SUFFIX)|g'\'' 	-e '\''s|__miscmansuffix__|$(MISC_MAN_SUFFIX)|g'\'' 	-e '\''s|__filemansuffix__|$(FILE_MAN_SUFFIX)|g'\'''
MISC_MAN_DIR='$(mandir)/man$(MISC_MAN_SUFFIX)'
MISC_MAN_SUFFIX='7'
MKDIR_P='/usr/bin/mkdir -p'
OBJEXT='o'
PACKAGE='xclock'
PACKAGE_BUGREPORT='https://bugs.freedesktop.org/enter_bug.cgi?product=xorg'
PACKAGE_NAME='xclock'
PACKAGE_STRING='xclock 1.0.7'
PACKAGE_TARNAME='xclock'
PACKAGE_URL=''
PACKAGE_VERSION='1.0.7'
PATH_SEPARATOR=':'
PKG_CONFIG='/usr/bin/pkg-config'
SED='/usr/bin/sed'
SET_MAKE=''
SHELL='/bin/sh'
STRICT_CFLAGS=' -pedantic -Werror -Werror=attributes'
STRIP=''
VERSION='1.0.7'
XCLOCK_CFLAGS=' -I/usr/include/freetype2 '
XCLOCK_LIBS='-lXaw7 -lXmu -lXt -lX11  -lXrender -lX11 -lXft -lxkbfile'
XFT_CFLAGS='-I/usr/include/freetype2'
XFT_LIBS='-lXrender -lX11 -lXft'
XKB_CFLAGS=''
XKB_LIBS='-lxkbfile'
XORG_MAN_PAGE='X Version 11'
ac_ct_CC='gcc'
am__EXEEXT_FALSE=''
am__EXEEXT_TRUE='#'
am__fastdepCC_FALSE='#'
am__fastdepCC_TRUE=''
am__include='include'
am__isrc=''
am__leading_dot='.'
am__nodep='_no'
am__quote=''
am__tar='$${TAR-tar} chof - "$$tardir"'
am__untar='$${TAR-tar} xf -'
appdefaultdir='/usr/share/X11/app-defaults'
bindir='${exec_prefix}/bin'
build='x86_64-unknown-linux-gnu'
build_alias=''
build_cpu='x86_64'
build_os='linux-gnu'
build_vendor='unknown'
datadir='${datarootdir}'
datarootdir='${prefix}/share'
docdir='${datarootdir}/doc/${PACKAGE_TARNAME}'
dvidir='${docdir}'
exec_prefix='${prefix}'
host='x86_64-unknown-linux-gnu'
host_alias=''
host_cpu='x86_64'
host_os='linux-gnu'
host_vendor='unknown'
htmldir='${docdir}'
includedir='${prefix}/include'
infodir='${datarootdir}/info'
install_sh='${SHELL} /home/clayton/Desktop/transparent-frame/xclock-1.0.7/install-sh'
libdir='${exec_prefix}/lib64'
libexecdir='${exec_prefix}/lib'
localedir='${datarootdir}/locale'
localstatedir='${prefix}/var'
mandir='${datarootdir}/man'
mkdir_p='$(MKDIR_P)'
oldincludedir='/usr/include'
pdfdir='${docdir}'
prefix='/usr/local'
program_transform_name='s,x,x,'
psdir='${docdir}'
sbindir='${exec_prefix}/sbin'
sharedstatedir='${prefix}/com'
sysconfdir='${prefix}/etc'
target_alias=''

## ----------- ##
## confdefs.h. ##
## ----------- ##

/* confdefs.h */
#define PACKAGE_NAME "xclock"
#define PACKAGE_TARNAME "xclock"
#define PACKAGE_VERSION "1.0.7"
#define PACKAGE_STRING "xclock 1.0.7"
#define PACKAGE_BUGREPORT "https://bugs.freedesktop.org/enter_bug.cgi?product=xorg"
#define PACKAGE_URL ""
#define PACKAGE "xclock"
#define VERSION "1.0.7"
#define STDC_HEADERS 1
#define HAVE_SYS_TYPES_H 1
#define HAVE_SYS_STAT_H 1
#define HAVE_STDLIB_H 1
#define HAVE_STRING_H 1
#define HAVE_MEMORY_H 1
#define HAVE_STRINGS_H 1
#define HAVE_INTTYPES_H 1
#define HAVE_STDINT_H 1
#define HAVE_UNISTD_H 1
#define PACKAGE_VERSION_MAJOR 1
#define PACKAGE_VERSION_MINOR 0
#define PACKAGE_VERSION_PATCHLEVEL 7
#define HAVE_GETPID 1
#define HAVE_ICONV 1
#define ICONV_CONST 
#define XRENDER 1
#define XFREE86_FT2 1
#define XKB 1

configure: exit 0
