This file contains any messages produced by compilers while
running configure, to aid debugging if configure makes a mistake.

It was created by configure, which was
generated by GNU Autoconf 2.69.  Invocation command line was

  $ ./configure 

## --------- ##
## Platform. ##
## --------- ##

hostname = linux-9ead
uname -m = x86_64
uname -r = 3.11.10-21-desktop
uname -s = Linux
uname -v = #1 SMP PREEMPT Mon Jul 21 15:28:46 UTC 2014 (9a9565d)

/usr/bin/uname -p = x86_64
/bin/uname -X     = unknown

/bin/arch              = x86_64
/usr/bin/arch -k       = unknown
/usr/convex/getsysinfo = unknown
/usr/bin/hostinfo      = unknown
/bin/machine           = unknown
/usr/bin/oslevel       = unknown
/bin/universe          = unknown

PATH: /usr/lib64/mpi/gcc/openmpi/bin
PATH: /usr/local/bin
PATH: /usr/bin
PATH: /bin
PATH: /usr/bin/X11
PATH: /usr/X11R6/bin
PATH: /usr/games
PATH: /opt/kde3/bin
PATH: /usr/lib/mit/bin
PATH: /usr/lib/mit/sbin
PATH: /usr/lib/qt3/bin


## ----------- ##
## Core tests. ##
## ----------- ##

configure:2365: loading site script /usr/share/site/x86_64-unknown-linux-gnu
| #!/bin/sh
| # Site script for configure. It is resourced via $CONFIG_SITE environment varaible.
| 
| # If user did not specify libdir, guess the correct target:
| # Use lib64 for 64 bit bi-arch targets, keep the default for the rest.
| if test "$libdir" = '${exec_prefix}/lib' ; then
| 
| 	ac_config_site_64bit_host=NONE
| 
| 	case "$host" in
| 	"" )
| 		# User did not specify host target.
| 		# The native platform x86_64 is a bi-arch platform.
| 		# Try to detect cross-compilation to inferior architecture.
| 
| 		# We are trying to guess 32-bit target compilation. It's not as easy as
| 		# it sounds, as there is possible several intermediate combinations.
| 		ac_config_site_cross_to_32bit_host=NONE
| 
| 		# User defined -m32 in CFLAGS or CXXFLAGS:
| 		# (It's sufficient for 32-bit, but alone may cause mis-behavior of some checks.)
| 		case "$CFLAGS" in
| 		*-m32*)
| 			ac_config_site_cross_to_32bit_host=YES
| 			;;
| 		esac
| 		case "$CXXFLAGS" in
| 		*-m32*)
| 			ac_config_site_cross_to_32bit_host=YES
| 			;;
| 		esac
| 
| 		# Running with linux32:
| 		# (Changes detected platform, but not the toolchain target.)
| 		case "`/bin/uname -i`" in
| 		x86_64 | ppc64 | s390x )
| 			;;
| 		* )
| 			ac_config_site_cross_to_32bit_host=YES
| 			;;
| 		esac
| 
| 		if test "x$ac_config_site_cross_to_32bit_host" = xNONE; then
| 			ac_config_site_64bit_host=YES
| 		fi
| 
| 		;;
| 	*x86_64* | *ppc64* | *s390x* )
| 		ac_config_site_64bit_host=YES
| 		;;
| 	esac
| 
| 	if test "x$ac_config_site_64bit_host" = xYES; then
| 		libdir='${exec_prefix}/lib64'
| 	fi
| fi
| 
| # If user did not specify libexecdir, set the correct target:
| # Nor FHS nor openSUSE allow prefix/libexec. Let's default to prefix/lib.
| 
| if test "$libexecdir" = '${exec_prefix}/libexec' ; then
| 	libexecdir='${exec_prefix}/lib'
| fi
| 
| # Continue with the standard behavior of configure defined in AC_SITE_LOAD:
| if test "x$prefix" != xNONE; then
| 	ac_site_file1=$prefix/share/config.site
| 	ac_site_file2=$prefix/etc/config.site
| else
| 	ac_site_file1=$ac_default_prefix/share/config.site
| 	ac_site_file2=$ac_default_prefix/etc/config.site
| fi
| for ac_site_file in "$ac_site_file1" "$ac_site_file2"
| do
| 	test "x$ac_site_file" = xNONE && continue
| 	if test /dev/null != "$ac_site_file" && test -r "$ac_site_file"; then
| 		{ $as_echo "/usr/share/site/x86_64-unknown-linux-gnu:${as_lineno-$LINENO}: loading site script $ac_site_file" >&5
| $as_echo "/usr/share/site/x86_64-unknown-linux-gnu: loading site script $ac_site_file" >&6;}
| 		sed 's/^/| /' "$ac_site_file" >&5
| 		. "$ac_site_file" \
| 			|| { { $as_echo "/usr/share/site/x86_64-unknown-linux-gnu:${as_lineno-$LINENO}: error: in \`$ac_pwd':" >&5
| $as_echo "/usr/share/site/x86_64-unknown-linux-gnu: error: in \`$ac_pwd':" >&2;}
| as_fn_error $? "failed to load site script $ac_site_file
| See \`config.log' for more details" "$LINENO" 5; }
| 	fi
| done
configure:2513: checking for a BSD-compatible install
configure:2581: result: /usr/bin/install -c
configure:2592: checking whether build environment is sane
configure:2647: result: yes
configure:2798: checking for a thread-safe mkdir -p
configure:2837: result: /usr/bin/mkdir -p
configure:2844: checking for gawk
configure:2860: found /usr/bin/gawk
configure:2871: result: gawk
configure:2882: checking whether make sets $(MAKE)
configure:2904: result: yes
configure:2933: checking whether make supports nested variables
configure:2950: result: yes
configure:3056: checking whether to enable maintainer-specific portions of Makefiles
configure:3065: result: no
configure:3127: checking for gcc
configure:3143: found /usr/bin/gcc
configure:3154: result: gcc
configure:3383: checking for C compiler version
configure:3392: gcc --version >&5
gcc (SUSE Linux) 4.8.1 20130909 [gcc-4_8-branch revision 202388]
Copyright (C) 2013 Free Software Foundation, Inc.
This is free software; see the source for copying conditions.  There is NO
warranty; not even for MERCHANTABILITY or FITNESS FOR A PARTICULAR PURPOSE.

configure:3403: $? = 0
configure:3392: gcc -v >&5
Using built-in specs.
COLLECT_GCC=gcc
COLLECT_LTO_WRAPPER=/usr/lib64/gcc/x86_64-suse-linux/4.8/lto-wrapper
Target: x86_64-suse-linux
Configured with: ../configure --prefix=/usr --infodir=/usr/share/info --mandir=/usr/share/man --libdir=/usr/lib64 --libexecdir=/usr/lib64 --enable-languages=c,c++,objc,fortran,obj-c++,java,ada --enable-checking=release --with-gxx-include-dir=/usr/include/c++/4.8 --enable-ssp --disable-libssp --disable-plugin --with-bugurl=http://bugs.opensuse.org/ --with-pkgversion='SUSE Linux' --disable-libgcj --disable-libmudflap --with-slibdir=/lib64 --with-system-zlib --enable-__cxa_atexit --enable-libstdcxx-allocator=new --disable-libstdcxx-pch --enable-version-specific-runtime-libs --enable-linker-build-id --program-suffix=-4.8 --enable-linux-futex --without-system-libunwind --with-arch-32=i586 --with-tune=generic --build=x86_64-suse-linux
Thread model: posix
gcc version 4.8.1 20130909 [gcc-4_8-branch revision 202388] (SUSE Linux) 
configure:3403: $? = 0
configure:3392: gcc -V >&5
gcc: error: unrecognized command line option '-V'
gcc: fatal error: no input files
compilation terminated.
configure:3403: $? = 1
configure:3392: gcc -qversion >&5
gcc: error: unrecognized command line option '-qversion'
gcc: fatal error: no input files
compilation terminated.
configure:3403: $? = 1
configure:3423: checking whether the C compiler works
configure:3445: gcc    conftest.c  >&5
configure:3449: $? = 0
configure:3497: result: yes
configure:3500: checking for C compiler default output file name
configure:3502: result: a.out
configure:3508: checking for suffix of executables
configure:3515: gcc -o conftest    conftest.c  >&5
configure:3519: $? = 0
configure:3541: result: 
configure:3563: checking whether we are cross compiling
configure:3571: gcc -o conftest    conftest.c  >&5
configure:3575: $? = 0
configure:3582: ./conftest
configure:3586: $? = 0
configure:3601: result: no
configure:3606: checking for suffix of object files
configure:3628: gcc -c   conftest.c >&5
configure:3632: $? = 0
configure:3653: result: o
configure:3657: checking whether we are using the GNU C compiler
configure:3676: gcc -c   conftest.c >&5
configure:3676: $? = 0
configure:3685: result: yes
configure:3694: checking whether gcc accepts -g
configure:3714: gcc -c -g  conftest.c >&5
configure:3714: $? = 0
configure:3755: result: yes
configure:3772: checking for gcc option to accept ISO C89
configure:3835: gcc  -c -g -O2  conftest.c >&5
configure:3835: $? = 0
configure:3848: result: none needed
configure:3879: checking for style of include used by make
configure:3907: result: GNU
configure:3933: checking dependency style of gcc
configure:4044: result: gcc3
configure:4061: checking for library containing strerror
configure:4092: gcc -o conftest -g -O2   conftest.c  >&5
configure:4092: $? = 0
configure:4109: result: none required
configure:4188: checking whether gcc understands -Wall
configure:4201: gcc -c -g -O2 -Wall  conftest.c >&5
configure:4201: $? = 0
configure:4208: result: yes
configure:4188: checking whether gcc understands -Wstrict-prototypes
configure:4201: gcc -c -g -O2 -Wstrict-prototypes  conftest.c >&5
conftest.c:13:1: warning: function declaration isn't a prototype [-Wstrict-prototypes]
 main ()
 ^
configure:4201: $? = 0
configure:4208: result: yes
configure:4188: checking whether gcc understands -Wnested-externs
configure:4201: gcc -c -g -O2 -Wnested-externs  conftest.c >&5
configure:4201: $? = 0
configure:4208: result: yes
configure:4188: checking whether gcc understands -Werror=missing-prototypes
configure:4201: gcc -c -g -O2 -Werror=missing-prototypes  conftest.c >&5
configure:4201: $? = 0
configure:4208: result: yes
configure:4188: checking whether gcc understands -Werror=implicit-function-declaration
configure:4201: gcc -c -g -O2 -Werror=implicit-function-declaration  conftest.c >&5
configure:4201: $? = 0
configure:4208: result: yes
configure:4188: checking whether gcc understands -Werror=pointer-arith
configure:4201: gcc -c -g -O2 -Werror=pointer-arith  conftest.c >&5
configure:4201: $? = 0
configure:4208: result: yes
configure:4188: checking whether gcc understands -Werror=init-self
configure:4201: gcc -c -g -O2 -Werror=init-self  conftest.c >&5
configure:4201: $? = 0
configure:4208: result: yes
configure:4188: checking whether gcc understands -Werror=format-security
configure:4201: gcc -c -g -O2 -Werror=format-security  conftest.c >&5
cc1: error: -Wformat-security ignored without -Wformat [-Werror=format-security]
cc1: some warnings being treated as errors
configure:4201: $? = 1
configure: failed program was:
| /* confdefs.h */
| #define PACKAGE_NAME ""
| #define PACKAGE_TARNAME ""
| #define PACKAGE_VERSION ""
| #define PACKAGE_STRING ""
| #define PACKAGE_BUGREPORT ""
| #define PACKAGE_URL ""
| #define PACKAGE "gnopernicus"
| #define VERSION "1.0.0"
| /* end confdefs.h.  */
| 
| int
| main ()
| {
| 
|   ;
|   return 0;
| }
configure:4208: result: no
configure:4188: checking whether gcc understands -Werror=format=2
configure:4201: gcc -c -g -O2 -Werror=format=2  conftest.c >&5
configure:4201: $? = 0
configure:4208: result: yes
configure:4188: checking whether gcc understands -Werror=missing-include-dirs
configure:4201: gcc -c -g -O2 -Werror=missing-include-dirs  conftest.c >&5
configure:4201: $? = 0
configure:4208: result: yes
configure:4218: checking what warning flags to pass to the C compiler
configure:4220: result:  -Wall -Wstrict-prototypes -Wnested-externs -Werror=missing-prototypes -Werror=implicit-function-declaration -Werror=pointer-arith -Werror=init-self -Werror=format=2 -Werror=missing-include-dirs
configure:4231: checking what language compliance flags to pass to the C compiler
configure:4246: result: 
configure:4313: checking build system type
configure:4327: result: x86_64-suse-linux-gnu
configure:4347: checking host system type
configure:4360: result: x86_64-suse-linux-gnu
configure:4401: checking how to print strings
configure:4428: result: printf
configure:4449: checking for a sed that does not truncate output
configure:4513: result: /usr/bin/sed
configure:4531: checking for grep that handles long lines and -e
configure:4589: result: /usr/bin/grep
configure:4594: checking for egrep
configure:4656: result: /usr/bin/grep -E
configure:4661: checking for fgrep
configure:4723: result: /usr/bin/grep -F
configure:4758: checking for ld used by gcc
configure:4825: result: /usr/x86_64-suse-linux/bin/ld
configure:4832: checking if the linker (/usr/x86_64-suse-linux/bin/ld) is GNU ld
configure:4847: result: yes
configure:4859: checking for BSD- or MS-compatible name lister (nm)
configure:4908: result: /usr/bin/nm -B
configure:5038: checking the name lister (/usr/bin/nm -B) interface
configure:5045: gcc -c -g -O2  conftest.c >&5
configure:5048: /usr/bin/nm -B "conftest.o"
configure:5051: output
0000000000000000 B some_variable
configure:5058: result: BSD nm
configure:5061: checking whether ln -s works
configure:5065: result: yes
configure:5073: checking the maximum length of command line arguments
configure:5203: result: 1572864
configure:5220: checking whether the shell understands some XSI constructs
configure:5230: result: yes
configure:5234: checking whether the shell understands "+="
configure:5240: result: yes
configure:5275: checking how to convert x86_64-suse-linux-gnu file names to x86_64-suse-linux-gnu format
configure:5315: result: func_convert_file_noop
configure:5322: checking how to convert x86_64-suse-linux-gnu file names to toolchain format
configure:5342: result: func_convert_file_noop
configure:5349: checking for /usr/x86_64-suse-linux/bin/ld option to reload object files
configure:5356: result: -r
configure:5430: checking for objdump
configure:5446: found /usr/bin/objdump
configure:5457: result: objdump
configure:5489: checking how to recognize dependent libraries
configure:5691: result: pass_all
configure:5776: checking for dlltool
configure:5806: result: no
configure:5836: checking how to associate runtime and link libraries
configure:5863: result: printf %s\n
configure:5923: checking for ar
configure:5939: found /usr/bin/ar
configure:5950: result: ar
configure:5987: checking for archiver @FILE support
configure:6004: gcc -c -g -O2  conftest.c >&5
configure:6004: $? = 0
configure:6007: ar cru libconftest.a @conftest.lst >&5
configure:6010: $? = 0
configure:6015: ar cru libconftest.a @conftest.lst >&5
ar: conftest.o: No such file or directory
configure:6018: $? = 1
configure:6030: result: @
configure:6088: checking for strip
configure:6104: found /usr/bin/strip
configure:6115: result: strip
configure:6187: checking for ranlib
configure:6203: found /usr/bin/ranlib
configure:6214: result: ranlib
configure:6316: checking command to parse /usr/bin/nm -B output from gcc object
configure:6436: gcc -c -g -O2  conftest.c >&5
configure:6439: $? = 0
configure:6443: /usr/bin/nm -B conftest.o \| sed -n -e 's/^.*[ ]\([ABCDGIRSTW][ABCDGIRSTW]*\)[ ][ ]*\([_A-Za-z][_A-Za-z0-9]*\)$/\1 \2 \2/p' | sed '/ __gnu_lto/d' \> conftest.nm
configure:6446: $? = 0
configure:6512: gcc -o conftest -g -O2   conftest.c conftstm.o >&5
configure:6515: $? = 0
configure:6553: result: ok
configure:6590: checking for sysroot
configure:6620: result: no
configure:6697: gcc -c -g -O2  conftest.c >&5
configure:6700: $? = 0
configure:6876: checking for mt
configure:6892: found /usr/bin/mt
configure:6903: result: mt
configure:6926: checking if mt is a manifest tool
configure:6932: mt '-?'
configure:6940: result: no
configure:7582: checking how to run the C preprocessor
configure:7613: gcc -E  conftest.c
configure:7613: $? = 0
configure:7627: gcc -E  conftest.c
conftest.c:11:28: fatal error: ac_nonexistent.h: No such file or directory
 #include <ac_nonexistent.h>
                            ^
compilation terminated.
configure:7627: $? = 1
configure: failed program was:
| /* confdefs.h */
| #define PACKAGE_NAME ""
| #define PACKAGE_TARNAME ""
| #define PACKAGE_VERSION ""
| #define PACKAGE_STRING ""
| #define PACKAGE_BUGREPORT ""
| #define PACKAGE_URL ""
| #define PACKAGE "gnopernicus"
| #define VERSION "1.0.0"
| /* end confdefs.h.  */
| #include <ac_nonexistent.h>
configure:7652: result: gcc -E
configure:7672: gcc -E  conftest.c
configure:7672: $? = 0
configure:7686: gcc -E  conftest.c
conftest.c:11:28: fatal error: ac_nonexistent.h: No such file or directory
 #include <ac_nonexistent.h>
                            ^
compilation terminated.
configure:7686: $? = 1
configure: failed program was:
| /* confdefs.h */
| #define PACKAGE_NAME ""
| #define PACKAGE_TARNAME ""
| #define PACKAGE_VERSION ""
| #define PACKAGE_STRING ""
| #define PACKAGE_BUGREPORT ""
| #define PACKAGE_URL ""
| #define PACKAGE "gnopernicus"
| #define VERSION "1.0.0"
| /* end confdefs.h.  */
| #include <ac_nonexistent.h>
configure:7715: checking for ANSI C header files
configure:7735: gcc -c -g -O2  conftest.c >&5
configure:7735: $? = 0
configure:7808: gcc -o conftest -g -O2   conftest.c  >&5
configure:7808: $? = 0
configure:7808: ./conftest
configure:7808: $? = 0
configure:7819: result: yes
configure:7832: checking for sys/types.h
configure:7832: gcc -c -g -O2  conftest.c >&5
configure:7832: $? = 0
configure:7832: result: yes
configure:7832: checking for sys/stat.h
configure:7832: gcc -c -g -O2  conftest.c >&5
configure:7832: $? = 0
configure:7832: result: yes
configure:7832: checking for stdlib.h
configure:7832: gcc -c -g -O2  conftest.c >&5
configure:7832: $? = 0
configure:7832: result: yes
configure:7832: checking for string.h
configure:7832: gcc -c -g -O2  conftest.c >&5
configure:7832: $? = 0
configure:7832: result: yes
configure:7832: checking for memory.h
configure:7832: gcc -c -g -O2  conftest.c >&5
configure:7832: $? = 0
configure:7832: result: yes
configure:7832: checking for strings.h
configure:7832: gcc -c -g -O2  conftest.c >&5
configure:7832: $? = 0
configure:7832: result: yes
configure:7832: checking for inttypes.h
configure:7832: gcc -c -g -O2  conftest.c >&5
configure:7832: $? = 0
configure:7832: result: yes
configure:7832: checking for stdint.h
configure:7832: gcc -c -g -O2  conftest.c >&5
configure:7832: $? = 0
configure:7832: result: yes
configure:7832: checking for unistd.h
configure:7832: gcc -c -g -O2  conftest.c >&5
configure:7832: $? = 0
configure:7832: result: yes
configure:7846: checking for dlfcn.h
configure:7846: gcc -c -g -O2  conftest.c >&5
configure:7846: $? = 0
configure:7846: result: yes
configure:8022: checking for objdir
configure:8037: result: .libs
configure:8304: checking if gcc supports -fno-rtti -fno-exceptions
configure:8322: gcc -c -g -O2  -fno-rtti -fno-exceptions conftest.c >&5
cc1: warning: command line option '-fno-rtti' is valid for C++/ObjC++ but not for C [enabled by default]
configure:8326: $? = 0
configure:8339: result: no
configure:8666: checking for gcc option to produce PIC
configure:8673: result: -fPIC -DPIC
configure:8681: checking if gcc PIC flag -fPIC -DPIC works
configure:8699: gcc -c -g -O2  -fPIC -DPIC -DPIC conftest.c >&5
configure:8703: $? = 0
configure:8716: result: yes
configure:8745: checking if gcc static flag -static works
configure:8773: result: yes
configure:8788: checking if gcc supports -c -o file.o
configure:8809: gcc -c -g -O2  -o out/conftest2.o conftest.c >&5
configure:8813: $? = 0
configure:8835: result: yes
configure:8843: checking if gcc supports -c -o file.o
configure:8890: result: yes
configure:8923: checking whether the gcc linker (/usr/x86_64-suse-linux/bin/ld -m elf_x86_64) supports shared libraries
configure:10076: result: yes
configure:10113: checking whether -lc should be explicitly linked in
configure:10121: gcc -c -g -O2  conftest.c >&5
configure:10124: $? = 0
configure:10139: gcc -shared  -fPIC -DPIC conftest.o  -v -Wl,-soname -Wl,conftest -o conftest 2\>\&1 \| /usr/bin/grep  -lc  \>/dev/null 2\>\&1
configure:10142: $? = 0
configure:10156: result: no
configure:10316: checking dynamic linker characteristics
configure:10827: gcc -o conftest -g -O2   -Wl,-rpath -Wl,/foo conftest.c  >&5
configure:10827: $? = 0
configure:11049: result: GNU/Linux ld.so
configure:11156: checking how to hardcode library paths into programs
configure:11181: result: immediate
configure:11721: checking whether stripping libraries is possible
configure:11726: result: yes
configure:11761: checking if libtool supports shared libraries
configure:11763: result: yes
configure:11766: checking whether to build shared libraries
configure:11787: result: yes
configure:11790: checking whether to build static libraries
configure:11794: result: no
configure:11844: checking locale.h usability
configure:11844: gcc -c -g -O2  conftest.c >&5
configure:11844: $? = 0
configure:11844: result: yes
configure:11844: checking locale.h presence
configure:11844: gcc -E  conftest.c
configure:11844: $? = 0
configure:11844: result: yes
configure:11844: checking for locale.h
configure:11844: result: yes
configure:11855: checking for LC_MESSAGES
configure:11871: gcc -o conftest -g -O2   conftest.c  >&5
configure:11871: $? = 0
configure:11879: result: yes
configure:11896: checking libintl.h usability
configure:11896: gcc -c -g -O2  conftest.c >&5
configure:11896: $? = 0
configure:11896: result: yes
configure:11896: checking libintl.h presence
configure:11896: gcc -E  conftest.c
configure:11896: $? = 0
configure:11896: result: yes
configure:11896: checking for libintl.h
configure:11896: result: yes
configure:11904: checking for ngettext in libc
configure:11922: gcc -o conftest -g -O2   conftest.c  >&5
configure:11922: $? = 0
configure:11931: result: yes
configure:11935: checking for dgettext in libc
configure:11953: gcc -o conftest -g -O2   conftest.c  >&5
configure:11953: $? = 0
configure:11962: result: yes
configure:11969: checking for bind_textdomain_codeset
configure:11969: gcc -o conftest -g -O2   conftest.c  >&5
configure:11969: $? = 0
configure:11969: result: yes
configure:12245: checking for msgfmt
configure:12272: result: /usr/bin/msgfmt
configure:12283: checking for dcgettext
configure:12283: gcc -o conftest -g -O2   conftest.c   >&5
conftest.c:51:6: warning: conflicting types for built-in function 'dcgettext' [enabled by default]
 char dcgettext ();
      ^
configure:12283: $? = 0
configure:12283: result: yes
configure:12293: checking if msgfmt accepts -c
configure:12308: $MSGFMT -c -o /dev/null conftest.foo
conftest.foo:3: warning: header field 'Language' missing in header
configure:12311: $? = 0
configure:12313: result: yes
configure:12323: checking for gmsgfmt
configure:12354: result: /usr/bin/msgfmt
configure:12364: checking for xgettext
configure:12391: result: /usr/bin/xgettext
configure:12410: gcc -o conftest -g -O2   conftest.c   >&5
configure:12410: $? = 0
configure:12492: checking for catalogs to be installed
configure:12517: result:  ar az be bg bn ca cs cy da de el en_CA en_GB es eu fa fi fr ga gl gu hi hr hu id it ja ko lt mn ms nb ne nl no pa pl pt pt_BR ro ru rw sk sq sr sr@Latn sv ta tr uk vi zh_CN zh_TW
configure:12555: checking for bind_textdomain_codeset
configure:12555: result: yes
configure:12619: checking for pkg-config
configure:12637: found /usr/bin/pkg-config
configure:12649: result: /usr/bin/pkg-config
configure:12674: checking pkg-config is at least version 0.9.0
configure:12677: result: yes
configure:12690: checking for gtkdoc-check
configure:12708: found /usr/bin/gtkdoc-check
configure:12720: result: /usr/bin/gtkdoc-check
configure:12732: checking for gtkdoc-rebase
configure:12750: found /usr/bin/gtkdoc-rebase
configure:12762: result: /usr/bin/gtkdoc-rebase
configure:12776: checking for gtkdoc-mkpdf
configure:12794: found /usr/bin/gtkdoc-mkpdf
configure:12806: result: /usr/bin/gtkdoc-mkpdf
configure:12920: checking whether to build gtk-doc documentation
configure:12922: result: no
configure:12993: checking for gconftool-2
configure:13011: found /usr/bin/gconftool-2
configure:13023: result: /usr/bin/gconftool-2
configure:13032: checking whether NLS is requested
configure:13041: result: yes
configure:13059: checking for intltool >= 0.29
configure:13061: result: 0.50.2 found
configure:13069: checking for intltool-update
configure:13087: found /usr/bin/intltool-update
configure:13099: result: /usr/bin/intltool-update
configure:13109: checking for intltool-merge
configure:13127: found /usr/bin/intltool-merge
configure:13139: result: /usr/bin/intltool-merge
configure:13149: checking for intltool-extract
configure:13167: found /usr/bin/intltool-extract
configure:13179: result: /usr/bin/intltool-extract
configure:13333: checking for xgettext
configure:13363: result: /usr/bin/xgettext
configure:13373: checking for msgmerge
configure:13391: found /usr/bin/msgmerge
configure:13403: result: /usr/bin/msgmerge
configure:13413: checking for msgfmt
configure:13443: result: /usr/bin/msgfmt
configure:13453: checking for gmsgfmt
configure:13484: result: /usr/bin/msgfmt
configure:13504: checking for perl
configure:13522: found /usr/bin/perl
configure:13534: result: /usr/bin/perl
configure:13545: checking for perl >= 5.8.1
configure:13552: result: 5.18.1
configure:13556: checking for XML::Parser
configure:13559: result: ok
configure:13641: result: Using config source xml:merged:/etc/gconf/gconf.xml.schemas for schema installation
configure:13656: result: Using $(sysconfdir)/gconf/schemas as install directory for schema files
configure:13690: checking "GConf configuration source"
configure:13692: result: xml::${sysconfdir}/gconf/gconf.xml.defaults
configure:13722: checking for poptDupArgv in -lpopt
configure:13747: gcc -o conftest -g -O2   conftest.c -lpopt   >&5
configure:13747: $? = 0
configure:13756: result: yes
configure:13771: checking system version (for braille's serial port name)
configure:13785: result: Linux-3.11.10-21-desktop
configure:13841: checking whether to enable brltty support
configure:13876: gcc -o conftest -I/usr/include  -L/usr/lib -lbrlapi conftest.c -lpopt  >&5
conftest.c:33:25: fatal error: brltty/api.h: No such file or directory
  #include <brltty/api.h>
                         ^
compilation terminated.
configure:13876: $? = 1
configure: program exited with status 1
configure: failed program was:
| /* confdefs.h */
| #define PACKAGE_NAME ""
| #define PACKAGE_TARNAME ""
| #define PACKAGE_VERSION ""
| #define PACKAGE_STRING ""
| #define PACKAGE_BUGREPORT ""
| #define PACKAGE_URL ""
| #define PACKAGE "gnopernicus"
| #define VERSION "1.0.0"
| #define STDC_HEADERS 1
| #define HAVE_SYS_TYPES_H 1
| #define HAVE_SYS_STAT_H 1
| #define HAVE_STDLIB_H 1
| #define HAVE_STRING_H 1
| #define HAVE_MEMORY_H 1
| #define HAVE_STRINGS_H 1
| #define HAVE_INTTYPES_H 1
| #define HAVE_STDINT_H 1
| #define HAVE_UNISTD_H 1
| #define HAVE_DLFCN_H 1
| #define LT_OBJDIR ".libs/"
| #define GETTEXT_PACKAGE "gnopernicus"
| #define HAVE_LOCALE_H 1
| #define HAVE_LC_MESSAGES 1
| #define HAVE_BIND_TEXTDOMAIN_CODESET 1
| #define HAVE_GETTEXT 1
| #define HAVE_DCGETTEXT 1
| #define ENABLE_NLS 1
| #define HAVE_BIND_TEXTDOMAIN_CODESET 1
| #define HAVE_LIBPOPT 1
| /* end confdefs.h.  */
|  /* is brltty available? */
| 	#include <brltty/api.h>
| 	#include <brltty/brldefs.h>
| 	int main()
| 	{
| 	    brlapi_initializeConnection (NULL, NULL);
| 	    /*if (brlapi_initializeConnection (NULL, NULL) < 0)
|     		return 0;*/
| 	    return 0;
| 	}
| 
| 
configure:13881: result: no
configure:13927: checking default fonts path (for braille font)
configure:13946: result: /usr/share/fonts/default/Type1
configure:13953: checking whether to enable ipv6
configure:13989: gcc -o conftest -g -O2   conftest.c -lpopt  >&5
conftest.c: In function 'main':
conftest.c:38:4: warning: incompatible implicit declaration of built-in function 'exit' [enabled by default]
    exit(1);
    ^
configure:13989: $? = 0
configure:13989: ./conftest
configure:13989: $? = 0
configure:13990: result: yes
configure:14024: checking whether to enable paranoia option
configure:14034: result: no
configure:14046: checking whether to enable magnifier support
configure:14049: result: yes
configure:14070: checking whether to enable debug support
configure:14076: result: no
configure:14100: checking for LIBBRL
configure:14112: $PKG_CONFIG --exists --print-errors "\
		  gconf-2.0 >= $GCONF_REQUIRED \
		  gtk+-2.0 >= $GTK_REQUIRED \
		  glib-2.0 >= $GLIB_REQUIRED \
		  libgnome-2.0 >= $LIBGNOME_REQUIRED \
		  libxml-2.0 >= $LIBXML_REQUIRED"
configure:14120: $? = 0
configure:14144: $PKG_CONFIG --exists --print-errors "\
		  gconf-2.0 >= $GCONF_REQUIRED \
		  gtk+-2.0 >= $GTK_REQUIRED \
		  glib-2.0 >= $GLIB_REQUIRED \
		  libgnome-2.0 >= $LIBGNOME_REQUIRED \
		  libxml-2.0 >= $LIBXML_REQUIRED"
configure:14152: $? = 0
configure:14230: result: yes
configure:14239: checking for LIBBRL_TEST
configure:14251: $PKG_CONFIG --exists --print-errors "\
		  gconf-2.0 >= $GCONF_REQUIRED \
		  glib-2.0 >= $GLIB_REQUIRED \
		  libgnome-2.0 >= $LIBGNOME_REQUIRED \
		  libgnomeui-2.0 >= $LIBGNOMEUI_REQUIRED \
		  libxml-2.0 >= $LIBXML_REQUIRED "
configure:14259: $? = 0
configure:14283: $PKG_CONFIG --exists --print-errors "\
		  gconf-2.0 >= $GCONF_REQUIRED \
		  glib-2.0 >= $GLIB_REQUIRED \
		  libgnome-2.0 >= $LIBGNOME_REQUIRED \
		  libgnomeui-2.0 >= $LIBGNOMEUI_REQUIRED \
		  libxml-2.0 >= $LIBXML_REQUIRED "
configure:14291: $? = 0
configure:14369: result: yes
configure:14380: checking for LIBMAG
configure:14390: $PKG_CONFIG --exists --print-errors "\
		   gconf-2.0 >= $GCONF_REQUIRED \
		   libxml-2.0 >= $LIBXML_REQUIRED \
		   gnome-mag-1.0 >= $GNOME_MAG_REQUIRED"
Package gnome-mag-1.0 was not found in the pkg-config search path.
Perhaps you should add the directory containing `gnome-mag-1.0.pc'
to the PKG_CONFIG_PATH environment variable
No package 'gnome-mag-1.0' found
configure:14396: $? = 1
configure:14416: $PKG_CONFIG --exists --print-errors "\
		   gconf-2.0 >= $GCONF_REQUIRED \
		   libxml-2.0 >= $LIBXML_REQUIRED \
		   gnome-mag-1.0 >= $GNOME_MAG_REQUIRED"
Package gnome-mag-1.0 was not found in the pkg-config search path.
Perhaps you should add the directory containing `gnome-mag-1.0.pc'
to the PKG_CONFIG_PATH environment variable
No package 'gnome-mag-1.0' found
configure:14422: $? = 1
configure:14439: result: no
No package 'gnome-mag-1.0' found
configure:14461: error: Package requirements (		   gconf-2.0 >= 2.6.1 		   libxml-2.0 >= 2.6.7 		   gnome-mag-1.0 >= 0.11.7) were not met:

No package 'gnome-mag-1.0' found

Consider adjusting the PKG_CONFIG_PATH environment variable if you
installed software in a non-standard prefix.

Alternatively, you may set the environment variables LIBMAG_CFLAGS
and LIBMAG_LIBS to avoid the need to call pkg-config.
See the pkg-config man page for more details.

## ---------------- ##
## Cache variables. ##
## ---------------- ##

ac_cv_build=x86_64-suse-linux-gnu
ac_cv_c_compiler_gnu=yes
ac_cv_env_BRLMON_CFLAGS_set=
ac_cv_env_BRLMON_CFLAGS_value=
ac_cv_env_BRLMON_LIBS_set=
ac_cv_env_BRLMON_LIBS_value=
ac_cv_env_CC_set=
ac_cv_env_CC_value=
ac_cv_env_CFLAGS_set=
ac_cv_env_CFLAGS_value=
ac_cv_env_CPPFLAGS_set=
ac_cv_env_CPPFLAGS_value=
ac_cv_env_CPP_set=
ac_cv_env_CPP_value=
ac_cv_env_GNOPI_CFLAGS_set=
ac_cv_env_GNOPI_CFLAGS_value=
ac_cv_env_GNOPI_LIBS_set=
ac_cv_env_GNOPI_LIBS_value=
ac_cv_env_GTKDOC_DEPS_CFLAGS_set=
ac_cv_env_GTKDOC_DEPS_CFLAGS_value=
ac_cv_env_GTKDOC_DEPS_LIBS_set=
ac_cv_env_GTKDOC_DEPS_LIBS_value=
ac_cv_env_LDFLAGS_set=
ac_cv_env_LDFLAGS_value=
ac_cv_env_LIBBRL_CFLAGS_set=
ac_cv_env_LIBBRL_CFLAGS_value=
ac_cv_env_LIBBRL_LIBS_set=
ac_cv_env_LIBBRL_LIBS_value=
ac_cv_env_LIBBRL_TEST_CFLAGS_set=
ac_cv_env_LIBBRL_TEST_CFLAGS_value=
ac_cv_env_LIBBRL_TEST_LIBS_set=
ac_cv_env_LIBBRL_TEST_LIBS_value=
ac_cv_env_LIBKE_CFLAGS_set=
ac_cv_env_LIBKE_CFLAGS_value=
ac_cv_env_LIBKE_LIBS_set=
ac_cv_env_LIBKE_LIBS_value=
ac_cv_env_LIBMAG_CFLAGS_set=
ac_cv_env_LIBMAG_CFLAGS_value=
ac_cv_env_LIBMAG_LIBS_set=
ac_cv_env_LIBMAG_LIBS_value=
ac_cv_env_LIBSRCONF_CFLAGS_set=
ac_cv_env_LIBSRCONF_CFLAGS_value=
ac_cv_env_LIBSRCONF_LIBS_set=
ac_cv_env_LIBSRCONF_LIBS_value=
ac_cv_env_LIBSRCONF_TEST_CFLAGS_set=
ac_cv_env_LIBSRCONF_TEST_CFLAGS_value=
ac_cv_env_LIBSRCONF_TEST_LIBS_set=
ac_cv_env_LIBSRCONF_TEST_LIBS_value=
ac_cv_env_LIBSRLOW_CFLAGS_set=
ac_cv_env_LIBSRLOW_CFLAGS_value=
ac_cv_env_LIBSRLOW_LIBS_set=
ac_cv_env_LIBSRLOW_LIBS_value=
ac_cv_env_LIBSRLOW_TEST_CFLAGS_set=
ac_cv_env_LIBSRLOW_TEST_CFLAGS_value=
ac_cv_env_LIBSRLOW_TEST_LIBS_set=
ac_cv_env_LIBSRLOW_TEST_LIBS_value=
ac_cv_env_LIBSRS_CFLAGS_set=
ac_cv_env_LIBSRS_CFLAGS_value=
ac_cv_env_LIBSRS_LIBS_set=
ac_cv_env_LIBSRS_LIBS_value=
ac_cv_env_LIBSRUTIL_CFLAGS_set=
ac_cv_env_LIBSRUTIL_CFLAGS_value=
ac_cv_env_LIBSRUTIL_LIBS_set=
ac_cv_env_LIBSRUTIL_LIBS_value=
ac_cv_env_LIBS_set=
ac_cv_env_LIBS_value=
ac_cv_env_PKG_CONFIG_LIBDIR_set=
ac_cv_env_PKG_CONFIG_LIBDIR_value=
ac_cv_env_PKG_CONFIG_PATH_set=
ac_cv_env_PKG_CONFIG_PATH_value=
ac_cv_env_PKG_CONFIG_set=
ac_cv_env_PKG_CONFIG_value=
ac_cv_env_SRCORE_CFLAGS_set=
ac_cv_env_SRCORE_CFLAGS_value=
ac_cv_env_SRCORE_LIBS_set=
ac_cv_env_SRCORE_LIBS_value=
ac_cv_env_build_alias_set=
ac_cv_env_build_alias_value=
ac_cv_env_host_alias_set=
ac_cv_env_host_alias_value=
ac_cv_env_target_alias_set=
ac_cv_env_target_alias_value=
ac_cv_func_bind_textdomain_codeset=yes
ac_cv_func_dcgettext=yes
ac_cv_header_dlfcn_h=yes
ac_cv_header_inttypes_h=yes
ac_cv_header_libintl_h=yes
ac_cv_header_locale_h=yes
ac_cv_header_memory_h=yes
ac_cv_header_stdc=yes
ac_cv_header_stdint_h=yes
ac_cv_header_stdlib_h=yes
ac_cv_header_string_h=yes
ac_cv_header_strings_h=yes
ac_cv_header_sys_stat_h=yes
ac_cv_header_sys_types_h=yes
ac_cv_header_unistd_h=yes
ac_cv_host=x86_64-suse-linux-gnu
ac_cv_lib_popt_poptDupArgv=yes
ac_cv_objext=o
ac_cv_path_EGREP='/usr/bin/grep -E'
ac_cv_path_FGREP='/usr/bin/grep -F'
ac_cv_path_GCONFTOOL=/usr/bin/gconftool-2
ac_cv_path_GMSGFMT=/usr/bin/msgfmt
ac_cv_path_GREP=/usr/bin/grep
ac_cv_path_GTKDOC_CHECK=/usr/bin/gtkdoc-check
ac_cv_path_GTKDOC_MKPDF=/usr/bin/gtkdoc-mkpdf
ac_cv_path_GTKDOC_REBASE=/usr/bin/gtkdoc-rebase
ac_cv_path_INTLTOOL_EXTRACT=/usr/bin/intltool-extract
ac_cv_path_INTLTOOL_MERGE=/usr/bin/intltool-merge
ac_cv_path_INTLTOOL_PERL=/usr/bin/perl
ac_cv_path_INTLTOOL_UPDATE=/usr/bin/intltool-update
ac_cv_path_MSGFMT=/usr/bin/msgfmt
ac_cv_path_MSGMERGE=/usr/bin/msgmerge
ac_cv_path_SED=/usr/bin/sed
ac_cv_path_XGETTEXT=/usr/bin/xgettext
ac_cv_path_ac_pt_PKG_CONFIG=/usr/bin/pkg-config
ac_cv_path_install='/usr/bin/install -c'
ac_cv_path_mkdir=/usr/bin/mkdir
ac_cv_prog_AWK=gawk
ac_cv_prog_CPP='gcc -E'
ac_cv_prog_ac_ct_AR=ar
ac_cv_prog_ac_ct_CC=gcc
ac_cv_prog_ac_ct_MANIFEST_TOOL=mt
ac_cv_prog_ac_ct_OBJDUMP=objdump
ac_cv_prog_ac_ct_RANLIB=ranlib
ac_cv_prog_ac_ct_STRIP=strip
ac_cv_prog_cc_c89=
ac_cv_prog_cc_g=yes
ac_cv_prog_make_make_set=yes
ac_cv_search_strerror='none required'
am_cv_CC_dependencies_compiler_type=gcc3
am_cv_make_support_nested_variables=yes
am_cv_val_LC_MESSAGES=yes
gt_cv_func_dgettext_libc=yes
gt_cv_func_dgettext_libintl=no
gt_cv_func_ngettext_libc=yes
gt_cv_have_gettext=yes
lt_cv_ar_at_file=@
lt_cv_archive_cmds_need_lc=no
lt_cv_deplibs_check_method=pass_all
lt_cv_file_magic_cmd='$MAGIC_CMD'
lt_cv_file_magic_test_file=
lt_cv_ld_reload_flag=-r
lt_cv_nm_interface='BSD nm'
lt_cv_objdir=.libs
lt_cv_path_LD=/usr/x86_64-suse-linux/bin/ld
lt_cv_path_NM='/usr/bin/nm -B'
lt_cv_path_mainfest_tool=no
lt_cv_prog_compiler_c_o=yes
lt_cv_prog_compiler_pic='-fPIC -DPIC'
lt_cv_prog_compiler_pic_works=yes
lt_cv_prog_compiler_rtti_exceptions=no
lt_cv_prog_compiler_static_works=yes
lt_cv_prog_gnu_ld=yes
lt_cv_sharedlib_from_linklib_cmd='printf %s\n'
lt_cv_shlibpath_overrides_runpath=yes
lt_cv_sys_global_symbol_pipe='sed -n -e '\''s/^.*[	 ]\([ABCDGIRSTW][ABCDGIRSTW]*\)[	 ][	 ]*\([_A-Za-z][_A-Za-z0-9]*\)$/\1 \2 \2/p'\'' | sed '\''/ __gnu_lto/d'\'''
lt_cv_sys_global_symbol_to_c_name_address='sed -n -e '\''s/^: \([^ ]*\)[ ]*$/  {\"\1\", (void *) 0},/p'\'' -e '\''s/^[ABCDGIRSTW]* \([^ ]*\) \([^ ]*\)$/  {"\2", (void *) \&\2},/p'\'''
lt_cv_sys_global_symbol_to_c_name_address_lib_prefix='sed -n -e '\''s/^: \([^ ]*\)[ ]*$/  {\"\1\", (void *) 0},/p'\'' -e '\''s/^[ABCDGIRSTW]* \([^ ]*\) \(lib[^ ]*\)$/  {"\2", (void *) \&\2},/p'\'' -e '\''s/^[ABCDGIRSTW]* \([^ ]*\) \([^ ]*\)$/  {"lib\2", (void *) \&\2},/p'\'''
lt_cv_sys_global_symbol_to_cdecl='sed -n -e '\''s/^T .* \(.*\)$/extern int \1();/p'\'' -e '\''s/^[ABCDGIRSTW]* .* \(.*\)$/extern char \1;/p'\'''
lt_cv_sys_max_cmd_len=1572864
lt_cv_to_host_file_cmd=func_convert_file_noop
lt_cv_to_tool_file_cmd=func_convert_file_noop
pkg_cv_LIBBRL_CFLAGS='-D_REENTRANT -DORBIT2=1 -pthread -I/usr/local/include/glib-2.0 -I/usr/local/lib64/glib-2.0/include -I/usr/include/gtk-2.0 -I/usr/lib64/gtk-2.0/include -I/usr/include/pango-1.0 -I/usr/include/atk-1.0 -I/usr/include/cairo -I/usr/include/pixman-1 -I/usr/include/libdrm -I/usr/include/libpng12 -I/usr/include/gdk-pixbuf-2.0 -I/usr/include/libpng16 -I/usr/include/pango-1.0 -I/usr/include/harfbuzz -I/usr/include/pango-1.0 -I/usr/include/freetype2 -I/usr/include/libgnome-2.0 -I/usr/include/gnome-vfs-2.0 -I/usr/lib64/gnome-vfs-2.0/include -I/usr/include/gconf/2 -I/usr/include/dbus-1.0 -I/usr/lib64/dbus-1.0/include -I/usr/include/libbonobo-2.0 -I/usr/include/bonobo-activation-2.0 -I/usr/include/orbit-2.0 -I/usr/include/libxml2 '
pkg_cv_LIBBRL_LIBS='-L/usr/local/lib64 -lgconf-2 -lgtk-x11-2.0 -lgdk-x11-2.0 -lpangocairo-1.0 -latk-1.0 -lcairo -lgdk_pixbuf-2.0 -lgio-2.0 -lpangoft2-1.0 -lpango-1.0 -lfontconfig -lfreetype -lgnome-2 -lpopt -lbonobo-2 -lbonobo-activation -lgmodule-2.0 -pthread -lORBit-2 -lgthread-2.0 -pthread -lgobject-2.0 -lglib-2.0 -lxml2 '
pkg_cv_LIBBRL_TEST_CFLAGS='-D_REENTRANT -DORBIT2=1 -pthread -I/usr/local/include/glib-2.0 -I/usr/local/lib64/glib-2.0/include -I/usr/include/libgnomeui-2.0 -I/usr/include/gnome-keyring-1 -I/usr/include/libbonoboui-2.0 -I/usr/include/libgnome-2.0 -I/usr/include/libbonobo-2.0 -I/usr/include/bonobo-activation-2.0 -I/usr/include/orbit-2.0 -I/usr/include/libgnomecanvas-2.0 -I/usr/include/gail-1.0 -I/usr/include/libart-2.0 -I/usr/include/gtk-2.0 -I/usr/lib64/gtk-2.0/include -I/usr/include/pango-1.0 -I/usr/include/atk-1.0 -I/usr/include/cairo -I/usr/include/pixman-1 -I/usr/include/libdrm -I/usr/include/libpng12 -I/usr/include/pango-1.0 -I/usr/include/harfbuzz -I/usr/include/pango-1.0 -I/usr/include/freetype2 -I/usr/include/gdk-pixbuf-2.0 -I/usr/include/libpng16 -I/usr/include/gnome-vfs-2.0 -I/usr/lib64/gnome-vfs-2.0/include -I/usr/include/gconf/2 -I/usr/include/dbus-1.0 -I/usr/lib64/dbus-1.0/include -I/usr/include/libxml2 '
pkg_cv_LIBBRL_TEST_LIBS='-L/usr/local/lib64 -lgnomeui-2 -lSM -lICE -lbonoboui-2 -lgnome-2 -lpopt -lbonobo-2 -lbonobo-activation -lORBit-2 -lgnomecanvas-2 -lart_lgpl_2 -lgtk-x11-2.0 -lgdk-x11-2.0 -lpangocairo-1.0 -latk-1.0 -lcairo -lgio-2.0 -lpangoft2-1.0 -lpango-1.0 -lfontconfig -lfreetype -lgdk_pixbuf-2.0 -lgnomevfs-2 -lgconf-2 -lgthread-2.0 -pthread -lgmodule-2.0 -pthread -lgobject-2.0 -lglib-2.0 -lxml2 '

## ----------------- ##
## Output variables. ##
## ----------------- ##

ACLOCAL='${SHELL} /home/clayton/Programs/GUI/x-magnifiers/GNOPERNICUS_1_0_0/missing aclocal-1.13'
ACLOCAL_AMFLAGS='${ACLOCAL_FLAGS}'
ALL_LINGUAS='ar az be bg bn ca cs cy da de el en_CA en_GB es eu fa fi fr ga gl gu hi hr hu id it ja ko lt mn ms nb ne nl no pa pl pt pt_BR ro ru rw sk sq sr sr@Latn sv ta tr uk vi zh_CN zh_TW'
AMDEPBACKSLASH='\'
AMDEP_FALSE='#'
AMDEP_TRUE=''
AMTAR='$${TAR-tar}'
AM_BACKSLASH='\'
AM_DEFAULT_V='$(AM_DEFAULT_VERBOSITY)'
AM_DEFAULT_VERBOSITY='1'
AM_V='$(V)'
AR='ar'
AUTOCONF='${SHELL} /home/clayton/Programs/GUI/x-magnifiers/GNOPERNICUS_1_0_0/missing autoconf'
AUTOHEADER='${SHELL} /home/clayton/Programs/GUI/x-magnifiers/GNOPERNICUS_1_0_0/missing autoheader'
AUTOMAKE='${SHELL} /home/clayton/Programs/GUI/x-magnifiers/GNOPERNICUS_1_0_0/missing automake-1.13'
AWK='gawk'
BRLMON_CFLAGS=''
BRLMON_LIBS=''
BRLTTY_ACTIVE=''
BRLTTY_INCLUDE=''
BRLTTY_LIBRARY=''
BUILD_BRLTTY_SUPPORT_FALSE=''
BUILD_BRLTTY_SUPPORT_TRUE='#'
BUILD_MAGNIFIER_FALSE=''
BUILD_MAGNIFIER_TRUE=''
CATALOGS=' ar.gmo az.gmo be.gmo bg.gmo bn.gmo ca.gmo cs.gmo cy.gmo da.gmo de.gmo el.gmo en_CA.gmo en_GB.gmo es.gmo eu.gmo fa.gmo fi.gmo fr.gmo ga.gmo gl.gmo gu.gmo hi.gmo hr.gmo hu.gmo id.gmo it.gmo ja.gmo ko.gmo lt.gmo mn.gmo ms.gmo nb.gmo ne.gmo nl.gmo no.gmo pa.gmo pl.gmo pt.gmo pt_BR.gmo ro.gmo ru.gmo rw.gmo sk.gmo sq.gmo sr.gmo sr@Latn.gmo sv.gmo ta.gmo tr.gmo uk.gmo vi.gmo zh_CN.gmo zh_TW.gmo'
CATOBJEXT='.gmo'
CC='gcc'
CCDEPMODE='depmode=gcc3'
CFLAGS='-g -O2'
CPP='gcc -E'
CPPFLAGS=''
CYGPATH_W='echo'
DATADIRNAME='share'
DEFAULT_FONTS_PATH='/usr/share/fonts/default/Type1'
DEFS=''
DEPDIR='.deps'
DLLTOOL='false'
DSYMUTIL=''
DUMPBIN=''
ECHO_C=''
ECHO_N='-n'
ECHO_T=''
EGREP='/usr/bin/grep -E'
ENABLE_GTK_DOC_FALSE=''
ENABLE_GTK_DOC_TRUE='#'
ENABLE_PARANOIA=''
EXEEXT=''
FGREP='/usr/bin/grep -F'
GCONFTOOL='/usr/bin/gconftool-2'
GCONF_CONFIG_SOURCE='xml::${sysconfdir}/gconf/gconf.xml.defaults'
GCONF_SCHEMAS_INSTALL_FALSE='#'
GCONF_SCHEMAS_INSTALL_TRUE=''
GCONF_SCHEMA_CONFIG_SOURCE='xml:merged:/etc/gconf/gconf.xml.schemas'
GCONF_SCHEMA_FILE_DIR='$(sysconfdir)/gconf/schemas'
GETTEXT_PACKAGE='gnopernicus'
GMOFILES=' ar.gmo az.gmo be.gmo bg.gmo bn.gmo ca.gmo cs.gmo cy.gmo da.gmo de.gmo el.gmo en_CA.gmo en_GB.gmo es.gmo eu.gmo fa.gmo fi.gmo fr.gmo ga.gmo gl.gmo gu.gmo hi.gmo hr.gmo hu.gmo id.gmo it.gmo ja.gmo ko.gmo lt.gmo mn.gmo ms.gmo nb.gmo ne.gmo nl.gmo no.gmo pa.gmo pl.gmo pt.gmo pt_BR.gmo ro.gmo ru.gmo rw.gmo sk.gmo sq.gmo sr.gmo sr@Latn.gmo sv.gmo ta.gmo tr.gmo uk.gmo vi.gmo zh_CN.gmo zh_TW.gmo'
GMSGFMT='/usr/bin/msgfmt'
GNOPERNICUS_BINARY_AGE='0'
GNOPERNICUS_INTERFACE_AGE='0'
GNOPERNICUS_MAJOR_VERSION='1'
GNOPERNICUS_MICRO_VERSION='0'
GNOPERNICUS_MINOR_VERSION='0'
GNOPI_CFLAGS=''
GNOPI_LIBS=''
GREP='/usr/bin/grep'
GTKDOC_CHECK='/usr/bin/gtkdoc-check'
GTKDOC_DEPS_CFLAGS=''
GTKDOC_DEPS_LIBS=''
GTKDOC_MKPDF='/usr/bin/gtkdoc-mkpdf'
GTKDOC_REBASE='/usr/bin/gtkdoc-rebase'
GTK_DOC_BUILD_HTML_FALSE='#'
GTK_DOC_BUILD_HTML_TRUE=''
GTK_DOC_BUILD_PDF_FALSE=''
GTK_DOC_BUILD_PDF_TRUE='#'
GTK_DOC_USE_LIBTOOL_FALSE='#'
GTK_DOC_USE_LIBTOOL_TRUE=''
GTK_DOC_USE_REBASE_FALSE='#'
GTK_DOC_USE_REBASE_TRUE=''
HTML_DIR='${datadir}/gtk-doc/html'
INET6_ACTIVE='-DINET6'
INSTALL_DATA='${INSTALL} -m 644'
INSTALL_PROGRAM='${INSTALL}'
INSTALL_SCRIPT='${INSTALL}'
INSTALL_STRIP_PROGRAM='$(install_sh) -c -s'
INSTOBJEXT='.mo'
INTLLIBS=''
INTLTOOL_CAVES_RULE='%.caves:     %.caves.in     $(INTLTOOL_MERGE) $(wildcard $(top_srcdir)/po/*.po) ; $(INTLTOOL_V_MERGE)LC_ALL=C $(INTLTOOL_MERGE) $(INTLTOOL_V_MERGE_OPTIONS) -d -u -c $(top_builddir)/po/.intltool-merge-cache $(top_srcdir)/po $< $@'
INTLTOOL_DESKTOP_RULE='%.desktop:   %.desktop.in   $(INTLTOOL_MERGE) $(wildcard $(top_srcdir)/po/*.po) ; $(INTLTOOL_V_MERGE)LC_ALL=C $(INTLTOOL_MERGE) $(INTLTOOL_V_MERGE_OPTIONS) -d -u -c $(top_builddir)/po/.intltool-merge-cache $(top_srcdir)/po $< $@'
INTLTOOL_DIRECTORY_RULE='%.directory: %.directory.in $(INTLTOOL_MERGE) $(wildcard $(top_srcdir)/po/*.po) ; $(INTLTOOL_V_MERGE)LC_ALL=C $(INTLTOOL_MERGE) $(INTLTOOL_V_MERGE_OPTIONS) -d -u -c $(top_builddir)/po/.intltool-merge-cache $(top_srcdir)/po $< $@'
INTLTOOL_EXTRACT='/usr/bin/intltool-extract'
INTLTOOL_KBD_RULE='%.kbd:       %.kbd.in       $(INTLTOOL_MERGE) $(wildcard $(top_srcdir)/po/*.po) ; $(INTLTOOL_V_MERGE)LC_ALL=C $(INTLTOOL_MERGE) $(INTLTOOL_V_MERGE_OPTIONS) -x -u -m -c $(top_builddir)/po/.intltool-merge-cache $(top_srcdir)/po $< $@'
INTLTOOL_KEYS_RULE='%.keys:      %.keys.in      $(INTLTOOL_MERGE) $(wildcard $(top_srcdir)/po/*.po) ; $(INTLTOOL_V_MERGE)LC_ALL=C $(INTLTOOL_MERGE) $(INTLTOOL_V_MERGE_OPTIONS) -k -u -c $(top_builddir)/po/.intltool-merge-cache $(top_srcdir)/po $< $@'
INTLTOOL_MERGE='/usr/bin/intltool-merge'
INTLTOOL_OAF_RULE='%.oaf:       %.oaf.in       $(INTLTOOL_MERGE) $(wildcard $(top_srcdir)/po/*.po) ; $(INTLTOOL_V_MERGE)LC_ALL=C $(INTLTOOL_MERGE) $(INTLTOOL_V_MERGE_OPTIONS) -o -p $(top_srcdir)/po $< $@'
INTLTOOL_PERL='/usr/bin/perl'
INTLTOOL_POLICY_RULE='%.policy:    %.policy.in    $(INTLTOOL_MERGE) $(wildcard $(top_srcdir)/po/*.po) ; $(INTLTOOL_V_MERGE)LC_ALL=C $(INTLTOOL_MERGE) $(INTLTOOL_V_MERGE_OPTIONS) -x -u -c $(top_builddir)/po/.intltool-merge-cache $(top_srcdir)/po $< $@'
INTLTOOL_PONG_RULE='%.pong:      %.pong.in      $(INTLTOOL_MERGE) $(wildcard $(top_srcdir)/po/*.po) ; $(INTLTOOL_V_MERGE)LC_ALL=C $(INTLTOOL_MERGE) $(INTLTOOL_V_MERGE_OPTIONS) -x -u -c $(top_builddir)/po/.intltool-merge-cache $(top_srcdir)/po $< $@'
INTLTOOL_PROP_RULE='%.prop:      %.prop.in      $(INTLTOOL_MERGE) $(wildcard $(top_srcdir)/po/*.po) ; $(INTLTOOL_V_MERGE)LC_ALL=C $(INTLTOOL_MERGE) $(INTLTOOL_V_MERGE_OPTIONS) -d -u -c $(top_builddir)/po/.intltool-merge-cache $(top_srcdir)/po $< $@'
INTLTOOL_SCHEMAS_RULE='%.schemas:   %.schemas.in   $(INTLTOOL_MERGE) $(wildcard $(top_srcdir)/po/*.po) ; $(INTLTOOL_V_MERGE)LC_ALL=C $(INTLTOOL_MERGE) $(INTLTOOL_V_MERGE_OPTIONS) -s -u -c $(top_builddir)/po/.intltool-merge-cache $(top_srcdir)/po $< $@'
INTLTOOL_SERVER_RULE='%.server:    %.server.in    $(INTLTOOL_MERGE) $(wildcard $(top_srcdir)/po/*.po) ; $(INTLTOOL_V_MERGE)LC_ALL=C $(INTLTOOL_MERGE) $(INTLTOOL_V_MERGE_OPTIONS) -o -u -c $(top_builddir)/po/.intltool-merge-cache $(top_srcdir)/po $< $@'
INTLTOOL_SERVICE_RULE='%.service: %.service.in   $(INTLTOOL_MERGE) $(wildcard $(top_srcdir)/po/*.po) ; $(INTLTOOL_V_MERGE)LC_ALL=C $(INTLTOOL_MERGE) $(INTLTOOL_V_MERGE_OPTIONS) -d -u -c $(top_builddir)/po/.intltool-merge-cache $(top_srcdir)/po $< $@'
INTLTOOL_SHEET_RULE='%.sheet:     %.sheet.in     $(INTLTOOL_MERGE) $(wildcard $(top_srcdir)/po/*.po) ; $(INTLTOOL_V_MERGE)LC_ALL=C $(INTLTOOL_MERGE) $(INTLTOOL_V_MERGE_OPTIONS) -x -u -c $(top_builddir)/po/.intltool-merge-cache $(top_srcdir)/po $< $@'
INTLTOOL_SOUNDLIST_RULE='%.soundlist: %.soundlist.in $(INTLTOOL_MERGE) $(wildcard $(top_srcdir)/po/*.po) ; $(INTLTOOL_V_MERGE)LC_ALL=C $(INTLTOOL_MERGE) $(INTLTOOL_V_MERGE_OPTIONS) -d -u -c $(top_builddir)/po/.intltool-merge-cache $(top_srcdir)/po $< $@'
INTLTOOL_THEME_RULE='%.theme:     %.theme.in     $(INTLTOOL_MERGE) $(wildcard $(top_srcdir)/po/*.po) ; $(INTLTOOL_V_MERGE)LC_ALL=C $(INTLTOOL_MERGE) $(INTLTOOL_V_MERGE_OPTIONS) -d -u -c $(top_builddir)/po/.intltool-merge-cache $(top_srcdir)/po $< $@'
INTLTOOL_UI_RULE='%.ui:        %.ui.in        $(INTLTOOL_MERGE) $(wildcard $(top_srcdir)/po/*.po) ; $(INTLTOOL_V_MERGE)LC_ALL=C $(INTLTOOL_MERGE) $(INTLTOOL_V_MERGE_OPTIONS) -x -u -c $(top_builddir)/po/.intltool-merge-cache $(top_srcdir)/po $< $@'
INTLTOOL_UPDATE='/usr/bin/intltool-update'
INTLTOOL_V_MERGE='$(INTLTOOL__v_MERGE_$(V))'
INTLTOOL_V_MERGE_OPTIONS='$(intltool__v_merge_options_$(V))'
INTLTOOL_XAM_RULE='%.xam:       %.xml.in       $(INTLTOOL_MERGE) $(wildcard $(top_srcdir)/po/*.po) ; $(INTLTOOL_V_MERGE)LC_ALL=C $(INTLTOOL_MERGE) $(INTLTOOL_V_MERGE_OPTIONS) -x -u -c $(top_builddir)/po/.intltool-merge-cache $(top_srcdir)/po $< $@'
INTLTOOL_XML_NOMERGE_RULE='%.xml:       %.xml.in       $(INTLTOOL_MERGE) ; $(INTLTOOL_V_MERGE)LC_ALL=C $(INTLTOOL_MERGE) $(INTLTOOL_V_MERGE_OPTIONS) -x -u --no-translations $< $@'
INTLTOOL_XML_RULE='%.xml:       %.xml.in       $(INTLTOOL_MERGE) $(wildcard $(top_srcdir)/po/*.po) ; $(INTLTOOL_V_MERGE)LC_ALL=C $(INTLTOOL_MERGE) $(INTLTOOL_V_MERGE_OPTIONS) -x -u -c $(top_builddir)/po/.intltool-merge-cache $(top_srcdir)/po $< $@'
INTLTOOL__v_MERGE_0='@echo "  ITMRG " $@;'
INTLTOOL__v_MERGE_='$(INTLTOOL__v_MERGE_$(AM_DEFAULT_VERBOSITY))'
LD='/usr/x86_64-suse-linux/bin/ld -m elf_x86_64'
LDFLAGS=''
LIBBRL_CFLAGS='-D_REENTRANT -DORBIT2=1 -pthread -I/usr/local/include/glib-2.0 -I/usr/local/lib64/glib-2.0/include -I/usr/include/gtk-2.0 -I/usr/lib64/gtk-2.0/include -I/usr/include/pango-1.0 -I/usr/include/atk-1.0 -I/usr/include/cairo -I/usr/include/pixman-1 -I/usr/include/libdrm -I/usr/include/libpng12 -I/usr/include/gdk-pixbuf-2.0 -I/usr/include/libpng16 -I/usr/include/pango-1.0 -I/usr/include/harfbuzz -I/usr/include/pango-1.0 -I/usr/include/freetype2 -I/usr/include/libgnome-2.0 -I/usr/include/gnome-vfs-2.0 -I/usr/lib64/gnome-vfs-2.0/include -I/usr/include/gconf/2 -I/usr/include/dbus-1.0 -I/usr/lib64/dbus-1.0/include -I/usr/include/libbonobo-2.0 -I/usr/include/bonobo-activation-2.0 -I/usr/include/orbit-2.0 -I/usr/include/libxml2 '
LIBBRL_LIBS='-L/usr/local/lib64 -lgconf-2 -lgtk-x11-2.0 -lgdk-x11-2.0 -lpangocairo-1.0 -latk-1.0 -lcairo -lgdk_pixbuf-2.0 -lgio-2.0 -lpangoft2-1.0 -lpango-1.0 -lfontconfig -lfreetype -lgnome-2 -lpopt -lbonobo-2 -lbonobo-activation -lgmodule-2.0 -pthread -lORBit-2 -lgthread-2.0 -pthread -lgobject-2.0 -lglib-2.0 -lxml2 '
LIBBRL_TEST_CFLAGS='-D_REENTRANT -DORBIT2=1 -pthread -I/usr/local/include/glib-2.0 -I/usr/local/lib64/glib-2.0/include -I/usr/include/libgnomeui-2.0 -I/usr/include/gnome-keyring-1 -I/usr/include/libbonoboui-2.0 -I/usr/include/libgnome-2.0 -I/usr/include/libbonobo-2.0 -I/usr/include/bonobo-activation-2.0 -I/usr/include/orbit-2.0 -I/usr/include/libgnomecanvas-2.0 -I/usr/include/gail-1.0 -I/usr/include/libart-2.0 -I/usr/include/gtk-2.0 -I/usr/lib64/gtk-2.0/include -I/usr/include/pango-1.0 -I/usr/include/atk-1.0 -I/usr/include/cairo -I/usr/include/pixman-1 -I/usr/include/libdrm -I/usr/include/libpng12 -I/usr/include/pango-1.0 -I/usr/include/harfbuzz -I/usr/include/pango-1.0 -I/usr/include/freetype2 -I/usr/include/gdk-pixbuf-2.0 -I/usr/include/libpng16 -I/usr/include/gnome-vfs-2.0 -I/usr/lib64/gnome-vfs-2.0/include -I/usr/include/gconf/2 -I/usr/include/dbus-1.0 -I/usr/lib64/dbus-1.0/include -I/usr/include/libxml2 '
LIBBRL_TEST_LIBS='-L/usr/local/lib64 -lgnomeui-2 -lSM -lICE -lbonoboui-2 -lgnome-2 -lpopt -lbonobo-2 -lbonobo-activation -lORBit-2 -lgnomecanvas-2 -lart_lgpl_2 -lgtk-x11-2.0 -lgdk-x11-2.0 -lpangocairo-1.0 -latk-1.0 -lcairo -lgio-2.0 -lpangoft2-1.0 -lpango-1.0 -lfontconfig -lfreetype -lgdk_pixbuf-2.0 -lgnomevfs-2 -lgconf-2 -lgthread-2.0 -pthread -lgmodule-2.0 -pthread -lgobject-2.0 -lglib-2.0 -lxml2 '
LIBKE_CFLAGS=''
LIBKE_LIBS=''
LIBMAG_CFLAGS=''
LIBMAG_LIBS=''
LIBOBJS=''
LIBS='-lpopt '
LIBSRCONF_CFLAGS=''
LIBSRCONF_LIBS=''
LIBSRCONF_TEST_CFLAGS=''
LIBSRCONF_TEST_LIBS=''
LIBSRLOW_CFLAGS=''
LIBSRLOW_LIBS=''
LIBSRLOW_TEST_CFLAGS=''
LIBSRLOW_TEST_LIBS=''
LIBSRS_CFLAGS=''
LIBSRS_LIBS=''
LIBSRUTIL_CFLAGS=''
LIBSRUTIL_LIBS=''
LIBTOOL='$(SHELL) $(top_builddir)/libtool'
LIPO=''
LN_S='ln -s'
LTLIBOBJS=''
LT_AGE='0'
LT_CURRENT='0'
LT_RELEASE='1.0'
LT_REVISION='0'
LT_VERSION_INFO='-version-info ${LT_CURRENT}:${LT_REVISION}:${LT_AGE}'
MAINT='#'
MAINTAINER_MODE_FALSE=''
MAINTAINER_MODE_TRUE='#'
MAKEINFO='${SHELL} /home/clayton/Programs/GUI/x-magnifiers/GNOPERNICUS_1_0_0/missing makeinfo'
MANIFEST_TOOL=':'
MKDIR_P='/usr/bin/mkdir -p'
MKINSTALLDIRS='./mkinstalldirs'
MSGFMT='/usr/bin/msgfmt'
MSGFMT_OPTS='-c'
MSGMERGE='/usr/bin/msgmerge'
NM='/usr/bin/nm -B'
NMEDIT=''
OBJDUMP='objdump'
OBJEXT='o'
OTOOL64=''
OTOOL=''
PACKAGE='gnopernicus'
PACKAGE_BUGREPORT=''
PACKAGE_NAME=''
PACKAGE_STRING=''
PACKAGE_TARNAME=''
PACKAGE_URL=''
PACKAGE_VERSION=''
PATH_SEPARATOR=':'
PKG_CONFIG='/usr/bin/pkg-config'
PKG_CONFIG_LIBDIR=''
PKG_CONFIG_PATH=''
POFILES=' ar.po az.po be.po bg.po bn.po ca.po cs.po cy.po da.po de.po el.po en_CA.po en_GB.po es.po eu.po fa.po fi.po fr.po ga.po gl.po gu.po hi.po hr.po hu.po id.po it.po ja.po ko.po lt.po mn.po ms.po nb.po ne.po nl.po no.po pa.po pl.po pt.po pt_BR.po ro.po ru.po rw.po sk.po sq.po sr.po sr@Latn.po sv.po ta.po tr.po uk.po vi.po zh_CN.po zh_TW.po'
POSUB='po'
PO_IN_DATADIR_FALSE=''
PO_IN_DATADIR_TRUE=''
RANLIB='ranlib'
SED='/usr/bin/sed'
SET_MAKE=''
SHELL='/bin/sh'
SRCORE_CFLAGS=''
SRCORE_LIBS=''
STRIP='strip'
TTYNAME_0='/dev/ttyS0'
TTYNAME_1='/dev/ttyS1'
TTYNAME_2='/dev/ttyS2'
TTYNAME_3='/dev/ttyS3'
USE_NLS='yes'
VERSION='1.0.0'
WARN_CFLAGS=' -Wall -Wstrict-prototypes -Wnested-externs -Werror=missing-prototypes -Werror=implicit-function-declaration -Werror=pointer-arith -Werror=init-self -Werror=format=2 -Werror=missing-include-dirs '
XGETTEXT='/usr/bin/xgettext'
X_LIBS='  -lX11 '
ac_ct_AR='ar'
ac_ct_CC='gcc'
ac_ct_DUMPBIN=''
am__EXEEXT_FALSE=''
am__EXEEXT_TRUE=''
am__fastdepCC_FALSE='#'
am__fastdepCC_TRUE=''
am__include='include'
am__isrc=''
am__leading_dot='.'
am__nodep='_no'
am__quote=''
am__tar='$${TAR-tar} chof - "$$tardir"'
am__untar='$${TAR-tar} xf -'
bindir='${exec_prefix}/bin'
build='x86_64-suse-linux-gnu'
build_alias=''
build_cpu='x86_64'
build_os='linux-gnu'
build_vendor='suse'
datadir='${datarootdir}'
datarootdir='${prefix}/share'
docdir='${datarootdir}/doc/${PACKAGE}'
dvidir='${docdir}'
exec_prefix='NONE'
gnopernicusconfdir='${prefix}/etc/gnopernicus-1.0'
gnopernicuslocaledir='${prefix}/${DATADIRNAME}/locale'
host='x86_64-suse-linux-gnu'
host_alias=''
host_cpu='x86_64'
host_os='linux-gnu'
host_vendor='suse'
htmldir='${docdir}'
includedir='${prefix}/include'
infodir='${datarootdir}/info'
install_sh='${SHELL} /home/clayton/Programs/GUI/x-magnifiers/GNOPERNICUS_1_0_0/install-sh'
intltool__v_merge_options_0='-q'
intltool__v_merge_options_='$(intltool__v_merge_options_$(AM_DEFAULT_VERBOSITY))'
libdir='${exec_prefix}/lib64'
libexecdir='${exec_prefix}/lib'
localedir='${datarootdir}/locale'
localstatedir='${prefix}/var'
mandir='${datarootdir}/man'
mkdir_p='$(MKDIR_P)'
oldincludedir='/usr/include'
pdfdir='${docdir}'
prefix='NONE'
program_transform_name='s,x,x,'
psdir='${docdir}'
sbindir='${exec_prefix}/sbin'
sharedstatedir='${prefix}/com'
sysconfdir='${prefix}/etc'
target_alias=''

## ----------- ##
## confdefs.h. ##
## ----------- ##

/* confdefs.h */
#define PACKAGE_NAME ""
#define PACKAGE_TARNAME ""
#define PACKAGE_VERSION ""
#define PACKAGE_STRING ""
#define PACKAGE_BUGREPORT ""
#define PACKAGE_URL ""
#define PACKAGE "gnopernicus"
#define VERSION "1.0.0"
#define STDC_HEADERS 1
#define HAVE_SYS_TYPES_H 1
#define HAVE_SYS_STAT_H 1
#define HAVE_STDLIB_H 1
#define HAVE_STRING_H 1
#define HAVE_MEMORY_H 1
#define HAVE_STRINGS_H 1
#define HAVE_INTTYPES_H 1
#define HAVE_STDINT_H 1
#define HAVE_UNISTD_H 1
#define HAVE_DLFCN_H 1
#define LT_OBJDIR ".libs/"
#define GETTEXT_PACKAGE "gnopernicus"
#define HAVE_LOCALE_H 1
#define HAVE_LC_MESSAGES 1
#define HAVE_BIND_TEXTDOMAIN_CODESET 1
#define HAVE_GETTEXT 1
#define HAVE_DCGETTEXT 1
#define ENABLE_NLS 1
#define HAVE_BIND_TEXTDOMAIN_CODESET 1
#define HAVE_LIBPOPT 1

configure: exit 1
