This file contains any messages produced by compilers while
running configure, to aid debugging if configure makes a mistake.

It was created by joymouse configure 0.5, which was
generated by GNU Autoconf 2.59.  Invocation command line was

  $ ./configure 

## --------- ##
## Platform. ##
## --------- ##

hostname = localhost.localdomain
uname -m = x86_64
uname -r = 5.3.18-59.27-preempt
uname -s = Linux
uname -v = #1 SMP PREEMPT Tue Oct 5 10:00:40 UTC 2021 (7df2404)

/usr/bin/uname -p = x86_64
/bin/uname -X     = unknown

/bin/arch              = x86_64
/usr/bin/arch -k       = unknown
/usr/convex/getsysinfo = unknown
hostinfo               = unknown
/bin/machine           = unknown
/usr/bin/oslevel       = unknown
/bin/universe          = unknown

PATH: /home/netpipe/bin
PATH: /usr/local/bin
PATH: /usr/bin
PATH: /bin


## ----------- ##
## Core tests. ##
## ----------- ##

configure:1214: loading site script /usr/share/site/x86_64-unknown-linux-gnu
| #!/bin/sh
| # Site script for configure. It is resourced via $CONFIG_SITE environment varaible.
| 
| # If user did not specify libdir, guess the correct target:
| # Use lib64 for 64 bit bi-arch targets, keep the default for the rest.
| if test "$libdir" = '${exec_prefix}/lib' ; then
| 
| 	ac_config_site_64bit_host=NONE
| 
| 	case "$host" in
| 	"" )
| 		# User did not specify host target.
| 		# The native platform x86_64 is a bi-arch platform.
| 		# Try to detect cross-compilation to inferior architecture.
| 
| 		# We are trying to guess 32-bit target compilation. It's not as easy as
| 		# it sounds, as there is possible several intermediate combinations.
| 		ac_config_site_cross_to_32bit_host=NONE
| 
| 		# User defined -m32 in CFLAGS or CXXFLAGS or CC or CXX:
| 		# (It's sufficient for 32-bit, but alone may cause mis-behavior of some checks.)
| 		case "$CFLAGS $CXXFLAGS $CC $CXX" in
| 		*-m32*)
| 			ac_config_site_cross_to_32bit_host=YES
| 			;;
| 		esac
| 
| 		# Running with linux32:
| 		# (Changes detected platform, but not the toolchain target.)
| 		case "`/bin/uname -i`" in
| 		x86_64 | ppc64 | s390x | aarch64 )
| 			;;
| 		* )
| 			ac_config_site_cross_to_32bit_host=YES
| 			;;
| 		esac
| 
| 		if test "x$ac_config_site_cross_to_32bit_host" = xNONE; then
| 			ac_config_site_64bit_host=YES
| 		fi
| 
| 		;;
| 	*x86_64* | *ppc64* | *s390x* | *aarch64* )
| 		ac_config_site_64bit_host=YES
| 		;;
| 	esac
| 
| 	if test "x$ac_config_site_64bit_host" = xYES; then
| 		libdir='${exec_prefix}/lib64'
| 	fi
| fi
| 
| # If user did not specify libexecdir, set the correct target:
| # Nor FHS nor openSUSE allow prefix/libexec. Let's default to prefix/lib.
| 
| if test "$libexecdir" = '${exec_prefix}/libexec' ; then
| 	libexecdir='${exec_prefix}/lib'
| fi
| 
| # Continue with the standard behavior of configure defined in AC_SITE_LOAD:
| if test "x$prefix" != xNONE; then
| 	ac_site_file1=$prefix/share/config.site
| 	ac_site_file2=$prefix/etc/config.site
| else
| 	ac_site_file1=$ac_default_prefix/share/config.site
| 	ac_site_file2=$ac_default_prefix/etc/config.site
| fi
| for ac_site_file in "$ac_site_file1" "$ac_site_file2"
| do
| 	test "x$ac_site_file" = xNONE && continue
| 	if test /dev/null != "$ac_site_file" && test -r "$ac_site_file"; then
| 		{ $as_echo "/usr/share/site/x86_64-unknown-linux-gnu:${as_lineno-$LINENO}: loading site script $ac_site_file" >&5
| $as_echo "/usr/share/site/x86_64-unknown-linux-gnu: loading site script $ac_site_file" >&6;}
| 		sed 's/^/| /' "$ac_site_file" >&5
| 		. "$ac_site_file" \
| 			|| { { $as_echo "/usr/share/site/x86_64-unknown-linux-gnu:${as_lineno-$LINENO}: error: in \`$ac_pwd':" >&5
| $as_echo "/usr/share/site/x86_64-unknown-linux-gnu: error: in \`$ac_pwd':" >&2;}
| as_fn_error $? "failed to load site script $ac_site_file
| See \`config.log' for more details" "$LINENO" 5; }
| 	fi
| done
configure:1367: checking for a BSD-compatible install
configure:1422: result: /usr/bin/install -c
configure:1433: checking whether build environment is sane
configure:1476: result: yes
configure:1509: checking for gawk
configure:1525: found /usr/bin/gawk
configure:1535: result: gawk
configure:1545: checking whether make sets $(MAKE)
configure:1565: result: yes
configure:1763: checking for gcc
configure:1779: found /usr/bin/gcc
configure:1789: result: gcc
configure:2033: checking for C compiler version
configure:2036: gcc --version </dev/null >&5
gcc (SUSE Linux) 7.5.0
Copyright (C) 2017 Free Software Foundation, Inc.
This is free software; see the source for copying conditions.  There is NO
warranty; not even for MERCHANTABILITY or FITNESS FOR A PARTICULAR PURPOSE.

configure:2039: $? = 0
configure:2041: gcc -v </dev/null >&5
Using built-in specs.
COLLECT_GCC=gcc
COLLECT_LTO_WRAPPER=/usr/lib64/gcc/x86_64-suse-linux/7/lto-wrapper
OFFLOAD_TARGET_NAMES=hsa:nvptx-none
Target: x86_64-suse-linux
Configured with: ../configure --prefix=/usr --infodir=/usr/share/info --mandir=/usr/share/man --libdir=/usr/lib64 --libexecdir=/usr/lib64 --enable-languages=c,c++,objc,fortran,obj-c++,ada,go --enable-offload-targets=hsa,nvptx-none, --without-cuda-driver --enable-checking=release --disable-werror --with-gxx-include-dir=/usr/include/c++/7 --enable-ssp --disable-libssp --disable-libvtv --disable-libcc1 --disable-plugin --with-bugurl=https://bugs.opensuse.org/ --with-pkgversion='SUSE Linux' --with-slibdir=/lib64 --with-system-zlib --enable-libstdcxx-allocator=new --disable-libstdcxx-pch --enable-version-specific-runtime-libs --with-gcc-major-version-only --enable-linker-build-id --enable-linux-futex --enable-gnu-indirect-function --program-suffix=-7 --without-system-libunwind --enable-multilib --with-arch-32=x86-64 --with-tune=generic --build=x86_64-suse-linux --host=x86_64-suse-linux
Thread model: posix
gcc version 7.5.0 (SUSE Linux) 
configure:2044: $? = 0
configure:2046: gcc -V </dev/null >&5
gcc: error: unrecognized command line option '-V'
gcc: fatal error: no input files
compilation terminated.
configure:2049: $? = 1
configure:2072: checking for C compiler default output file name
configure:2075: gcc    conftest.c  >&5
configure:2078: $? = 0
configure:2124: result: a.out
configure:2129: checking whether the C compiler works
configure:2135: ./a.out
configure:2138: $? = 0
configure:2155: result: yes
configure:2162: checking whether we are cross compiling
configure:2164: result: no
configure:2167: checking for suffix of executables
configure:2169: gcc -o conftest    conftest.c  >&5
configure:2172: $? = 0
configure:2197: result: 
configure:2203: checking for suffix of object files
configure:2224: gcc -c   conftest.c >&5
configure:2227: $? = 0
configure:2249: result: o
configure:2253: checking whether we are using the GNU C compiler
configure:2277: gcc -c   conftest.c >&5
configure:2283: $? = 0
configure:2287: test -z 
			 || test ! -s conftest.err
configure:2290: $? = 0
configure:2293: test -s conftest.o
configure:2296: $? = 0
configure:2309: result: yes
configure:2315: checking whether gcc accepts -g
configure:2336: gcc -c -g  conftest.c >&5
configure:2342: $? = 0
configure:2346: test -z 
			 || test ! -s conftest.err
configure:2349: $? = 0
configure:2352: test -s conftest.o
configure:2355: $? = 0
configure:2366: result: yes
configure:2383: checking for gcc option to accept ANSI C
configure:2453: gcc  -c -g -O2  conftest.c >&5
configure:2459: $? = 0
configure:2463: test -z 
			 || test ! -s conftest.err
configure:2466: $? = 0
configure:2469: test -s conftest.o
configure:2472: $? = 0
configure:2490: result: none needed
configure:2508: gcc -c -g -O2  conftest.c >&5
conftest.c:2:3: error: unknown type name 'choke'
   choke me
   ^~~~~
conftest.c:2:3: error: expected '=', ',', ';', 'asm' or '__attribute__' at end of input
configure:2514: $? = 1
configure: failed program was:
| #ifndef __cplusplus
|   choke me
| #endif
configure:2666: checking for style of include used by make
configure:2694: result: GNU
configure:2722: checking dependency style of gcc
configure:2784: result: gcc3
configure:2802: checking for a BSD-compatible install
configure:2857: result: /usr/bin/install -c
configure:2875: checking how to run the C preprocessor
configure:2910: gcc -E  conftest.c
configure:2916: $? = 0
configure:2948: gcc -E  conftest.c
conftest.c:11:10: fatal error: ac_nonexistent.h: No such file or directory
 #include <ac_nonexistent.h>
          ^~~~~~~~~~~~~~~~~~
compilation terminated.
configure:2954: $? = 1
configure: failed program was:
| /* confdefs.h.  */
| 
| #define PACKAGE_NAME "joymouse"
| #define PACKAGE_TARNAME "joymouse"
| #define PACKAGE_VERSION "0.5"
| #define PACKAGE_STRING "joymouse 0.5"
| #define PACKAGE_BUGREPORT "spam84@gmx.de"
| #define PACKAGE "joymouse"
| #define VERSION "0.5"
| /* end confdefs.h.  */
| #include <ac_nonexistent.h>
configure:2993: result: gcc -E
configure:3017: gcc -E  conftest.c
configure:3023: $? = 0
configure:3055: gcc -E  conftest.c
conftest.c:11:10: fatal error: ac_nonexistent.h: No such file or directory
 #include <ac_nonexistent.h>
          ^~~~~~~~~~~~~~~~~~
compilation terminated.
configure:3061: $? = 1
configure: failed program was:
| /* confdefs.h.  */
| 
| #define PACKAGE_NAME "joymouse"
| #define PACKAGE_TARNAME "joymouse"
| #define PACKAGE_VERSION "0.5"
| #define PACKAGE_STRING "joymouse 0.5"
| #define PACKAGE_BUGREPORT "spam84@gmx.de"
| #define PACKAGE "joymouse"
| #define VERSION "0.5"
| /* end confdefs.h.  */
| #include <ac_nonexistent.h>
configure:3105: checking for egrep
configure:3115: result: grep -E
configure:3120: checking for ANSI C header files
configure:3145: gcc -c -g -O2  conftest.c >&5
configure:3151: $? = 0
configure:3155: test -z 
			 || test ! -s conftest.err
configure:3158: $? = 0
configure:3161: test -s conftest.o
configure:3164: $? = 0
configure:3253: gcc -o conftest -g -O2   conftest.c  >&5
conftest.c: In function 'main':
conftest.c:28:7: warning: implicit declaration of function 'exit' [-Wimplicit-function-declaration]
       exit(2);
       ^~~~
conftest.c:28:7: warning: incompatible implicit declaration of built-in function 'exit'
conftest.c:28:7: note: include '<stdlib.h>' or provide a declaration of 'exit'
conftest.c:29:3: warning: incompatible implicit declaration of built-in function 'exit'
   exit (0);
   ^~~~
conftest.c:29:3: note: include '<stdlib.h>' or provide a declaration of 'exit'
configure:3256: $? = 0
configure:3258: ./conftest
configure:3261: $? = 0
configure:3276: result: yes
configure:3300: checking for sys/types.h
configure:3316: gcc -c -g -O2  conftest.c >&5
configure:3322: $? = 0
configure:3326: test -z 
			 || test ! -s conftest.err
configure:3329: $? = 0
configure:3332: test -s conftest.o
configure:3335: $? = 0
configure:3346: result: yes
configure:3300: checking for sys/stat.h
configure:3316: gcc -c -g -O2  conftest.c >&5
configure:3322: $? = 0
configure:3326: test -z 
			 || test ! -s conftest.err
configure:3329: $? = 0
configure:3332: test -s conftest.o
configure:3335: $? = 0
configure:3346: result: yes
configure:3300: checking for stdlib.h
configure:3316: gcc -c -g -O2  conftest.c >&5
configure:3322: $? = 0
configure:3326: test -z 
			 || test ! -s conftest.err
configure:3329: $? = 0
configure:3332: test -s conftest.o
configure:3335: $? = 0
configure:3346: result: yes
configure:3300: checking for string.h
configure:3316: gcc -c -g -O2  conftest.c >&5
configure:3322: $? = 0
configure:3326: test -z 
			 || test ! -s conftest.err
configure:3329: $? = 0
configure:3332: test -s conftest.o
configure:3335: $? = 0
configure:3346: result: yes
configure:3300: checking for memory.h
configure:3316: gcc -c -g -O2  conftest.c >&5
configure:3322: $? = 0
configure:3326: test -z 
			 || test ! -s conftest.err
configure:3329: $? = 0
configure:3332: test -s conftest.o
configure:3335: $? = 0
configure:3346: result: yes
configure:3300: checking for strings.h
configure:3316: gcc -c -g -O2  conftest.c >&5
configure:3322: $? = 0
configure:3326: test -z 
			 || test ! -s conftest.err
configure:3329: $? = 0
configure:3332: test -s conftest.o
configure:3335: $? = 0
configure:3346: result: yes
configure:3300: checking for inttypes.h
configure:3316: gcc -c -g -O2  conftest.c >&5
configure:3322: $? = 0
configure:3326: test -z 
			 || test ! -s conftest.err
configure:3329: $? = 0
configure:3332: test -s conftest.o
configure:3335: $? = 0
configure:3346: result: yes
configure:3300: checking for stdint.h
configure:3316: gcc -c -g -O2  conftest.c >&5
configure:3322: $? = 0
configure:3326: test -z 
			 || test ! -s conftest.err
configure:3329: $? = 0
configure:3332: test -s conftest.o
configure:3335: $? = 0
configure:3346: result: yes
configure:3300: checking for unistd.h
configure:3316: gcc -c -g -O2  conftest.c >&5
configure:3322: $? = 0
configure:3326: test -z 
			 || test ! -s conftest.err
configure:3329: $? = 0
configure:3332: test -s conftest.o
configure:3335: $? = 0
configure:3346: result: yes
configure:3377: checking linux/joystick.h usability
configure:3389: gcc -c -g -O2  conftest.c >&5
configure:3395: $? = 0
configure:3399: test -z 
			 || test ! -s conftest.err
configure:3402: $? = 0
configure:3405: test -s conftest.o
configure:3408: $? = 0
configure:3418: result: yes
configure:3422: checking linux/joystick.h presence
configure:3432: gcc -E  conftest.c
configure:3438: $? = 0
configure:3458: result: yes
configure:3493: checking for linux/joystick.h
configure:3500: result: yes
configure:3377: checking fcntl.h usability
configure:3389: gcc -c -g -O2  conftest.c >&5
configure:3395: $? = 0
configure:3399: test -z 
			 || test ! -s conftest.err
configure:3402: $? = 0
configure:3405: test -s conftest.o
configure:3408: $? = 0
configure:3418: result: yes
configure:3422: checking fcntl.h presence
configure:3432: gcc -E  conftest.c
configure:3438: $? = 0
configure:3458: result: yes
configure:3493: checking for fcntl.h
configure:3500: result: yes
configure:3377: checking sys/ioctl.h usability
configure:3389: gcc -c -g -O2  conftest.c >&5
configure:3395: $? = 0
configure:3399: test -z 
			 || test ! -s conftest.err
configure:3402: $? = 0
configure:3405: test -s conftest.o
configure:3408: $? = 0
configure:3418: result: yes
configure:3422: checking sys/ioctl.h presence
configure:3432: gcc -E  conftest.c
configure:3438: $? = 0
configure:3458: result: yes
configure:3493: checking for sys/ioctl.h
configure:3500: result: yes
configure:3377: checking errno.h usability
configure:3389: gcc -c -g -O2  conftest.c >&5
configure:3395: $? = 0
configure:3399: test -z 
			 || test ! -s conftest.err
configure:3402: $? = 0
configure:3405: test -s conftest.o
configure:3408: $? = 0
configure:3418: result: yes
configure:3422: checking errno.h presence
configure:3432: gcc -E  conftest.c
configure:3438: $? = 0
configure:3458: result: yes
configure:3493: checking for errno.h
configure:3500: result: yes
configure:3377: checking signal.h usability
configure:3389: gcc -c -g -O2  conftest.c >&5
configure:3395: $? = 0
configure:3399: test -z 
			 || test ! -s conftest.err
configure:3402: $? = 0
configure:3405: test -s conftest.o
configure:3408: $? = 0
configure:3418: result: yes
configure:3422: checking signal.h presence
configure:3432: gcc -E  conftest.c
configure:3438: $? = 0
configure:3458: result: yes
configure:3493: checking for signal.h
configure:3500: result: yes
configure:3377: checking math.h usability
configure:3389: gcc -c -g -O2  conftest.c >&5
configure:3395: $? = 0
configure:3399: test -z 
			 || test ! -s conftest.err
configure:3402: $? = 0
configure:3405: test -s conftest.o
configure:3408: $? = 0
configure:3418: result: yes
configure:3422: checking math.h presence
configure:3432: gcc -E  conftest.c
configure:3438: $? = 0
configure:3458: result: yes
configure:3493: checking for math.h
configure:3500: result: yes
configure:3514: checking for X
configure:3619: gcc -E  conftest.c
conftest.c:27:10: fatal error: X11/Intrinsic.h: No such file or directory
 #include <X11/Intrinsic.h>
          ^~~~~~~~~~~~~~~~~
compilation terminated.
configure:3625: $? = 1
configure: failed program was:
| /* confdefs.h.  */
| 
| #define PACKAGE_NAME "joymouse"
| #define PACKAGE_TARNAME "joymouse"
| #define PACKAGE_VERSION "0.5"
| #define PACKAGE_STRING "joymouse 0.5"
| #define PACKAGE_BUGREPORT "spam84@gmx.de"
| #define PACKAGE "joymouse"
| #define VERSION "0.5"
| #define STDC_HEADERS 1
| #define HAVE_SYS_TYPES_H 1
| #define HAVE_SYS_STAT_H 1
| #define HAVE_STDLIB_H 1
| #define HAVE_STRING_H 1
| #define HAVE_MEMORY_H 1
| #define HAVE_STRINGS_H 1
| #define HAVE_INTTYPES_H 1
| #define HAVE_STDINT_H 1
| #define HAVE_UNISTD_H 1
| #define HAVE_LINUX_JOYSTICK_H 1
| #define HAVE_FCNTL_H 1
| #define HAVE_SYS_IOCTL_H 1
| #define HAVE_ERRNO_H 1
| #define HAVE_SIGNAL_H 1
| #define HAVE_MATH_H 1
| /* end confdefs.h.  */
| #include <X11/Intrinsic.h>
configure:3675: gcc -o conftest -g -O2   conftest.c -lXt  >&5
conftest.c:27:10: fatal error: X11/Intrinsic.h: No such file or directory
 #include <X11/Intrinsic.h>
          ^~~~~~~~~~~~~~~~~
compilation terminated.
configure:3681: $? = 1
configure: failed program was:
| /* confdefs.h.  */
| 
| #define PACKAGE_NAME "joymouse"
| #define PACKAGE_TARNAME "joymouse"
| #define PACKAGE_VERSION "0.5"
| #define PACKAGE_STRING "joymouse 0.5"
| #define PACKAGE_BUGREPORT "spam84@gmx.de"
| #define PACKAGE "joymouse"
| #define VERSION "0.5"
| #define STDC_HEADERS 1
| #define HAVE_SYS_TYPES_H 1
| #define HAVE_SYS_STAT_H 1
| #define HAVE_STDLIB_H 1
| #define HAVE_STRING_H 1
| #define HAVE_MEMORY_H 1
| #define HAVE_STRINGS_H 1
| #define HAVE_INTTYPES_H 1
| #define HAVE_STDINT_H 1
| #define HAVE_UNISTD_H 1
| #define HAVE_LINUX_JOYSTICK_H 1
| #define HAVE_FCNTL_H 1
| #define HAVE_SYS_IOCTL_H 1
| #define HAVE_ERRNO_H 1
| #define HAVE_SIGNAL_H 1
| #define HAVE_MATH_H 1
| /* end confdefs.h.  */
| #include <X11/Intrinsic.h>
| int
| main ()
| {
| XtMalloc (0)
|   ;
|   return 0;
| }
configure:3734: result: no
configure:4906: checking for pow in -lm
configure:4936: gcc -o conftest -g -O2    conftest.c -lm    >&5
conftest.c:35:6: warning: conflicting types for built-in function 'pow' [-Wbuiltin-declaration-mismatch]
 char pow ();
      ^~~
configure:4942: $? = 0
configure:4946: test -z 
			 || test ! -s conftest.err
configure:4949: $? = 0
configure:4952: test -s conftest
configure:4955: $? = 0
configure:4968: result: yes
configure:4980: checking for XTestFakeKeyEvent in -lXtst
configure:5010: gcc -o conftest -g -O2    conftest.c -lXtst  -lm   >&5
configure:5016: $? = 0
configure:5020: test -z 
			 || test ! -s conftest.err
configure:5023: $? = 0
configure:5026: test -s conftest
configure:5029: $? = 0
configure:5042: result: yes
configure:5054: checking for XFlush in -lX11
configure:5084: gcc -o conftest -g -O2    conftest.c -lX11  -lXtst -lm   >&5
configure:5090: $? = 0
configure:5094: test -z 
			 || test ! -s conftest.err
configure:5097: $? = 0
configure:5100: test -s conftest
configure:5103: $? = 0
configure:5116: result: yes
configure:5128: checking if 1=2
configure:5130: result: no, thanks heaven
configure:5146: checking for pow
configure:5203: gcc -o conftest -g -O2    conftest.c -lX11 -lXtst -lm   >&5
conftest.c:55:6: warning: conflicting types for built-in function 'pow' [-Wbuiltin-declaration-mismatch]
 char pow ();
      ^~~
configure:5209: $? = 0
configure:5213: test -z 
			 || test ! -s conftest.err
configure:5216: $? = 0
configure:5219: test -s conftest
configure:5222: $? = 0
configure:5234: result: yes
configure:5146: checking for abs
configure:5203: gcc -o conftest -g -O2    conftest.c -lX11 -lXtst -lm   >&5
conftest.c:56:6: warning: conflicting types for built-in function 'abs' [-Wbuiltin-declaration-mismatch]
 char abs ();
      ^~~
configure:5209: $? = 0
configure:5213: test -z 
			 || test ! -s conftest.err
configure:5216: $? = 0
configure:5219: test -s conftest
configure:5222: $? = 0
configure:5234: result: yes
configure:5146: checking for perror
configure:5203: gcc -o conftest -g -O2    conftest.c -lX11 -lXtst -lm   >&5
configure:5209: $? = 0
configure:5213: test -z 
			 || test ! -s conftest.err
configure:5216: $? = 0
configure:5219: test -s conftest
configure:5222: $? = 0
configure:5234: result: yes
configure:5146: checking for ioctl
configure:5203: gcc -o conftest -g -O2    conftest.c -lX11 -lXtst -lm   >&5
configure:5209: $? = 0
configure:5213: test -z 
			 || test ! -s conftest.err
configure:5216: $? = 0
configure:5219: test -s conftest
configure:5222: $? = 0
configure:5234: result: yes
configure:5146: checking for getopt
configure:5203: gcc -o conftest -g -O2    conftest.c -lX11 -lXtst -lm   >&5
configure:5209: $? = 0
configure:5213: test -z 
			 || test ! -s conftest.err
configure:5216: $? = 0
configure:5219: test -s conftest
configure:5222: $? = 0
configure:5234: result: yes
configure:5146: checking for usleep
configure:5203: gcc -o conftest -g -O2    conftest.c -lX11 -lXtst -lm   >&5
configure:5209: $? = 0
configure:5213: test -z 
			 || test ! -s conftest.err
configure:5216: $? = 0
configure:5219: test -s conftest
configure:5222: $? = 0
configure:5234: result: yes
configure:5146: checking for fork
configure:5203: gcc -o conftest -g -O2    conftest.c -lX11 -lXtst -lm   >&5
conftest.c:61:6: warning: conflicting types for built-in function 'fork' [-Wbuiltin-declaration-mismatch]
 char fork ();
      ^~~~
configure:5209: $? = 0
configure:5213: test -z 
			 || test ! -s conftest.err
configure:5216: $? = 0
configure:5219: test -s conftest
configure:5222: $? = 0
configure:5234: result: yes
configure:5146: checking for signal
configure:5203: gcc -o conftest -g -O2    conftest.c -lX11 -lXtst -lm   >&5
configure:5209: $? = 0
configure:5213: test -z 
			 || test ! -s conftest.err
configure:5216: $? = 0
configure:5219: test -s conftest
configure:5222: $? = 0
configure:5234: result: yes
configure:5146: checking for mkfifo
configure:5203: gcc -o conftest -g -O2    conftest.c -lX11 -lXtst -lm   >&5
configure:5209: $? = 0
configure:5213: test -z 
			 || test ! -s conftest.err
configure:5216: $? = 0
configure:5219: test -s conftest
configure:5222: $? = 0
configure:5234: result: yes
configure:5146: checking for XTestFakeKeyEvent
configure:5203: gcc -o conftest -g -O2    conftest.c -lX11 -lXtst -lm   >&5
configure:5209: $? = 0
configure:5213: test -z 
			 || test ! -s conftest.err
configure:5216: $? = 0
configure:5219: test -s conftest
configure:5222: $? = 0
configure:5234: result: yes
configure:5146: checking for XFlush
configure:5203: gcc -o conftest -g -O2    conftest.c -lX11 -lXtst -lm   >&5
configure:5209: $? = 0
configure:5213: test -z 
			 || test ! -s conftest.err
configure:5216: $? = 0
configure:5219: test -s conftest
configure:5222: $? = 0
configure:5234: result: yes
configure:5348: creating ./config.status

## ---------------------- ##
## Running config.status. ##
## ---------------------- ##

This file was extended by joymouse config.status 0.5, which was
generated by GNU Autoconf 2.59.  Invocation command line was

  CONFIG_FILES    = 
  CONFIG_HEADERS  = 
  CONFIG_LINKS    = 
  CONFIG_COMMANDS = 
  $ ./config.status 

on localhost.localdomain

config.status:687: creating Makefile
config.status:687: creating src/Makefile
config.status:791: creating config.h
config.status:1112: executing depfiles commands

## ---------------- ##
## Cache variables. ##
## ---------------- ##

ac_cv_c_compiler_gnu=yes
ac_cv_env_CC_set=
ac_cv_env_CC_value=
ac_cv_env_CFLAGS_set=
ac_cv_env_CFLAGS_value=
ac_cv_env_CPPFLAGS_set=
ac_cv_env_CPPFLAGS_value=
ac_cv_env_CPP_set=
ac_cv_env_CPP_value=
ac_cv_env_LDFLAGS_set=
ac_cv_env_LDFLAGS_value=
ac_cv_env_build_alias_set=
ac_cv_env_build_alias_value=
ac_cv_env_host_alias_set=
ac_cv_env_host_alias_value=
ac_cv_env_target_alias_set=
ac_cv_env_target_alias_value=
ac_cv_exeext=
ac_cv_func_XFlush=yes
ac_cv_func_XTestFakeKeyEvent=yes
ac_cv_func_abs=yes
ac_cv_func_fork=yes
ac_cv_func_getopt=yes
ac_cv_func_ioctl=yes
ac_cv_func_mkfifo=yes
ac_cv_func_perror=yes
ac_cv_func_pow=yes
ac_cv_func_signal=yes
ac_cv_func_usleep=yes
ac_cv_have_x=have_x=no
ac_cv_header_errno_h=yes
ac_cv_header_fcntl_h=yes
ac_cv_header_inttypes_h=yes
ac_cv_header_linux_joystick_h=yes
ac_cv_header_math_h=yes
ac_cv_header_memory_h=yes
ac_cv_header_signal_h=yes
ac_cv_header_stdc=yes
ac_cv_header_stdint_h=yes
ac_cv_header_stdlib_h=yes
ac_cv_header_string_h=yes
ac_cv_header_strings_h=yes
ac_cv_header_sys_ioctl_h=yes
ac_cv_header_sys_stat_h=yes
ac_cv_header_sys_types_h=yes
ac_cv_header_unistd_h=yes
ac_cv_lib_X11_XFlush=yes
ac_cv_lib_Xtst_XTestFakeKeyEvent=yes
ac_cv_lib_m_pow=yes
ac_cv_objext=o
ac_cv_path_install='/usr/bin/install -c'
ac_cv_prog_AWK=gawk
ac_cv_prog_CPP='gcc -E'
ac_cv_prog_ac_ct_CC=gcc
ac_cv_prog_cc_g=yes
ac_cv_prog_cc_stdc=
ac_cv_prog_egrep='grep -E'
ac_cv_prog_make_make_set=yes
am_cv_CC_dependencies_compiler_type=gcc3

## ----------------- ##
## Output variables. ##
## ----------------- ##

ACLOCAL='${SHELL} /home/netpipe/Desktop/collecto/joymouse-0.5/missing --run aclocal-1.6'
AMDEPBACKSLASH='\'
AMDEP_FALSE='#'
AMDEP_TRUE=''
AMTAR='${SHELL} /home/netpipe/Desktop/collecto/joymouse-0.5/missing --run tar'
AUTOCONF='${SHELL} /home/netpipe/Desktop/collecto/joymouse-0.5/missing --run autoconf'
AUTOHEADER='${SHELL} /home/netpipe/Desktop/collecto/joymouse-0.5/missing --run autoheader'
AUTOMAKE='${SHELL} /home/netpipe/Desktop/collecto/joymouse-0.5/missing --run automake-1.6'
AWK='gawk'
CC='gcc'
CCDEPMODE='depmode=gcc3'
CFLAGS='-g -O2'
CPP='gcc -E'
CPPFLAGS=' '
DEFS='-DHAVE_CONFIG_H'
DEPDIR='.deps'
ECHO_C=''
ECHO_N='-n'
ECHO_T=''
EGREP='grep -E'
EXEEXT=''
INSTALL_DATA='${INSTALL} -m 644'
INSTALL_PROGRAM='${INSTALL}'
INSTALL_SCRIPT='${INSTALL}'
INSTALL_STRIP_PROGRAM='${SHELL} $(install_sh) -c -s'
LDFLAGS=''
LIBOBJS=''
LIBS='-lX11 -lXtst -lm  '
LTLIBOBJS=''
MAKEINFO='${SHELL} /home/netpipe/Desktop/collecto/joymouse-0.5/missing --run makeinfo'
OBJEXT='o'
PACKAGE='joymouse'
PACKAGE_BUGREPORT='spam84@gmx.de'
PACKAGE_NAME='joymouse'
PACKAGE_STRING='joymouse 0.5'
PACKAGE_TARNAME='joymouse'
PACKAGE_VERSION='0.5'
PATH_SEPARATOR=':'
SET_MAKE=''
SHELL='/bin/sh'
STRIP=''
VERSION='0.5'
X_CFLAGS=''
X_EXTRA_LIBS=''
X_LIBS=''
X_PRE_LIBS=''
ac_ct_CC='gcc'
ac_ct_STRIP=''
am__include='include'
am__quote=''
bindir='${exec_prefix}/bin'
build_alias=''
datadir='${prefix}/share'
exec_prefix='${prefix}'
host_alias=''
includedir='${prefix}/include'
infodir='${prefix}/info'
install_sh='/home/netpipe/Desktop/collecto/joymouse-0.5/install-sh'
libdir='${exec_prefix}/lib64'
libexecdir='${exec_prefix}/lib'
localstatedir='${prefix}/var'
mandir='${prefix}/man'
oldincludedir='/usr/include'
prefix='/usr/local'
program_transform_name='s,x,x,'
sbindir='${exec_prefix}/sbin'
sharedstatedir='${prefix}/com'
sysconfdir='${prefix}/etc'
target_alias=''

## ----------- ##
## confdefs.h. ##
## ----------- ##

#define HAVE_ABS 1
#define HAVE_ERRNO_H 1
#define HAVE_FCNTL_H 1
#define HAVE_FORK 1
#define HAVE_GETOPT 1
#define HAVE_INTTYPES_H 1
#define HAVE_IOCTL 1
#define HAVE_LIBM 1
#define HAVE_LIBX11 1
#define HAVE_LIBXTST 1
#define HAVE_LINUX_JOYSTICK_H 1
#define HAVE_MATH_H 1
#define HAVE_MEMORY_H 1
#define HAVE_MKFIFO 1
#define HAVE_PERROR 1
#define HAVE_POW 1
#define HAVE_SIGNAL 1
#define HAVE_SIGNAL_H 1
#define HAVE_STDINT_H 1
#define HAVE_STDLIB_H 1
#define HAVE_STRINGS_H 1
#define HAVE_STRING_H 1
#define HAVE_SYS_IOCTL_H 1
#define HAVE_SYS_STAT_H 1
#define HAVE_SYS_TYPES_H 1
#define HAVE_UNISTD_H 1
#define HAVE_USLEEP 1
#define HAVE_XFLUSH 1
#define HAVE_XTESTFAKEKEYEVENT 1
#define PACKAGE "joymouse"
#define PACKAGE_BUGREPORT "spam84@gmx.de"
#define PACKAGE_NAME "joymouse"
#define PACKAGE_STRING "joymouse 0.5"
#define PACKAGE_TARNAME "joymouse"
#define PACKAGE_VERSION "0.5"
#define STDC_HEADERS 1
#define VERSION "0.5"
#define X_DISPLAY_MISSING 1

configure: exit 0
