This file contains any messages produced by compilers while
running configure, to aid debugging if configure makes a mistake.

It was created by configure, which was
generated by GNU Autoconf 2.69.  Invocation command line was

  $ ./configure 

## --------- ##
## Platform. ##
## --------- ##

hostname = LHD-11
uname -m = x86_64
uname -r = 4.3.0-1-default
uname -s = Linux
uname -v = #1 SMP PREEMPT Mon Nov 2 15:35:09 UTC 2015 (7b374a4)

/usr/bin/uname -p = x86_64
/bin/uname -X     = unknown

/bin/arch              = x86_64
/usr/bin/arch -k       = unknown
/usr/convex/getsysinfo = unknown
/usr/bin/hostinfo      = unknown
/bin/machine           = unknown
/usr/bin/oslevel       = unknown
/bin/universe          = unknown

PATH: /usr/local/bin
PATH: /usr/bin
PATH: /bin
PATH: /usr/bin/X11
PATH: /usr/games
PATH: /opt/kde3/bin
PATH: /usr/lib/mit/bin
PATH: /usr/lib/mit/sbin


## ----------- ##
## Core tests. ##
## ----------- ##

configure:2338: loading site script /usr/share/site/x86_64-unknown-linux-gnu
| #!/bin/sh
| # Site script for configure. It is resourced via $CONFIG_SITE environment varaible.
| 
| # If user did not specify libdir, guess the correct target:
| # Use lib64 for 64 bit bi-arch targets, keep the default for the rest.
| if test "$libdir" = '${exec_prefix}/lib' ; then
| 
| 	ac_config_site_64bit_host=NONE
| 
| 	case "$host" in
| 	"" )
| 		# User did not specify host target.
| 		# The native platform x86_64 is a bi-arch platform.
| 		# Try to detect cross-compilation to inferior architecture.
| 
| 		# We are trying to guess 32-bit target compilation. It's not as easy as
| 		# it sounds, as there is possible several intermediate combinations.
| 		ac_config_site_cross_to_32bit_host=NONE
| 
| 		# User defined -m32 in CFLAGS or CXXFLAGS or CC or CXX:
| 		# (It's sufficient for 32-bit, but alone may cause mis-behavior of some checks.)
| 		case "$CFLAGS $CXXFLAGS $CC $CXX" in
| 		*-m32*)
| 			ac_config_site_cross_to_32bit_host=YES
| 			;;
| 		esac
| 
| 		# Running with linux32:
| 		# (Changes detected platform, but not the toolchain target.)
| 		case "`/bin/uname -i`" in
| 		x86_64 | ppc64 | s390x )
| 			;;
| 		* )
| 			ac_config_site_cross_to_32bit_host=YES
| 			;;
| 		esac
| 
| 		if test "x$ac_config_site_cross_to_32bit_host" = xNONE; then
| 			ac_config_site_64bit_host=YES
| 		fi
| 
| 		;;
| 	*x86_64* | *ppc64* | *s390x* )
| 		ac_config_site_64bit_host=YES
| 		;;
| 	esac
| 
| 	if test "x$ac_config_site_64bit_host" = xYES; then
| 		libdir='${exec_prefix}/lib64'
| 	fi
| fi
| 
| # If user did not specify libexecdir, set the correct target:
| # Nor FHS nor openSUSE allow prefix/libexec. Let's default to prefix/lib.
| 
| if test "$libexecdir" = '${exec_prefix}/libexec' ; then
| 	libexecdir='${exec_prefix}/lib'
| fi
| 
| # Continue with the standard behavior of configure defined in AC_SITE_LOAD:
| if test "x$prefix" != xNONE; then
| 	ac_site_file1=$prefix/share/config.site
| 	ac_site_file2=$prefix/etc/config.site
| else
| 	ac_site_file1=$ac_default_prefix/share/config.site
| 	ac_site_file2=$ac_default_prefix/etc/config.site
| fi
| for ac_site_file in "$ac_site_file1" "$ac_site_file2"
| do
| 	test "x$ac_site_file" = xNONE && continue
| 	if test /dev/null != "$ac_site_file" && test -r "$ac_site_file"; then
| 		{ $as_echo "/usr/share/site/x86_64-unknown-linux-gnu:${as_lineno-$LINENO}: loading site script $ac_site_file" >&5
| $as_echo "/usr/share/site/x86_64-unknown-linux-gnu: loading site script $ac_site_file" >&6;}
| 		sed 's/^/| /' "$ac_site_file" >&5
| 		. "$ac_site_file" \
| 			|| { { $as_echo "/usr/share/site/x86_64-unknown-linux-gnu:${as_lineno-$LINENO}: error: in \`$ac_pwd':" >&5
| $as_echo "/usr/share/site/x86_64-unknown-linux-gnu: error: in \`$ac_pwd':" >&2;}
| as_fn_error $? "failed to load site script $ac_site_file
| See \`config.log' for more details" "$LINENO" 5; }
| 	fi
| done
configure:2502: checking for a BSD-compatible install
configure:2570: result: /usr/bin/install -c
configure:2581: checking whether build environment is sane
configure:2636: result: yes
configure:2674: WARNING: 'missing' script is too old or missing
configure:2787: checking for a thread-safe mkdir -p
configure:2826: result: /usr/bin/mkdir -p
configure:2833: checking for gawk
configure:2849: found /usr/bin/gawk
configure:2860: result: gawk
configure:2871: checking whether make sets $(MAKE)
configure:2893: result: yes
configure:2922: checking whether make supports nested variables
configure:2939: result: yes
configure:3025: checking whether to enable maintainer-specific portions of Makefiles
configure:3034: result: no
configure:3060: checking for style of include used by make
configure:3088: result: GNU
configure:3159: checking for gcc
configure:3175: found /usr/bin/gcc
configure:3186: result: gcc
configure:3415: checking for C compiler version
configure:3424: gcc --version >&5
gcc (SUSE Linux) 5.2.1 20151008 [gcc-5-branch revision 228597]
Copyright (C) 2015 Free Software Foundation, Inc.
This is free software; see the source for copying conditions.  There is NO
warranty; not even for MERCHANTABILITY or FITNESS FOR A PARTICULAR PURPOSE.

configure:3435: $? = 0
configure:3424: gcc -v >&5
Using built-in specs.
COLLECT_GCC=gcc
COLLECT_LTO_WRAPPER=/usr/lib64/gcc/x86_64-suse-linux/5/lto-wrapper
Target: x86_64-suse-linux
Configured with: ../configure --prefix=/usr --infodir=/usr/share/info --mandir=/usr/share/man --libdir=/usr/lib64 --libexecdir=/usr/lib64 --enable-languages=c,c++,objc,fortran,obj-c++,java,ada,go --enable-checking=release --with-gxx-include-dir=/usr/include/c++/5 --enable-ssp --disable-libssp --disable-libvtv --enable-libmpx --disable-plugin --with-bugurl=http://bugs.opensuse.org/ --with-pkgversion='SUSE Linux' --disable-libgcj --with-slibdir=/lib64 --with-system-zlib --enable-__cxa_atexit --enable-libstdcxx-allocator=new --disable-libstdcxx-pch --enable-version-specific-runtime-libs --enable-linker-build-id --enable-linux-futex --program-suffix=-5 --without-system-libunwind --enable-multilib --with-arch-32=i586 --with-tune=generic --build=x86_64-suse-linux --host=x86_64-suse-linux
Thread model: posix
gcc version 5.2.1 20151008 [gcc-5-branch revision 228597] (SUSE Linux) 
configure:3435: $? = 0
configure:3424: gcc -V >&5
gcc: error: unrecognized command line option '-V'
gcc: fatal error: no input files
compilation terminated.
configure:3435: $? = 1
configure:3424: gcc -qversion >&5
gcc: error: unrecognized command line option '-qversion'
gcc: fatal error: no input files
compilation terminated.
configure:3435: $? = 1
configure:3455: checking whether the C compiler works
configure:3477: gcc    conftest.c  >&5
configure:3481: $? = 0
configure:3529: result: yes
configure:3532: checking for C compiler default output file name
configure:3534: result: a.out
configure:3540: checking for suffix of executables
configure:3547: gcc -o conftest    conftest.c  >&5
configure:3551: $? = 0
configure:3573: result: 
configure:3595: checking whether we are cross compiling
configure:3603: gcc -o conftest    conftest.c  >&5
configure:3607: $? = 0
configure:3614: ./conftest
configure:3618: $? = 0
configure:3633: result: no
configure:3638: checking for suffix of object files
configure:3660: gcc -c   conftest.c >&5
configure:3664: $? = 0
configure:3685: result: o
configure:3689: checking whether we are using the GNU C compiler
configure:3708: gcc -c   conftest.c >&5
configure:3708: $? = 0
configure:3717: result: yes
configure:3726: checking whether gcc accepts -g
configure:3746: gcc -c -g  conftest.c >&5
configure:3746: $? = 0
configure:3787: result: yes
configure:3804: checking for gcc option to accept ISO C89
configure:3867: gcc  -c -g -O2  conftest.c >&5
configure:3867: $? = 0
configure:3880: result: none needed
configure:3902: checking dependency style of gcc
configure:4013: result: gcc3
configure:4039: checking for intltool >= 0.35.0
configure:4046: result: 0.36.2 found
configure:4102: checking for perl
configure:4120: found /usr/bin/perl
configure:4132: result: /usr/bin/perl
configure:4147: checking for XML::Parser
configure:4150: result: ok
configure:4175: gcc -o conftest -g -O2   conftest.c  >&5
configure:4175: $? = 0
configure:4256: checking for gcc
configure:4283: result: gcc
configure:4512: checking for C compiler version
configure:4521: gcc --version >&5
gcc (SUSE Linux) 5.2.1 20151008 [gcc-5-branch revision 228597]
Copyright (C) 2015 Free Software Foundation, Inc.
This is free software; see the source for copying conditions.  There is NO
warranty; not even for MERCHANTABILITY or FITNESS FOR A PARTICULAR PURPOSE.

configure:4532: $? = 0
configure:4521: gcc -v >&5
Using built-in specs.
COLLECT_GCC=gcc
COLLECT_LTO_WRAPPER=/usr/lib64/gcc/x86_64-suse-linux/5/lto-wrapper
Target: x86_64-suse-linux
Configured with: ../configure --prefix=/usr --infodir=/usr/share/info --mandir=/usr/share/man --libdir=/usr/lib64 --libexecdir=/usr/lib64 --enable-languages=c,c++,objc,fortran,obj-c++,java,ada,go --enable-checking=release --with-gxx-include-dir=/usr/include/c++/5 --enable-ssp --disable-libssp --disable-libvtv --enable-libmpx --disable-plugin --with-bugurl=http://bugs.opensuse.org/ --with-pkgversion='SUSE Linux' --disable-libgcj --with-slibdir=/lib64 --with-system-zlib --enable-__cxa_atexit --enable-libstdcxx-allocator=new --disable-libstdcxx-pch --enable-version-specific-runtime-libs --enable-linker-build-id --enable-linux-futex --program-suffix=-5 --without-system-libunwind --enable-multilib --with-arch-32=i586 --with-tune=generic --build=x86_64-suse-linux --host=x86_64-suse-linux
Thread model: posix
gcc version 5.2.1 20151008 [gcc-5-branch revision 228597] (SUSE Linux) 
configure:4532: $? = 0
configure:4521: gcc -V >&5
gcc: error: unrecognized command line option '-V'
gcc: fatal error: no input files
compilation terminated.
configure:4532: $? = 1
configure:4521: gcc -qversion >&5
gcc: error: unrecognized command line option '-qversion'
gcc: fatal error: no input files
compilation terminated.
configure:4532: $? = 1
configure:4536: checking whether we are using the GNU C compiler
configure:4564: result: yes
configure:4573: checking whether gcc accepts -g
configure:4634: result: yes
configure:4651: checking for gcc option to accept ISO C89
configure:4727: result: none needed
configure:4749: checking dependency style of gcc
configure:4860: result: gcc3
configure:4879: checking build system type
configure:4893: result: x86_64-unknown-linux-gnu
configure:4913: checking host system type
configure:4926: result: x86_64-unknown-linux-gnu
configure:5250: checking for library containing strerror
configure:5281: gcc -o conftest -g -O2   conftest.c  >&5
configure:5281: $? = 0
configure:5298: result: none required
configure:5367: checking whether gcc understands -Wall
configure:5380: gcc -c -g -O2 -Wall  conftest.c >&5
configure:5380: $? = 0
configure:5387: result: yes
configure:5367: checking whether gcc understands -Wstrict-prototypes
configure:5380: gcc -c -g -O2 -Wstrict-prototypes  conftest.c >&5
conftest.c:13:1: warning: function declaration isn't a prototype [-Wstrict-prototypes]
 main ()
 ^
configure:5380: $? = 0
configure:5387: result: yes
configure:5367: checking whether gcc understands -Wnested-externs
configure:5380: gcc -c -g -O2 -Wnested-externs  conftest.c >&5
configure:5380: $? = 0
configure:5387: result: yes
configure:5367: checking whether gcc understands -Werror=missing-prototypes
configure:5380: gcc -c -g -O2 -Werror=missing-prototypes  conftest.c >&5
configure:5380: $? = 0
configure:5387: result: yes
configure:5367: checking whether gcc understands -Werror=implicit-function-declaration
configure:5380: gcc -c -g -O2 -Werror=implicit-function-declaration  conftest.c >&5
configure:5380: $? = 0
configure:5387: result: yes
configure:5367: checking whether gcc understands -Werror=pointer-arith
configure:5380: gcc -c -g -O2 -Werror=pointer-arith  conftest.c >&5
configure:5380: $? = 0
configure:5387: result: yes
configure:5367: checking whether gcc understands -Werror=init-self
configure:5380: gcc -c -g -O2 -Werror=init-self  conftest.c >&5
configure:5380: $? = 0
configure:5387: result: yes
configure:5367: checking whether gcc understands -Werror=format-security
configure:5380: gcc -c -g -O2 -Werror=format-security  conftest.c >&5
cc1: error: -Wformat-security ignored without -Wformat [-Werror=format-security]
cc1: some warnings being treated as errors
configure:5380: $? = 1
configure: failed program was:
| /* confdefs.h */
| #define PACKAGE_NAME ""
| #define PACKAGE_TARNAME ""
| #define PACKAGE_VERSION ""
| #define PACKAGE_STRING ""
| #define PACKAGE_BUGREPORT ""
| #define PACKAGE_URL ""
| #define PACKAGE "gnome-mag"
| #define VERSION "0.15.0"
| /* end confdefs.h.  */
| 
| int
| main ()
| {
| 
|   ;
|   return 0;
| }
configure:5387: result: no
configure:5367: checking whether gcc understands -Werror=format=2
configure:5380: gcc -c -g -O2 -Werror=format=2  conftest.c >&5
configure:5380: $? = 0
configure:5387: result: yes
configure:5367: checking whether gcc understands -Werror=missing-include-dirs
configure:5380: gcc -c -g -O2 -Werror=missing-include-dirs  conftest.c >&5
configure:5380: $? = 0
configure:5387: result: yes
configure:5397: checking what warning flags to pass to the C compiler
configure:5399: result:  -Wall -Wstrict-prototypes -Wnested-externs -Werror=missing-prototypes -Werror=implicit-function-declaration -Werror=pointer-arith -Werror=init-self -Werror=format=2 -Werror=missing-include-dirs
configure:5410: checking what language compliance flags to pass to the C compiler
configure:5425: result: 
configure:5509: checking how to print strings
configure:5536: result: printf
configure:5557: checking for a sed that does not truncate output
configure:5621: result: /usr/bin/sed
configure:5639: checking for grep that handles long lines and -e
configure:5697: result: /usr/bin/grep
configure:5702: checking for egrep
configure:5764: result: /usr/bin/grep -E
configure:5769: checking for fgrep
configure:5831: result: /usr/bin/grep -F
configure:5866: checking for ld used by gcc
configure:5933: result: /usr/x86_64-suse-linux/bin/ld
configure:5940: checking if the linker (/usr/x86_64-suse-linux/bin/ld) is GNU ld
configure:5955: result: yes
configure:5967: checking for BSD- or MS-compatible name lister (nm)
configure:6016: result: /usr/bin/nm -B
configure:6146: checking the name lister (/usr/bin/nm -B) interface
configure:6153: gcc -c -g -O2  conftest.c >&5
configure:6156: /usr/bin/nm -B "conftest.o"
configure:6159: output
0000000000000000 B some_variable
configure:6166: result: BSD nm
configure:6169: checking whether ln -s works
configure:6173: result: yes
configure:6181: checking the maximum length of command line arguments
configure:6311: result: 1572864
configure:6328: checking whether the shell understands some XSI constructs
configure:6338: result: yes
configure:6342: checking whether the shell understands "+="
configure:6348: result: yes
configure:6383: checking how to convert x86_64-unknown-linux-gnu file names to x86_64-unknown-linux-gnu format
configure:6423: result: func_convert_file_noop
configure:6430: checking how to convert x86_64-unknown-linux-gnu file names to toolchain format
configure:6450: result: func_convert_file_noop
configure:6457: checking for /usr/x86_64-suse-linux/bin/ld option to reload object files
configure:6464: result: -r
configure:6538: checking for objdump
configure:6565: result: objdump
configure:6594: checking how to recognize dependent libraries
configure:6796: result: pass_all
configure:6881: checking for dlltool
configure:6908: result: dlltool
configure:6938: checking how to associate runtime and link libraries
configure:6965: result: printf %s\n
configure:7025: checking for ar
configure:7041: found /usr/bin/ar
configure:7052: result: ar
configure:7089: checking for archiver @FILE support
configure:7106: gcc -c -g -O2  conftest.c >&5
configure:7106: $? = 0
configure:7109: ar cru libconftest.a @conftest.lst >&5
configure:7112: $? = 0
configure:7117: ar cru libconftest.a @conftest.lst >&5
ar: conftest.o: No such file or directory
configure:7120: $? = 1
configure:7132: result: @
configure:7190: checking for strip
configure:7206: found /usr/bin/strip
configure:7217: result: strip
configure:7289: checking for ranlib
configure:7305: found /usr/bin/ranlib
configure:7316: result: ranlib
configure:7418: checking command to parse /usr/bin/nm -B output from gcc object
configure:7538: gcc -c -g -O2  conftest.c >&5
configure:7541: $? = 0
configure:7545: /usr/bin/nm -B conftest.o \| sed -n -e 's/^.*[ ]\([ABCDGIRSTW][ABCDGIRSTW]*\)[ ][ ]*\([_A-Za-z][_A-Za-z0-9]*\)$/\1 \2 \2/p' | sed '/ __gnu_lto/d' \> conftest.nm
configure:7548: $? = 0
configure:7614: gcc -o conftest -g -O2   conftest.c conftstm.o >&5
configure:7617: $? = 0
configure:7655: result: ok
configure:7692: checking for sysroot
configure:7722: result: no
configure:7799: gcc -c -g -O2  conftest.c >&5
configure:7802: $? = 0
configure:7978: checking for mt
configure:7994: found /usr/bin/mt
configure:8005: result: mt
configure:8028: checking if mt is a manifest tool
configure:8034: mt '-?'
configure:8042: result: no
configure:8684: checking how to run the C preprocessor
configure:8715: gcc -E  conftest.c
configure:8715: $? = 0
configure:8729: gcc -E  conftest.c
conftest.c:11:28: fatal error: ac_nonexistent.h: No such file or directory
compilation terminated.
configure:8729: $? = 1
configure: failed program was:
| /* confdefs.h */
| #define PACKAGE_NAME ""
| #define PACKAGE_TARNAME ""
| #define PACKAGE_VERSION ""
| #define PACKAGE_STRING ""
| #define PACKAGE_BUGREPORT ""
| #define PACKAGE_URL ""
| #define PACKAGE "gnome-mag"
| #define VERSION "0.15.0"
| /* end confdefs.h.  */
| #include <ac_nonexistent.h>
configure:8754: result: gcc -E
configure:8774: gcc -E  conftest.c
configure:8774: $? = 0
configure:8788: gcc -E  conftest.c
conftest.c:11:28: fatal error: ac_nonexistent.h: No such file or directory
compilation terminated.
configure:8788: $? = 1
configure: failed program was:
| /* confdefs.h */
| #define PACKAGE_NAME ""
| #define PACKAGE_TARNAME ""
| #define PACKAGE_VERSION ""
| #define PACKAGE_STRING ""
| #define PACKAGE_BUGREPORT ""
| #define PACKAGE_URL ""
| #define PACKAGE "gnome-mag"
| #define VERSION "0.15.0"
| /* end confdefs.h.  */
| #include <ac_nonexistent.h>
configure:8817: checking for ANSI C header files
configure:8837: gcc -c -g -O2  conftest.c >&5
configure:8837: $? = 0
configure:8910: gcc -o conftest -g -O2   conftest.c  >&5
configure:8910: $? = 0
configure:8910: ./conftest
configure:8910: $? = 0
configure:8921: result: yes
configure:8934: checking for sys/types.h
configure:8934: gcc -c -g -O2  conftest.c >&5
configure:8934: $? = 0
configure:8934: result: yes
configure:8934: checking for sys/stat.h
configure:8934: gcc -c -g -O2  conftest.c >&5
configure:8934: $? = 0
configure:8934: result: yes
configure:8934: checking for stdlib.h
configure:8934: gcc -c -g -O2  conftest.c >&5
configure:8934: $? = 0
configure:8934: result: yes
configure:8934: checking for string.h
configure:8934: gcc -c -g -O2  conftest.c >&5
configure:8934: $? = 0
configure:8934: result: yes
configure:8934: checking for memory.h
configure:8934: gcc -c -g -O2  conftest.c >&5
configure:8934: $? = 0
configure:8934: result: yes
configure:8934: checking for strings.h
configure:8934: gcc -c -g -O2  conftest.c >&5
configure:8934: $? = 0
configure:8934: result: yes
configure:8934: checking for inttypes.h
configure:8934: gcc -c -g -O2  conftest.c >&5
configure:8934: $? = 0
configure:8934: result: yes
configure:8934: checking for stdint.h
configure:8934: gcc -c -g -O2  conftest.c >&5
configure:8934: $? = 0
configure:8934: result: yes
configure:8934: checking for unistd.h
configure:8934: gcc -c -g -O2  conftest.c >&5
configure:8934: $? = 0
configure:8934: result: yes
configure:8948: checking for dlfcn.h
configure:8948: gcc -c -g -O2  conftest.c >&5
configure:8948: $? = 0
configure:8948: result: yes
configure:9122: checking for objdir
configure:9137: result: .libs
configure:9404: checking if gcc supports -fno-rtti -fno-exceptions
configure:9422: gcc -c -g -O2  -fno-rtti -fno-exceptions conftest.c >&5
cc1: warning: command line option '-fno-rtti' is valid for C++/ObjC++ but not for C
configure:9426: $? = 0
configure:9439: result: no
configure:9766: checking for gcc option to produce PIC
configure:9773: result: -fPIC -DPIC
configure:9781: checking if gcc PIC flag -fPIC -DPIC works
configure:9799: gcc -c -g -O2  -fPIC -DPIC -DPIC conftest.c >&5
configure:9803: $? = 0
configure:9816: result: yes
configure:9845: checking if gcc static flag -static works
configure:9873: result: no
configure:9888: checking if gcc supports -c -o file.o
configure:9909: gcc -c -g -O2  -o out/conftest2.o conftest.c >&5
configure:9913: $? = 0
configure:9935: result: yes
configure:9943: checking if gcc supports -c -o file.o
configure:9990: result: yes
configure:10023: checking whether the gcc linker (/usr/x86_64-suse-linux/bin/ld -m elf_x86_64) supports shared libraries
configure:11176: result: yes
configure:11213: checking whether -lc should be explicitly linked in
configure:11221: gcc -c -g -O2  conftest.c >&5
configure:11224: $? = 0
configure:11239: gcc -shared  -fPIC -DPIC conftest.o  -v -Wl,-soname -Wl,conftest -o conftest 2\>\&1 \| /usr/bin/grep  -lc  \>/dev/null 2\>\&1
configure:11242: $? = 0
configure:11256: result: no
configure:11416: checking dynamic linker characteristics
configure:11927: gcc -o conftest -g -O2   -Wl,-rpath -Wl,/foo conftest.c  >&5
configure:11927: $? = 0
configure:12149: result: GNU/Linux ld.so
configure:12256: checking how to hardcode library paths into programs
configure:12281: result: immediate
configure:12821: checking whether stripping libraries is possible
configure:12826: result: yes
configure:12861: checking if libtool supports shared libraries
configure:12863: result: yes
configure:12866: checking whether to build shared libraries
configure:12887: result: yes
configure:12890: checking whether to build static libraries
configure:12894: result: no
configure:12943: checking locale.h usability
configure:12943: gcc -c -g -O2  conftest.c >&5
configure:12943: $? = 0
configure:12943: result: yes
configure:12943: checking locale.h presence
configure:12943: gcc -E  conftest.c
configure:12943: $? = 0
configure:12943: result: yes
configure:12943: checking for locale.h
configure:12943: result: yes
configure:12954: checking for LC_MESSAGES
configure:12970: gcc -o conftest -g -O2   conftest.c  >&5
configure:12970: $? = 0
configure:12978: result: yes
configure:12995: checking libintl.h usability
configure:12995: gcc -c -g -O2  conftest.c >&5
configure:12995: $? = 0
configure:12995: result: yes
configure:12995: checking libintl.h presence
configure:12995: gcc -E  conftest.c
configure:12995: $? = 0
configure:12995: result: yes
configure:12995: checking for libintl.h
configure:12995: result: yes
configure:13003: checking for ngettext in libc
configure:13021: gcc -o conftest -g -O2   conftest.c  >&5
configure:13021: $? = 0
configure:13030: result: yes
configure:13034: checking for dgettext in libc
configure:13052: gcc -o conftest -g -O2   conftest.c  >&5
configure:13052: $? = 0
configure:13061: result: yes
configure:13068: checking for bind_textdomain_codeset
configure:13068: gcc -o conftest -g -O2   conftest.c  >&5
configure:13068: $? = 0
configure:13068: result: yes
configure:13344: checking for msgfmt
configure:13371: result: /usr/bin/msgfmt
configure:13382: checking for dcgettext
configure:13382: gcc -o conftest -g -O2   conftest.c   >&5
conftest.c:51:6: warning: conflicting types for built-in function 'dcgettext'
 char dcgettext ();
      ^
configure:13382: $? = 0
configure:13382: result: yes
configure:13392: checking if msgfmt accepts -c
configure:13407: $MSGFMT -c -o /dev/null conftest.foo
conftest.foo:3: warning: header field 'Language' missing in header
configure:13410: $? = 0
configure:13412: result: yes
configure:13422: checking for gmsgfmt
configure:13453: result: /usr/bin/msgfmt
configure:13463: checking for xgettext
configure:13490: result: /usr/bin/xgettext
configure:13509: gcc -o conftest -g -O2   conftest.c   >&5
configure:13509: $? = 0
configure:13649: checking for Win32
configure:13659: result: no
configure:13719: checking for aclocal flags
configure:13728: result: 
configure:13772: checking for X
configure:13911: gcc -o conftest -g -O2 -Wall   conftest.c -lX11  >&5
configure:13911: $? = 0
configure:13961: result: libraries , headers 
configure:14060: gcc -o conftest -g -O2 -Wall   conftest.c   -lX11 >&5
configure:14060: $? = 0
configure:14158: checking for gethostbyname
configure:14158: gcc -o conftest -g -O2 -Wall   conftest.c  >&5
configure:14158: $? = 0
configure:14158: result: yes
configure:14255: checking for connect
configure:14255: gcc -o conftest -g -O2 -Wall   conftest.c  >&5
configure:14255: $? = 0
configure:14255: result: yes
configure:14304: checking for remove
configure:14304: gcc -o conftest -g -O2 -Wall   conftest.c  >&5
configure:14304: $? = 0
configure:14304: result: yes
configure:14353: checking for shmat
configure:14353: gcc -o conftest -g -O2 -Wall   conftest.c  >&5
configure:14353: $? = 0
configure:14353: result: yes
configure:14411: checking for IceConnectionNumber in -lICE
configure:14436: gcc -o conftest -g -O2 -Wall   conftest.c -lICE   >&5
configure:14436: $? = 0
configure:14445: result: yes
configure:14516: checking for pkg-config
configure:14534: found /usr/bin/pkg-config
configure:14546: result: /usr/bin/pkg-config
configure:14571: checking pkg-config is at least version 0.9.0
configure:14574: result: yes
configure:14585: checking for XEXTENSIONS
configure:14592: $PKG_CONFIG --exists --print-errors "xfixes xdamage"
configure:14595: $? = 0
configure:14609: $PKG_CONFIG --exists --print-errors "xfixes xdamage"
configure:14612: $? = 0
configure:14670: result: yes
configure:14678: checking for XCOMPOSITE
configure:14685: $PKG_CONFIG --exists --print-errors "xcomposite xrender xext"
configure:14688: $? = 0
configure:14702: $PKG_CONFIG --exists --print-errors "xcomposite xrender xext"
configure:14705: $? = 0
configure:14763: result: yes
configure:14770: checking for XCOMPOSITE
configure:14777: $PKG_CONFIG --exists --print-errors "xcomposite >= 0.3"
configure:14780: $? = 0
configure:14855: result: yes
configure:14880: checking for colorblind_create in -lcolorblind
configure:14905: gcc -o conftest -g -O2 -Wall   conftest.c -lcolorblind   >&5
/usr/lib64/gcc/x86_64-suse-linux/5/../../../../x86_64-suse-linux/bin/ld: cannot find -lcolorblind
collect2: error: ld returned 1 exit status
configure:14905: $? = 1
configure: failed program was:
| /* confdefs.h */
| #define PACKAGE_NAME ""
| #define PACKAGE_TARNAME ""
| #define PACKAGE_VERSION ""
| #define PACKAGE_STRING ""
| #define PACKAGE_BUGREPORT ""
| #define PACKAGE_URL ""
| #define PACKAGE "gnome-mag"
| #define VERSION "0.15.0"
| #define STDC_HEADERS 1
| #define HAVE_SYS_TYPES_H 1
| #define HAVE_SYS_STAT_H 1
| #define HAVE_STDLIB_H 1
| #define HAVE_STRING_H 1
| #define HAVE_MEMORY_H 1
| #define HAVE_STRINGS_H 1
| #define HAVE_INTTYPES_H 1
| #define HAVE_STDINT_H 1
| #define HAVE_UNISTD_H 1
| #define HAVE_DLFCN_H 1
| #define LT_OBJDIR ".libs/"
| #define GETTEXT_PACKAGE "gnome-mag"
| #define HAVE_LOCALE_H 1
| #define HAVE_LC_MESSAGES 1
| #define HAVE_BIND_TEXTDOMAIN_CODESET 1
| #define HAVE_GETTEXT 1
| #define HAVE_DCGETTEXT 1
| #define ENABLE_NLS 1
| #define HAVE_COMPOSITE 1
| #define HAVE_SHAPEINPUT 1
| #define HAVE_OVERLAY 1
| /* end confdefs.h.  */
| 
| /* Override any GCC internal prototype to avoid an error.
|    Use char because int might match the return type of a GCC
|    builtin and then its argument prototype would still apply.  */
| #ifdef __cplusplus
| extern "C"
| #endif
| char colorblind_create ();
| int
| main ()
| {
| return colorblind_create ();
|   ;
|   return 0;
| }
configure:14914: result: no
configure:15609: checking for gconftool-2
configure:15627: found /usr/bin/gconftool-2
configure:15639: result: /usr/bin/gconftool-2
configure:15662: result: Using config source xml:merged:/etc/gconf/gconf.xml.schemas for schema installation
configure:15677: result: Using $(sysconfdir)/gconf/schemas as install directory for schema files
configure:15700: checking for LIBDEPS
configure:15713: $PKG_CONFIG --exists --print-errors "
	ORBit-2.0		>= 2.3.100
	glib-2.0		>= 2.11.1
	gmodule-2.0		>= 1.3.11
	gobject-2.0		>= 1.3.11
	gthread-2.0		>= 1.3.11
"
configure:15722: $? = 0
configure:15748: $PKG_CONFIG --exists --print-errors "
	ORBit-2.0		>= 2.3.100
	glib-2.0		>= 2.11.1
	gmodule-2.0		>= 1.3.11
	gobject-2.0		>= 1.3.11
	gthread-2.0		>= 1.3.11
"
configure:15757: $? = 0
configure:15839: result: yes
configure:15848: checking for DEPS
configure:15862: $PKG_CONFIG --exists --print-errors "
	libbonobo-2.0		>= 1.107.0
	ORBit-2.0		>= 2.3.100
	glib-2.0		>= 2.11.1
	gtk+-2.0		>= 2.1.0
	gdk-pixbuf-2.0		>= 2.1.0
	gdk-pixbuf-xlib-2.0	>= 2.1.0
"
configure:15872: $? = 0
configure:15900: $PKG_CONFIG --exists --print-errors "
	libbonobo-2.0		>= 1.107.0
	ORBit-2.0		>= 2.3.100
	glib-2.0		>= 2.11.1
	gtk+-2.0		>= 2.1.0
	gdk-pixbuf-2.0		>= 2.1.0
	gdk-pixbuf-xlib-2.0	>= 2.1.0
"
configure:15910: $? = 0
configure:15996: result: yes
configure:16005: checking for TEST
configure:16020: $PKG_CONFIG --exists --print-errors "
	libspi-1.0		>= 1.5.0
	libbonobo-2.0		>= 1.107.0
	ORBit-2.0		>= 2.3.100
	glib-2.0		>= 1.3.11
	gtk+-2.0		>= 2.1.0
	gdk-pixbuf-2.0		>= 2.1.0
	gdk-pixbuf-xlib-2.0	>= 2.1.0
"
configure:16031: $? = 0
configure:16061: $PKG_CONFIG --exists --print-errors "
	libspi-1.0		>= 1.5.0
	libbonobo-2.0		>= 1.107.0
	ORBit-2.0		>= 2.3.100
	glib-2.0		>= 1.3.11
	gtk+-2.0		>= 2.1.0
	gdk-pixbuf-2.0		>= 2.1.0
	gdk-pixbuf-xlib-2.0	>= 2.1.0
"
configure:16072: $? = 0
configure:16162: result: yes
configure:16171: checking for ORBIT
configure:16178: $PKG_CONFIG --exists --print-errors "ORBit-2.0 >= 2.3.100"
configure:16181: $? = 0
configure:16195: $PKG_CONFIG --exists --print-errors "ORBit-2.0 >= 2.3.100"
configure:16198: $? = 0
configure:16256: result: yes
configure:16264: checking for library containing gethostent
configure:16295: gcc -o conftest -g -O2 -Wall   conftest.c  >&5
configure:16295: $? = 0
configure:16312: result: none required
configure:16320: checking for library containing setsockopt
configure:16351: gcc -o conftest -g -O2 -Wall   conftest.c  >&5
configure:16351: $? = 0
configure:16368: result: none required
configure:16376: checking for library containing connect
configure:16407: gcc -o conftest -g -O2 -Wall   conftest.c  >&5
configure:16407: $? = 0
configure:16424: result: none required
configure:16557: checking that generated files are newer than configure
configure:16563: result: done
configure:16610: creating ./config.status

## ---------------------- ##
## Running config.status. ##
## ---------------------- ##

This file was extended by config.status, which was
generated by GNU Autoconf 2.69.  Invocation command line was

  CONFIG_FILES    = 
  CONFIG_HEADERS  = 
  CONFIG_LINKS    = 
  CONFIG_COMMANDS = 
  $ ./config.status 

on LHD-11

config.status:1250: creating Makefile
config.status:1250: creating gnome-mag-1.0.pc
config.status:1250: creating gnome-mag-1.0-uninstalled.pc
config.status:1250: creating po/Makefile.in
config.status:1250: creating idl/Makefile
config.status:1250: creating magnifier/Makefile
config.status:1250: creating cursors/Makefile
config.status:1250: creating cursors/1_32/Makefile
config.status:1250: creating test/Makefile
config.status:1250: creating docs/Makefile
config.status:1250: creating docs/reference/Makefile
config.status:1250: creating docs/man/Makefile
config.status:1250: creating colorblind/Makefile
config.status:1250: creating colorblind/defs.py
config.status:1250: creating colorblind/ui/Makefile
config.status:1250: creating colorblind/osutils/Makefile
config.status:1250: creating colorblind/data/Makefile
config.status:1250: creating colorblind/data/art/Makefile
config.status:1250: creating colorblind/keybinder/Makefile
config.status:1250: creating config.h
config.status:1479: executing depfiles commands
config.status:1479: executing intltool commands
config.status:1479: executing libtool commands
config.status:1479: executing default-1 commands
config.status:1479: executing po/stamp-it commands

## ---------------- ##
## Cache variables. ##
## ---------------- ##

ac_cv_atk_aclocal_flags=
ac_cv_build=x86_64-unknown-linux-gnu
ac_cv_c_compiler_gnu=yes
ac_cv_env_CBAPPLET_CFLAGS_set=
ac_cv_env_CBAPPLET_CFLAGS_value=
ac_cv_env_CBAPPLET_LIBS_set=
ac_cv_env_CBAPPLET_LIBS_value=
ac_cv_env_CC_set=
ac_cv_env_CC_value=
ac_cv_env_CFLAGS_set=
ac_cv_env_CFLAGS_value=
ac_cv_env_CPPFLAGS_set=
ac_cv_env_CPPFLAGS_value=
ac_cv_env_CPP_set=
ac_cv_env_CPP_value=
ac_cv_env_DEPS_CFLAGS_set=
ac_cv_env_DEPS_CFLAGS_value=
ac_cv_env_DEPS_LIBS_set=
ac_cv_env_DEPS_LIBS_value=
ac_cv_env_LDFLAGS_set=
ac_cv_env_LDFLAGS_value=
ac_cv_env_LIBDEPS_CFLAGS_set=
ac_cv_env_LIBDEPS_CFLAGS_value=
ac_cv_env_LIBDEPS_LIBS_set=
ac_cv_env_LIBDEPS_LIBS_value=
ac_cv_env_LIBS_set=
ac_cv_env_LIBS_value=
ac_cv_env_ORBIT_CFLAGS_set=
ac_cv_env_ORBIT_CFLAGS_value=
ac_cv_env_ORBIT_LIBS_set=
ac_cv_env_ORBIT_LIBS_value=
ac_cv_env_PKG_CONFIG_LIBDIR_set=
ac_cv_env_PKG_CONFIG_LIBDIR_value=
ac_cv_env_PKG_CONFIG_PATH_set=
ac_cv_env_PKG_CONFIG_PATH_value=
ac_cv_env_PKG_CONFIG_set=
ac_cv_env_PKG_CONFIG_value=
ac_cv_env_PYGTK_CFLAGS_set=
ac_cv_env_PYGTK_CFLAGS_value=
ac_cv_env_PYGTK_LIBS_set=
ac_cv_env_PYGTK_LIBS_value=
ac_cv_env_PYTHON_set=
ac_cv_env_PYTHON_value=
ac_cv_env_TEST_CFLAGS_set=
ac_cv_env_TEST_CFLAGS_value=
ac_cv_env_TEST_LIBS_set=
ac_cv_env_TEST_LIBS_value=
ac_cv_env_XCOMPOSITE_CFLAGS_set=
ac_cv_env_XCOMPOSITE_CFLAGS_value=
ac_cv_env_XCOMPOSITE_LIBS_set=
ac_cv_env_XCOMPOSITE_LIBS_value=
ac_cv_env_XEXTENSIONS_CFLAGS_set=
ac_cv_env_XEXTENSIONS_CFLAGS_value=
ac_cv_env_XEXTENSIONS_LIBS_set=
ac_cv_env_XEXTENSIONS_LIBS_value=
ac_cv_env_XMKMF_set=
ac_cv_env_XMKMF_value=
ac_cv_env_build_alias_set=
ac_cv_env_build_alias_value=
ac_cv_env_host_alias_set=
ac_cv_env_host_alias_value=
ac_cv_env_target_alias_set=
ac_cv_env_target_alias_value=
ac_cv_func_bind_textdomain_codeset=yes
ac_cv_func_connect=yes
ac_cv_func_dcgettext=yes
ac_cv_func_gethostbyname=yes
ac_cv_func_remove=yes
ac_cv_func_shmat=yes
ac_cv_have_x='have_x=yes	ac_x_includes='\'''\''	ac_x_libraries='\'''\'''
ac_cv_header_dlfcn_h=yes
ac_cv_header_inttypes_h=yes
ac_cv_header_libintl_h=yes
ac_cv_header_locale_h=yes
ac_cv_header_memory_h=yes
ac_cv_header_stdc=yes
ac_cv_header_stdint_h=yes
ac_cv_header_stdlib_h=yes
ac_cv_header_string_h=yes
ac_cv_header_strings_h=yes
ac_cv_header_sys_stat_h=yes
ac_cv_header_sys_types_h=yes
ac_cv_header_unistd_h=yes
ac_cv_host=x86_64-unknown-linux-gnu
ac_cv_lib_ICE_IceConnectionNumber=yes
ac_cv_lib_colorblind_colorblind_create=no
ac_cv_objext=o
ac_cv_path_EGREP='/usr/bin/grep -E'
ac_cv_path_FGREP='/usr/bin/grep -F'
ac_cv_path_GCONFTOOL=/usr/bin/gconftool-2
ac_cv_path_GMSGFMT=/usr/bin/msgfmt
ac_cv_path_GREP=/usr/bin/grep
ac_cv_path_INTLTOOL_PERL=/usr/bin/perl
ac_cv_path_MSGFMT=/usr/bin/msgfmt
ac_cv_path_SED=/usr/bin/sed
ac_cv_path_XGETTEXT=/usr/bin/xgettext
ac_cv_path_ac_pt_PKG_CONFIG=/usr/bin/pkg-config
ac_cv_path_install='/usr/bin/install -c'
ac_cv_path_mkdir=/usr/bin/mkdir
ac_cv_prog_AWK=gawk
ac_cv_prog_CPP='gcc -E'
ac_cv_prog_ac_ct_AR=ar
ac_cv_prog_ac_ct_CC=gcc
ac_cv_prog_ac_ct_DLLTOOL=dlltool
ac_cv_prog_ac_ct_MANIFEST_TOOL=mt
ac_cv_prog_ac_ct_OBJDUMP=objdump
ac_cv_prog_ac_ct_RANLIB=ranlib
ac_cv_prog_ac_ct_STRIP=strip
ac_cv_prog_cc_c89=
ac_cv_prog_cc_g=yes
ac_cv_prog_make_make_set=yes
ac_cv_search_connect='none required'
ac_cv_search_gethostent='none required'
ac_cv_search_setsockopt='none required'
ac_cv_search_strerror='none required'
am_cv_CC_dependencies_compiler_type=gcc3
am_cv_make_support_nested_variables=yes
am_cv_val_LC_MESSAGES=yes
gt_cv_func_dgettext_libc=yes
gt_cv_func_dgettext_libintl=no
gt_cv_func_ngettext_libc=yes
gt_cv_have_gettext=yes
lt_cv_ar_at_file=@
lt_cv_archive_cmds_need_lc=no
lt_cv_deplibs_check_method=pass_all
lt_cv_file_magic_cmd='$MAGIC_CMD'
lt_cv_file_magic_test_file=
lt_cv_ld_reload_flag=-r
lt_cv_nm_interface='BSD nm'
lt_cv_objdir=.libs
lt_cv_path_LD=/usr/x86_64-suse-linux/bin/ld
lt_cv_path_NM='/usr/bin/nm -B'
lt_cv_path_mainfest_tool=no
lt_cv_prog_compiler_c_o=yes
lt_cv_prog_compiler_pic='-fPIC -DPIC'
lt_cv_prog_compiler_pic_works=yes
lt_cv_prog_compiler_rtti_exceptions=no
lt_cv_prog_compiler_static_works=no
lt_cv_prog_gnu_ld=yes
lt_cv_sharedlib_from_linklib_cmd='printf %s\n'
lt_cv_shlibpath_overrides_runpath=yes
lt_cv_sys_global_symbol_pipe='sed -n -e '\''s/^.*[	 ]\([ABCDGIRSTW][ABCDGIRSTW]*\)[	 ][	 ]*\([_A-Za-z][_A-Za-z0-9]*\)$/\1 \2 \2/p'\'' | sed '\''/ __gnu_lto/d'\'''
lt_cv_sys_global_symbol_to_c_name_address='sed -n -e '\''s/^: \([^ ]*\)[ ]*$/  {\"\1\", (void *) 0},/p'\'' -e '\''s/^[ABCDGIRSTW]* \([^ ]*\) \([^ ]*\)$/  {"\2", (void *) \&\2},/p'\'''
lt_cv_sys_global_symbol_to_c_name_address_lib_prefix='sed -n -e '\''s/^: \([^ ]*\)[ ]*$/  {\"\1\", (void *) 0},/p'\'' -e '\''s/^[ABCDGIRSTW]* \([^ ]*\) \(lib[^ ]*\)$/  {"\2", (void *) \&\2},/p'\'' -e '\''s/^[ABCDGIRSTW]* \([^ ]*\) \([^ ]*\)$/  {"lib\2", (void *) \&\2},/p'\'''
lt_cv_sys_global_symbol_to_cdecl='sed -n -e '\''s/^T .* \(.*\)$/extern int \1();/p'\'' -e '\''s/^[ABCDGIRSTW]* .* \(.*\)$/extern char \1;/p'\'''
lt_cv_sys_max_cmd_len=1572864
lt_cv_to_host_file_cmd=func_convert_file_noop
lt_cv_to_tool_file_cmd=func_convert_file_noop
pkg_cv_DEPS_CFLAGS='-DORBIT2=1 -pthread -I/usr/include/libbonobo-2.0 -I/usr/include/bonobo-activation-2.0 -I/usr/include/orbit-2.0 -I/usr/include/gtk-2.0 -I/usr/lib64/gtk-2.0/include -I/usr/include/pango-1.0 -I/usr/include/atk-1.0 -I/usr/include/cairo -I/usr/include/pixman-1 -I/usr/include/libdrm -I/usr/include/libpng16 -I/usr/include/pango-1.0 -I/usr/include/harfbuzz -I/usr/include/pango-1.0 -I/usr/include/freetype2 -I/usr/include/gdk-pixbuf-2.0 -I/usr/include/libpng16 -I/usr/include/glib-2.0 -I/usr/lib64/glib-2.0/include'
pkg_cv_DEPS_LIBS='-lbonobo-2 -lbonobo-activation -lORBit-2 -lgthread-2.0 -pthread -lgtk-x11-2.0 -lgdk-x11-2.0 -lpangocairo-1.0 -latk-1.0 -lcairo -lgio-2.0 -lpangoft2-1.0 -lpango-1.0 -lfontconfig -lfreetype -lgdk_pixbuf_xlib-2.0 -lgmodule-2.0 -pthread -lgdk_pixbuf-2.0 -lgobject-2.0 -lglib-2.0'
pkg_cv_LIBDEPS_CFLAGS='-DORBIT2=1 -pthread -I/usr/include/orbit-2.0 -I/usr/include/glib-2.0 -I/usr/lib64/glib-2.0/include'
pkg_cv_LIBDEPS_LIBS='-lORBit-2 -Wl,--export-dynamic -lgmodule-2.0 -pthread -lgobject-2.0 -lgthread-2.0 -pthread -lglib-2.0'
pkg_cv_ORBIT_CFLAGS='-DORBIT2=1 -pthread -I/usr/include/orbit-2.0 -I/usr/include/glib-2.0 -I/usr/lib64/glib-2.0/include'
pkg_cv_ORBIT_LIBS='-lORBit-2 -lgthread-2.0 -pthread -lgobject-2.0 -lglib-2.0'
pkg_cv_TEST_CFLAGS='-DORBIT2=1 -pthread -I/usr/include/at-spi-1.0 -I/usr/include/libbonobo-2.0 -I/usr/include/bonobo-activation-2.0 -I/usr/include/orbit-2.0 -I/usr/include/gtk-2.0 -I/usr/lib64/gtk-2.0/include -I/usr/include/pango-1.0 -I/usr/include/atk-1.0 -I/usr/include/cairo -I/usr/include/pixman-1 -I/usr/include/libdrm -I/usr/include/libpng16 -I/usr/include/pango-1.0 -I/usr/include/harfbuzz -I/usr/include/pango-1.0 -I/usr/include/freetype2 -I/usr/include/gdk-pixbuf-2.0 -I/usr/include/libpng16 -I/usr/include/glib-2.0 -I/usr/lib64/glib-2.0/include'
pkg_cv_TEST_LIBS='-lspi -lbonobo-2 -lbonobo-activation -lORBit-2 -lgthread-2.0 -pthread -lgtk-x11-2.0 -lgdk-x11-2.0 -lpangocairo-1.0 -latk-1.0 -lcairo -lgio-2.0 -lpangoft2-1.0 -lpango-1.0 -lfontconfig -lfreetype -lgdk_pixbuf_xlib-2.0 -lgmodule-2.0 -pthread -lgdk_pixbuf-2.0 -lgobject-2.0 -lglib-2.0'
pkg_cv_XCOMPOSITE_CFLAGS=
pkg_cv_XCOMPOSITE_LIBS='-lXcomposite -lXrender -lX11 -lXext'
pkg_cv_XEXTENSIONS_CFLAGS=
pkg_cv_XEXTENSIONS_LIBS='-lXdamage -lXfixes'

## ----------------- ##
## Output variables. ##
## ----------------- ##

ACLOCAL='aclocal-1.13 '
ACLOCAL_AMFLAGS=' -I m4'
ALL_LINGUAS=''
AMDEPBACKSLASH='\'
AMDEP_FALSE='#'
AMDEP_TRUE=''
AMTAR='$${TAR-tar}'
AM_BACKSLASH='\'
AM_DEFAULT_V='$(AM_DEFAULT_VERBOSITY)'
AM_DEFAULT_VERBOSITY='1'
AM_V='$(V)'
AR='ar'
AS='as'
AUTOCONF='autoconf'
AUTOHEADER='autoheader'
AUTOMAKE='automake-1.13'
AWK='gawk'
BONOBO_ACTIVATION_IDL_DIR='/usr/share/idl/bonobo-activation-2.0'
CATALOGS=''
CATOBJEXT='.gmo'
CBAPPLET_CFLAGS=''
CBAPPLET_LIBS=''
CB_DIR=''
CC='gcc'
CCDEPMODE='depmode=gcc3'
CFLAGS='-g -O2 -Wall'
COLORBLIND_LIBS=''
CPP='gcc -E'
CPPFLAGS=''
CYGPATH_W='echo'
DATADIR=''
DATADIRNAME='share'
DEFS='-DHAVE_CONFIG_H'
DEPDIR='.deps'
DEPS_CFLAGS='-DORBIT2=1 -pthread -I/usr/include/libbonobo-2.0 -I/usr/include/bonobo-activation-2.0 -I/usr/include/orbit-2.0 -I/usr/include/gtk-2.0 -I/usr/lib64/gtk-2.0/include -I/usr/include/pango-1.0 -I/usr/include/atk-1.0 -I/usr/include/cairo -I/usr/include/pixman-1 -I/usr/include/libdrm -I/usr/include/libpng16 -I/usr/include/pango-1.0 -I/usr/include/harfbuzz -I/usr/include/pango-1.0 -I/usr/include/freetype2 -I/usr/include/gdk-pixbuf-2.0 -I/usr/include/libpng16 -I/usr/include/glib-2.0 -I/usr/lib64/glib-2.0/include'
DEPS_LIBS='-lbonobo-2 -lbonobo-activation -lORBit-2 -lgthread-2.0 -pthread -lgtk-x11-2.0 -lgdk-x11-2.0 -lpangocairo-1.0 -latk-1.0 -lcairo -lgio-2.0 -lpangoft2-1.0 -lpango-1.0 -lfontconfig -lfreetype -lgdk_pixbuf_xlib-2.0 -lgmodule-2.0 -pthread -lgdk_pixbuf-2.0 -lgobject-2.0 -lglib-2.0'
DLLTOOL='dlltool'
DSYMUTIL=''
DUMPBIN=''
ECHO_C=''
ECHO_N='-n'
ECHO_T=''
EGREP='/usr/bin/grep -E'
EXEEXT=''
FGREP='/usr/bin/grep -F'
GCONFTOOL='/usr/bin/gconftool-2'
GCONF_SCHEMAS_INSTALL_FALSE='#'
GCONF_SCHEMAS_INSTALL_TRUE=''
GCONF_SCHEMA_CONFIG_SOURCE='xml:merged:/etc/gconf/gconf.xml.schemas'
GCONF_SCHEMA_FILE_DIR='$(sysconfdir)/gconf/schemas'
GETTEXT_PACKAGE='gnome-mag'
GMOFILES=''
GMSGFMT='/usr/bin/msgfmt'
GNOME_MAG_AGE='3'
GNOME_MAG_CURRENT='5'
GNOME_MAG_DEBUG_CFLAGS='-DG_DISABLE_DEPRECATED -DGDK_DISABLE_DEPRECATED -DGDK_PIXBUF_DISABLE_DEPRECATED -DGTK_DISABLE_DEPRECATED -DGNOME_DISABLE_DEPRECATED'
GNOME_MAG_REVISION='0'
GREP='/usr/bin/grep'
INET_LIBS=''
INSTALL_DATA='${INSTALL} -m 644'
INSTALL_PROGRAM='${INSTALL}'
INSTALL_SCRIPT='${INSTALL}'
INSTALL_STRIP_PROGRAM='$(install_sh) -c -s'
INSTOBJEXT='.mo'
INTLLIBS=''
INTLTOOL_CAVES_RULE='%.caves:     %.caves.in     $(INTLTOOL_MERGE) $(wildcard $(top_srcdir)/po/*.po) ; LC_ALL=C $(INTLTOOL_MERGE) -d -u -c $(top_builddir)/po/.intltool-merge-cache $(top_srcdir)/po $< $@'
INTLTOOL_DESKTOP_RULE='%.desktop:   %.desktop.in   $(INTLTOOL_MERGE) $(wildcard $(top_srcdir)/po/*.po) ; LC_ALL=C $(INTLTOOL_MERGE) -d -u -c $(top_builddir)/po/.intltool-merge-cache $(top_srcdir)/po $< $@'
INTLTOOL_DIRECTORY_RULE='%.directory: %.directory.in $(INTLTOOL_MERGE) $(wildcard $(top_srcdir)/po/*.po) ; LC_ALL=C $(INTLTOOL_MERGE) -d -u -c $(top_builddir)/po/.intltool-merge-cache $(top_srcdir)/po $< $@'
INTLTOOL_EXTRACT='$(top_builddir)/intltool-extract'
INTLTOOL_KBD_RULE='%.kbd:       %.kbd.in       $(INTLTOOL_MERGE) $(wildcard $(top_srcdir)/po/*.po) ; LC_ALL=C $(INTLTOOL_MERGE) -x -u -m -c $(top_builddir)/po/.intltool-merge-cache $(top_srcdir)/po $< $@'
INTLTOOL_KEYS_RULE='%.keys:      %.keys.in      $(INTLTOOL_MERGE) $(wildcard $(top_srcdir)/po/*.po) ; LC_ALL=C $(INTLTOOL_MERGE) -k -u -c $(top_builddir)/po/.intltool-merge-cache $(top_srcdir)/po $< $@'
INTLTOOL_MERGE='$(top_builddir)/intltool-merge'
INTLTOOL_OAF_RULE='%.oaf:       %.oaf.in       $(INTLTOOL_MERGE) $(wildcard $(top_srcdir)/po/*.po) ; LC_ALL=C $(INTLTOOL_MERGE) -o -p $(top_srcdir)/po $< $@'
INTLTOOL_PERL='/usr/bin/perl'
INTLTOOL_POLICY_RULE='%.policy:    %.policy.in    $(INTLTOOL_MERGE) $(wildcard $(top_srcdir)/po/*.po) ; LC_ALL=C $(INTLTOOL_MERGE) -x -u -c $(top_builddir)/po/.intltool-merge-cache $(top_srcdir)/po $< $@'
INTLTOOL_PONG_RULE='%.pong:      %.pong.in      $(INTLTOOL_MERGE) $(wildcard $(top_srcdir)/po/*.po) ; LC_ALL=C $(INTLTOOL_MERGE) -x -u -c $(top_builddir)/po/.intltool-merge-cache $(top_srcdir)/po $< $@'
INTLTOOL_PROP_RULE='%.prop:      %.prop.in      $(INTLTOOL_MERGE) $(wildcard $(top_srcdir)/po/*.po) ; LC_ALL=C $(INTLTOOL_MERGE) -d -u -c $(top_builddir)/po/.intltool-merge-cache $(top_srcdir)/po $< $@'
INTLTOOL_SCHEMAS_RULE='%.schemas:   %.schemas.in   $(INTLTOOL_MERGE) $(wildcard $(top_srcdir)/po/*.po) ; LC_ALL=C $(INTLTOOL_MERGE) -s -u -c $(top_builddir)/po/.intltool-merge-cache $(top_srcdir)/po $< $@'
INTLTOOL_SERVER_RULE='%.server:    %.server.in    $(INTLTOOL_MERGE) $(wildcard $(top_srcdir)/po/*.po) ; LC_ALL=C $(INTLTOOL_MERGE) -o -u -c $(top_builddir)/po/.intltool-merge-cache $(top_srcdir)/po $< $@'
INTLTOOL_SERVICE_RULE='%.service: %.service.in   $(INTLTOOL_MERGE) $(wildcard $(top_srcdir)/po/*.po) ; LC_ALL=C $(INTLTOOL_MERGE) -d -u -c $(top_builddir)/po/.intltool-merge-cache $(top_srcdir)/po $< $@'
INTLTOOL_SHEET_RULE='%.sheet:     %.sheet.in     $(INTLTOOL_MERGE) $(wildcard $(top_srcdir)/po/*.po) ; LC_ALL=C $(INTLTOOL_MERGE) -x -u -c $(top_builddir)/po/.intltool-merge-cache $(top_srcdir)/po $< $@'
INTLTOOL_SOUNDLIST_RULE='%.soundlist: %.soundlist.in $(INTLTOOL_MERGE) $(wildcard $(top_srcdir)/po/*.po) ; LC_ALL=C $(INTLTOOL_MERGE) -d -u -c $(top_builddir)/po/.intltool-merge-cache $(top_srcdir)/po $< $@'
INTLTOOL_THEME_RULE='%.theme:     %.theme.in     $(INTLTOOL_MERGE) $(wildcard $(top_srcdir)/po/*.po) ; LC_ALL=C $(INTLTOOL_MERGE) -d -u -c $(top_builddir)/po/.intltool-merge-cache $(top_srcdir)/po $< $@'
INTLTOOL_UI_RULE='%.ui:        %.ui.in        $(INTLTOOL_MERGE) $(wildcard $(top_srcdir)/po/*.po) ; LC_ALL=C $(INTLTOOL_MERGE) -x -u -c $(top_builddir)/po/.intltool-merge-cache $(top_srcdir)/po $< $@'
INTLTOOL_UPDATE='$(top_builddir)/intltool-update'
INTLTOOL_XAM_RULE='%.xam:       %.xml.in       $(INTLTOOL_MERGE) $(wildcard $(top_srcdir)/po/*.po) ; LC_ALL=C $(INTLTOOL_MERGE) -x -u -c $(top_builddir)/po/.intltool-merge-cache $(top_srcdir)/po $< $@'
INTLTOOL_XML_NOMERGE_RULE='%.xml:       %.xml.in       $(INTLTOOL_MERGE) ; LC_ALL=C $(INTLTOOL_MERGE) -x -u /tmp $< $@'
INTLTOOL_XML_RULE='%.xml:       %.xml.in       $(INTLTOOL_MERGE) $(wildcard $(top_srcdir)/po/*.po) ; LC_ALL=C $(INTLTOOL_MERGE) -x -u -c $(top_builddir)/po/.intltool-merge-cache $(top_srcdir)/po $< $@'
LD='/usr/x86_64-suse-linux/bin/ld -m elf_x86_64'
LDFLAGS=''
LIBBONOBO_IDL_DIR='/usr/share/idl/bonobo-2.0'
LIBDEPS_CFLAGS='-DORBIT2=1 -pthread -I/usr/include/orbit-2.0 -I/usr/include/glib-2.0 -I/usr/lib64/glib-2.0/include'
LIBDEPS_LIBS='-lORBit-2 -Wl,--export-dynamic -lgmodule-2.0 -pthread -lgobject-2.0 -lgthread-2.0 -pthread -lglib-2.0'
LIBDIR=''
LIBOBJS=''
LIBS=''
LIBTOOL='$(SHELL) $(top_builddir)/libtool'
LIPO=''
LN_S='ln -s'
LTLIBOBJS=''
LT_VERSION_INFO='-version-info ${GNOME_MAG_CURRENT}:${GNOME_MAG_REVISION}:${GNOME_MAG_AGE}'
MAINT='#'
MAINTAINER_MODE_FALSE=''
MAINTAINER_MODE_TRUE='#'
MAKEINFO='makeinfo'
MANIFEST_TOOL=':'
MKDIR_P='/usr/bin/mkdir -p'
MKINSTALLDIRS='./mkinstalldirs'
MSGFMT='/usr/bin/msgfmt'
MSGFMT_OPTS='-c'
MS_LIB_AVAILABLE_FALSE=''
MS_LIB_AVAILABLE_TRUE='#'
NM='/usr/bin/nm -B'
NMEDIT=''
OBJDUMP='objdump'
OBJEXT='o'
ORBIT_CFLAGS='-DORBIT2=1 -pthread -I/usr/include/orbit-2.0 -I/usr/include/glib-2.0 -I/usr/lib64/glib-2.0/include'
ORBIT_IDL='/usr/bin/orbit-idl-2'
ORBIT_LIBS='-lORBit-2 -lgthread-2.0 -pthread -lgobject-2.0 -lglib-2.0'
OS_WIN32_FALSE=''
OS_WIN32_TRUE='#'
OTOOL64=''
OTOOL=''
PACKAGE='gnome-mag'
PACKAGE_BUGREPORT=''
PACKAGE_NAME=''
PACKAGE_STRING=''
PACKAGE_TARNAME=''
PACKAGE_URL=''
PACKAGE_VERSION=''
PATH_SEPARATOR=':'
PKG_CONFIG='/usr/bin/pkg-config'
PKG_CONFIG_LIBDIR=''
PKG_CONFIG_PATH=''
POFILES=''
POSUB='po'
PO_IN_DATADIR_FALSE=''
PO_IN_DATADIR_TRUE=''
PYGTK_CFLAGS=''
PYGTK_CODEGEN=''
PYGTK_DEFSDIR=''
PYGTK_LIBS=''
PYTHON=''
PYTHONDIR=''
PYTHON_EXEC_PREFIX=''
PYTHON_INCLUDES=''
PYTHON_PLATFORM=''
PYTHON_PREFIX=''
PYTHON_VERSION=''
RANLIB='ranlib'
SED='/usr/bin/sed'
SET_MAKE=''
SHELL='/bin/sh'
STRIP='strip'
TEST_CFLAGS='-DORBIT2=1 -pthread -I/usr/include/at-spi-1.0 -I/usr/include/libbonobo-2.0 -I/usr/include/bonobo-activation-2.0 -I/usr/include/orbit-2.0 -I/usr/include/gtk-2.0 -I/usr/lib64/gtk-2.0/include -I/usr/include/pango-1.0 -I/usr/include/atk-1.0 -I/usr/include/cairo -I/usr/include/pixman-1 -I/usr/include/libdrm -I/usr/include/libpng16 -I/usr/include/pango-1.0 -I/usr/include/harfbuzz -I/usr/include/pango-1.0 -I/usr/include/freetype2 -I/usr/include/gdk-pixbuf-2.0 -I/usr/include/libpng16 -I/usr/include/glib-2.0 -I/usr/lib64/glib-2.0/include'
TEST_LIBS='-lspi -lbonobo-2 -lbonobo-activation -lORBit-2 -lgthread-2.0 -pthread -lgtk-x11-2.0 -lgdk-x11-2.0 -lpangocairo-1.0 -latk-1.0 -lcairo -lgio-2.0 -lpangoft2-1.0 -lpango-1.0 -lfontconfig -lfreetype -lgdk_pixbuf_xlib-2.0 -lgmodule-2.0 -pthread -lgdk_pixbuf-2.0 -lgobject-2.0 -lglib-2.0'
USE_NLS='yes'
VERSION='0.15.0'
WARN_CFLAGS=' -Wall -Wstrict-prototypes -Wnested-externs -Werror=missing-prototypes -Werror=implicit-function-declaration -Werror=pointer-arith -Werror=init-self -Werror=format=2 -Werror=missing-include-dirs '
XCOMPOSITE_CFLAGS=''
XCOMPOSITE_LIBS='-lXcomposite -lXrender -lX11 -lXext'
XEXTENSIONS_CFLAGS=''
XEXTENSIONS_LIBS='-lXdamage -lXfixes'
XGETTEXT='/usr/bin/xgettext'
XMKMF=''
X_CFLAGS=''
X_EXTRA_LIBS=''
X_LIBS='  -lSM -lICE -lX11  -lXdamage -lXfixes -lXcomposite -lXrender -lX11 -lXext'
X_PRE_LIBS=' -lSM -lICE'
ac_ct_AR='ar'
ac_ct_CC='gcc'
ac_ct_DUMPBIN=''
am__EXEEXT_FALSE=''
am__EXEEXT_TRUE='#'
am__fastdepCC_FALSE='#'
am__fastdepCC_TRUE=''
am__include='include'
am__isrc=''
am__leading_dot='.'
am__nodep='_no'
am__quote=''
am__tar='$${TAR-tar} chof - "$$tardir"'
am__untar='$${TAR-tar} xf -'
bindir='${exec_prefix}/bin'
build='x86_64-unknown-linux-gnu'
build_alias=''
build_cpu='x86_64'
build_os='linux-gnu'
build_vendor='unknown'
datadir='${datarootdir}'
datarootdir='${prefix}/share'
docdir='${datarootdir}/doc/${PACKAGE}'
dvidir='${docdir}'
exec_prefix='${prefix}'
host='x86_64-unknown-linux-gnu'
host_alias=''
host_cpu='x86_64'
host_os='linux-gnu'
host_vendor='unknown'
htmldir='${docdir}'
includedir='${prefix}/include'
infodir='${datarootdir}/info'
install_sh='${SHELL} /home/clayton/Programs/GUI/screenTools/x-magnifiers/gnome-mag-0.15.0/install-sh'
libdir='${exec_prefix}/lib64'
libexecdir='${exec_prefix}/lib'
localedir='${datarootdir}/locale'
localstatedir='${prefix}/var'
mandir='${datarootdir}/man'
mkdir_p='$(MKDIR_P)'
ms_librarian=''
oldincludedir='/usr/include'
pdfdir='${docdir}'
pkgpyexecdir=''
pkgpythondir=''
prefix='/usr/local'
program_transform_name='s,x,x,'
psdir='${docdir}'
pyexecdir=''
pythondir=''
sbindir='${exec_prefix}/sbin'
sharedstatedir='${prefix}/com'
sysconfdir='${prefix}/etc'
target_alias=''
targetdir='x11'

## ----------- ##
## confdefs.h. ##
## ----------- ##

/* confdefs.h */
#define PACKAGE_NAME ""
#define PACKAGE_TARNAME ""
#define PACKAGE_VERSION ""
#define PACKAGE_STRING ""
#define PACKAGE_BUGREPORT ""
#define PACKAGE_URL ""
#define PACKAGE "gnome-mag"
#define VERSION "0.15.0"
#define STDC_HEADERS 1
#define HAVE_SYS_TYPES_H 1
#define HAVE_SYS_STAT_H 1
#define HAVE_STDLIB_H 1
#define HAVE_STRING_H 1
#define HAVE_MEMORY_H 1
#define HAVE_STRINGS_H 1
#define HAVE_INTTYPES_H 1
#define HAVE_STDINT_H 1
#define HAVE_UNISTD_H 1
#define HAVE_DLFCN_H 1
#define LT_OBJDIR ".libs/"
#define GETTEXT_PACKAGE "gnome-mag"
#define HAVE_LOCALE_H 1
#define HAVE_LC_MESSAGES 1
#define HAVE_BIND_TEXTDOMAIN_CODESET 1
#define HAVE_GETTEXT 1
#define HAVE_DCGETTEXT 1
#define ENABLE_NLS 1
#define HAVE_COMPOSITE 1
#define HAVE_SHAPEINPUT 1
#define HAVE_OVERLAY 1

configure: exit 0
