This file contains any messages produced by compilers while
running configure, to aid debugging if configure makes a mistake.

It was created by configure, which was
generated by GNU Autoconf 2.57.  Invocation command line was

  $ ./configure 

## --------- ##
## Platform. ##
## --------- ##

hostname = linux-9ead
uname -m = x86_64
uname -r = 3.11.10-21-desktop
uname -s = Linux
uname -v = #1 SMP PREEMPT Mon Jul 21 15:28:46 UTC 2014 (9a9565d)

/usr/bin/uname -p = x86_64
/bin/uname -X     = unknown

/bin/arch              = x86_64
/usr/bin/arch -k       = unknown
/usr/convex/getsysinfo = unknown
hostinfo               = unknown
/bin/machine           = unknown
/usr/bin/oslevel       = unknown
/bin/universe          = unknown

PATH: /usr/lib64/mpi/gcc/openmpi/bin
PATH: /usr/local/bin
PATH: /usr/bin
PATH: /bin
PATH: /usr/bin/X11
PATH: /usr/X11R6/bin
PATH: /usr/games
PATH: /opt/kde3/bin
PATH: /opt/cross/bin
PATH: /usr/lib/mit/bin
PATH: /usr/lib/mit/sbin
PATH: /usr/lib/qt3/bin


## ----------- ##
## Core tests. ##
## ----------- ##

configure:1139: loading site script /usr/share/site/x86_64-unknown-linux-gnu
| #!/bin/sh
| # Site script for configure. It is resourced via $CONFIG_SITE environment varaible.
| 
| # If user did not specify libdir, guess the correct target:
| # Use lib64 for 64 bit bi-arch targets, keep the default for the rest.
| if test "$libdir" = '${exec_prefix}/lib' ; then
| 
| 	ac_config_site_64bit_host=NONE
| 
| 	case "$host" in
| 	"" )
| 		# User did not specify host target.
| 		# The native platform x86_64 is a bi-arch platform.
| 		# Try to detect cross-compilation to inferior architecture.
| 
| 		# We are trying to guess 32-bit target compilation. It's not as easy as
| 		# it sounds, as there is possible several intermediate combinations.
| 		ac_config_site_cross_to_32bit_host=NONE
| 
| 		# User defined -m32 in CFLAGS or CXXFLAGS:
| 		# (It's sufficient for 32-bit, but alone may cause mis-behavior of some checks.)
| 		case "$CFLAGS" in
| 		*-m32*)
| 			ac_config_site_cross_to_32bit_host=YES
| 			;;
| 		esac
| 		case "$CXXFLAGS" in
| 		*-m32*)
| 			ac_config_site_cross_to_32bit_host=YES
| 			;;
| 		esac
| 
| 		# Running with linux32:
| 		# (Changes detected platform, but not the toolchain target.)
| 		case "`/bin/uname -i`" in
| 		x86_64 | ppc64 | s390x )
| 			;;
| 		* )
| 			ac_config_site_cross_to_32bit_host=YES
| 			;;
| 		esac
| 
| 		if test "x$ac_config_site_cross_to_32bit_host" = xNONE; then
| 			ac_config_site_64bit_host=YES
| 		fi
| 
| 		;;
| 	*x86_64* | *ppc64* | *s390x* )
| 		ac_config_site_64bit_host=YES
| 		;;
| 	esac
| 
| 	if test "x$ac_config_site_64bit_host" = xYES; then
| 		libdir='${exec_prefix}/lib64'
| 	fi
| fi
| 
| # If user did not specify libexecdir, set the correct target:
| # Nor FHS nor openSUSE allow prefix/libexec. Let's default to prefix/lib.
| 
| if test "$libexecdir" = '${exec_prefix}/libexec' ; then
| 	libexecdir='${exec_prefix}/lib'
| fi
| 
| # Continue with the standard behavior of configure defined in AC_SITE_LOAD:
| if test "x$prefix" != xNONE; then
| 	ac_site_file1=$prefix/share/config.site
| 	ac_site_file2=$prefix/etc/config.site
| else
| 	ac_site_file1=$ac_default_prefix/share/config.site
| 	ac_site_file2=$ac_default_prefix/etc/config.site
| fi
| for ac_site_file in "$ac_site_file1" "$ac_site_file2"
| do
| 	test "x$ac_site_file" = xNONE && continue
| 	if test /dev/null != "$ac_site_file" && test -r "$ac_site_file"; then
| 		{ $as_echo "/usr/share/site/x86_64-unknown-linux-gnu:${as_lineno-$LINENO}: loading site script $ac_site_file" >&5
| $as_echo "/usr/share/site/x86_64-unknown-linux-gnu: loading site script $ac_site_file" >&6;}
| 		sed 's/^/| /' "$ac_site_file" >&5
| 		. "$ac_site_file" \
| 			|| { { $as_echo "/usr/share/site/x86_64-unknown-linux-gnu:${as_lineno-$LINENO}: error: in \`$ac_pwd':" >&5
| $as_echo "/usr/share/site/x86_64-unknown-linux-gnu: error: in \`$ac_pwd':" >&2;}
| as_fn_error $? "failed to load site script $ac_site_file
| See \`config.log' for more details" "$LINENO" 5; }
| 	fi
| done
configure:1276: checking for a BSD-compatible install
configure:1330: result: /usr/bin/install -c
configure:1341: checking whether build environment is sane
configure:1384: result: yes
configure:1417: checking for gawk
configure:1433: found /usr/bin/gawk
configure:1443: result: gawk
configure:1453: checking whether make sets $(MAKE)
configure:1473: result: yes
configure:1683: checking for gcc
configure:1699: found /usr/bin/gcc
configure:1709: result: gcc
configure:1953: checking for C compiler version
configure:1956: gcc --version </dev/null >&5
gcc (SUSE Linux) 4.8.1 20130909 [gcc-4_8-branch revision 202388]
Copyright (C) 2013 Free Software Foundation, Inc.
This is free software; see the source for copying conditions.  There is NO
warranty; not even for MERCHANTABILITY or FITNESS FOR A PARTICULAR PURPOSE.

configure:1959: $? = 0
configure:1961: gcc -v </dev/null >&5
Using built-in specs.
COLLECT_GCC=gcc
COLLECT_LTO_WRAPPER=/usr/lib64/gcc/x86_64-suse-linux/4.8/lto-wrapper
Target: x86_64-suse-linux
Configured with: ../configure --prefix=/usr --infodir=/usr/share/info --mandir=/usr/share/man --libdir=/usr/lib64 --libexecdir=/usr/lib64 --enable-languages=c,c++,objc,fortran,obj-c++,java,ada --enable-checking=release --with-gxx-include-dir=/usr/include/c++/4.8 --enable-ssp --disable-libssp --disable-plugin --with-bugurl=http://bugs.opensuse.org/ --with-pkgversion='SUSE Linux' --disable-libgcj --disable-libmudflap --with-slibdir=/lib64 --with-system-zlib --enable-__cxa_atexit --enable-libstdcxx-allocator=new --disable-libstdcxx-pch --enable-version-specific-runtime-libs --enable-linker-build-id --program-suffix=-4.8 --enable-linux-futex --without-system-libunwind --with-arch-32=i586 --with-tune=generic --build=x86_64-suse-linux
Thread model: posix
gcc version 4.8.1 20130909 [gcc-4_8-branch revision 202388] (SUSE Linux) 
configure:1964: $? = 0
configure:1966: gcc -V </dev/null >&5
gcc: error: unrecognized command line option '-V'
gcc: fatal error: no input files
compilation terminated.
configure:1969: $? = 1
configure:1993: checking for C compiler default output
configure:1996: gcc    conftest.c  >&5
configure:1999: $? = 0
configure:2045: result: a.out
configure:2050: checking whether the C compiler works
configure:2056: ./a.out
configure:2059: $? = 0
configure:2076: result: yes
configure:2083: checking whether we are cross compiling
configure:2085: result: no
configure:2088: checking for suffix of executables
configure:2090: gcc -o conftest    conftest.c  >&5
configure:2093: $? = 0
configure:2118: result: 
configure:2124: checking for suffix of object files
configure:2146: gcc -c   conftest.c >&5
configure:2149: $? = 0
configure:2171: result: o
configure:2175: checking whether we are using the GNU C compiler
configure:2200: gcc -c   conftest.c >&5
configure:2203: $? = 0
configure:2206: test -s conftest.o
configure:2209: $? = 0
configure:2222: result: yes
configure:2228: checking whether gcc accepts -g
configure:2250: gcc -c -g  conftest.c >&5
configure:2253: $? = 0
configure:2256: test -s conftest.o
configure:2259: $? = 0
configure:2270: result: yes
configure:2287: checking for gcc option to accept ANSI C
configure:2348: gcc  -c -g -O2  conftest.c >&5
configure:2351: $? = 0
configure:2354: test -s conftest.o
configure:2357: $? = 0
configure:2375: result: none needed
configure:2393: gcc -c -g -O2  conftest.c >&5
conftest.c:2:3: error: unknown type name 'choke'
   choke me
   ^
conftest.c:2:3: error: expected '=', ',', ';', 'asm' or '__attribute__' at end of input
configure:2396: $? = 1
configure: failed program was:
| #ifndef __cplusplus
|   choke me
| #endif
configure:2516: checking for style of include used by make
configure:2544: result: GNU
configure:2572: checking dependency style of gcc
configure:2655: result: gcc3
configure:2678: checking how to run the C preprocessor
configure:2714: gcc -E  conftest.c
configure:2720: $? = 0
configure:2752: gcc -E  conftest.c
configure:2753:28: fatal error: ac_nonexistent.h: No such file or directory
   (eval $ac_cpp conftest.$ac_ext) 2>conftest.er1
                            ^
compilation terminated.
configure:2758: $? = 1
configure: failed program was:
| #line 2743 "configure"
| /* confdefs.h.  */
| 
| #define PACKAGE_NAME ""
| #define PACKAGE_TARNAME ""
| #define PACKAGE_VERSION ""
| #define PACKAGE_STRING ""
| #define PACKAGE_BUGREPORT ""
| #define PACKAGE "wmctrl"
| #define VERSION "1.07"
| /* end confdefs.h.  */
| #include <ac_nonexistent.h>
configure:2796: result: gcc -E
configure:2821: gcc -E  conftest.c
configure:2827: $? = 0
configure:2859: gcc -E  conftest.c
configure:2860:28: fatal error: ac_nonexistent.h: No such file or directory
   (eval $ac_cpp conftest.$ac_ext) 2>conftest.er1
                            ^
compilation terminated.
configure:2865: $? = 1
configure: failed program was:
| #line 2850 "configure"
| /* confdefs.h.  */
| 
| #define PACKAGE_NAME ""
| #define PACKAGE_TARNAME ""
| #define PACKAGE_VERSION ""
| #define PACKAGE_STRING ""
| #define PACKAGE_BUGREPORT ""
| #define PACKAGE "wmctrl"
| #define VERSION "1.07"
| /* end confdefs.h.  */
| #include <ac_nonexistent.h>
configure:2908: checking for X
configure:3014: gcc -E  conftest.c
configure:3020: $? = 0
configure:3128: result: libraries /usr/lib64, headers 
configure:3281: gcc -o conftest -g -O2   conftest.c   -L/usr/lib64 -lX11 >&5
configure:3284: $? = 0
configure:3287: test -s conftest
configure:3290: $? = 0
configure:3427: checking for gethostbyname
configure:3477: gcc -o conftest -g -O2   conftest.c  >&5
configure:3480: $? = 0
configure:3483: test -s conftest
configure:3486: $? = 0
configure:3497: result: yes
configure:3628: checking for connect
configure:3678: gcc -o conftest -g -O2   conftest.c  >&5
configure:3681: $? = 0
configure:3684: test -s conftest
configure:3687: $? = 0
configure:3698: result: yes
configure:3763: checking for remove
configure:3813: gcc -o conftest -g -O2   conftest.c  >&5
configure:3816: $? = 0
configure:3819: test -s conftest
configure:3822: $? = 0
configure:3833: result: yes
configure:3898: checking for shmat
configure:3948: gcc -o conftest -g -O2   conftest.c  >&5
configure:3951: $? = 0
configure:3954: test -s conftest
configure:3957: $? = 0
configure:3968: result: yes
configure:4042: checking for IceConnectionNumber in -lICE
configure:4073: gcc -o conftest -g -O2   -L/usr/lib64 conftest.c -lICE   >&5
configure:4076: $? = 0
configure:4079: test -s conftest
configure:4082: $? = 0
configure:4094: result: yes
configure:4130: checking for pkg-config
configure:4148: found /usr/bin/pkg-config
configure:4161: result: /usr/bin/pkg-config
configure:4184: checking for GLIB - version >= 2.0.0
configure:4304: gcc -o conftest -g -O2 -I/usr/include/glib-2.0 -I/usr/lib64/glib-2.0/include    conftest.c -lglib-2.0   >&5
configure:4307: $? = 0
configure:4309: ./conftest
configure:4312: $? = 0
configure:4330: result: yes (version 2.38.2)
configure:4555: creating ./config.status

## ---------------------- ##
## Running config.status. ##
## ---------------------- ##

This file was extended by config.status, which was
generated by GNU Autoconf 2.57.  Invocation command line was

  CONFIG_FILES    = 
  CONFIG_HEADERS  = 
  CONFIG_LINKS    = 
  CONFIG_COMMANDS = 
  $ ./config.status 

on linux-9ead

config.status:653: creating Makefile
config.status:778: executing depfiles commands

## ---------------- ##
## Cache variables. ##
## ---------------- ##

ac_cv_c_compiler_gnu=yes
ac_cv_env_CC_set=
ac_cv_env_CC_value=
ac_cv_env_CFLAGS_set=
ac_cv_env_CFLAGS_value=
ac_cv_env_CPPFLAGS_set=
ac_cv_env_CPPFLAGS_value=
ac_cv_env_CPP_set=
ac_cv_env_CPP_value=
ac_cv_env_LDFLAGS_set=
ac_cv_env_LDFLAGS_value=
ac_cv_env_build_alias_set=
ac_cv_env_build_alias_value=
ac_cv_env_host_alias_set=
ac_cv_env_host_alias_value=
ac_cv_env_target_alias_set=
ac_cv_env_target_alias_value=
ac_cv_exeext=
ac_cv_func_connect=yes
ac_cv_func_gethostbyname=yes
ac_cv_func_remove=yes
ac_cv_func_shmat=yes
ac_cv_have_x='have_x=yes 		ac_x_includes= ac_x_libraries=/usr/lib64'
ac_cv_lib_ICE_IceConnectionNumber=yes
ac_cv_objext=o
ac_cv_path_PKG_CONFIG=/usr/bin/pkg-config
ac_cv_path_install='/usr/bin/install -c'
ac_cv_prog_AWK=gawk
ac_cv_prog_CPP='gcc -E'
ac_cv_prog_ac_ct_CC=gcc
ac_cv_prog_cc_g=yes
ac_cv_prog_cc_stdc=
ac_cv_prog_make_make_set=yes
am_cv_CC_dependencies_compiler_type=gcc3

## ----------------- ##
## Output variables. ##
## ----------------- ##

ACLOCAL='${SHELL} /home/clayton/Desktop/wmctrl-1.07/missing --run aclocal-1.7'
AMDEPBACKSLASH='\'
AMDEP_FALSE='#'
AMDEP_TRUE=''
AMTAR='${SHELL} /home/clayton/Desktop/wmctrl-1.07/missing --run tar'
AUTOCONF='${SHELL} /home/clayton/Desktop/wmctrl-1.07/missing --run autoconf'
AUTOHEADER='${SHELL} /home/clayton/Desktop/wmctrl-1.07/missing --run autoheader'
AUTOMAKE='${SHELL} /home/clayton/Desktop/wmctrl-1.07/missing --run automake-1.7'
AWK='gawk'
CC='gcc'
CCDEPMODE='depmode=gcc3'
CFLAGS='-g -O2'
CPP='gcc -E'
CPPFLAGS=''
CYGPATH_W='echo'
DEFS='-DPACKAGE_NAME=\"\" -DPACKAGE_TARNAME=\"\" -DPACKAGE_VERSION=\"\" -DPACKAGE_STRING=\"\" -DPACKAGE_BUGREPORT=\"\" -DPACKAGE=\"wmctrl\" -DVERSION=\"1.07\" '
DEPDIR='.deps'
ECHO_C=''
ECHO_N='-n'
ECHO_T=''
EXEEXT=''
GLIB_CFLAGS='-I/usr/include/glib-2.0 -I/usr/lib64/glib-2.0/include '
GLIB_GENMARSHAL='glib-genmarshal'
GLIB_LIBS='-lglib-2.0 '
GLIB_MKENUMS='glib-mkenums'
GOBJECT_QUERY='gobject-query'
INSTALL_DATA='${INSTALL} -m 644'
INSTALL_PROGRAM='${INSTALL}'
INSTALL_SCRIPT='${INSTALL}'
INSTALL_STRIP_PROGRAM='${SHELL} $(install_sh) -c -s'
LDFLAGS=''
LIBOBJS=''
LIBS=''
LTLIBOBJS=''
MAKEINFO='${SHELL} /home/clayton/Desktop/wmctrl-1.07/missing --run makeinfo'
OBJEXT='o'
PACKAGE='wmctrl'
PACKAGE_BUGREPORT=''
PACKAGE_NAME=''
PACKAGE_STRING=''
PACKAGE_TARNAME=''
PACKAGE_VERSION=''
PATH_SEPARATOR=':'
PKG_CONFIG='/usr/bin/pkg-config'
SET_MAKE=''
SHELL='/bin/sh'
STRIP=''
VERSION='1.07'
X_CFLAGS=''
X_EXTRA_LIBS=''
X_LIBS=' -L/usr/lib64'
X_PRE_LIBS=' -lSM -lICE'
ac_ct_CC='gcc'
ac_ct_STRIP=''
am__fastdepCC_FALSE='#'
am__fastdepCC_TRUE=''
am__include='include'
am__leading_dot='.'
am__quote=''
bindir='${exec_prefix}/bin'
build_alias=''
datadir='${prefix}/share'
exec_prefix='${prefix}'
host_alias=''
includedir='${prefix}/include'
infodir='${prefix}/info'
install_sh='/home/clayton/Desktop/wmctrl-1.07/install-sh'
libdir='${exec_prefix}/lib64'
libexecdir='${exec_prefix}/lib'
localstatedir='${prefix}/var'
mandir='${prefix}/man'
oldincludedir='/usr/include'
prefix='/usr/local'
program_transform_name='s,x,x,'
sbindir='${exec_prefix}/sbin'
sharedstatedir='${prefix}/com'
sysconfdir='${prefix}/etc'
target_alias=''

## ----------- ##
## confdefs.h. ##
## ----------- ##

#define PACKAGE "wmctrl"
#define PACKAGE_BUGREPORT ""
#define PACKAGE_NAME ""
#define PACKAGE_STRING ""
#define PACKAGE_TARNAME ""
#define PACKAGE_VERSION ""
#define VERSION "1.07"

configure: exit 0
