This file contains any messages produced by compilers while
running configure, to aid debugging if configure makes a mistake.

It was created by configure, which was
generated by GNU Autoconf 2.52.  Invocation command line was

  $ ./configure 

## ---------- ##
## Platform.  ##
## ---------- ##

hostname = localhost.localdomain
uname -m = x86_64
uname -r = 5.3.18-59.37-preempt
uname -s = Linux
uname -v = #1 SMP PREEMPT Mon Nov 22 12:29:04 UTC 2021 (d10168e)

/usr/bin/uname -p = x86_64
/bin/uname -X     = unknown

/bin/arch              = x86_64
/usr/bin/arch -k       = unknown
/usr/convex/getsysinfo = unknown
hostinfo               = unknown
/bin/machine           = unknown
/usr/bin/oslevel       = unknown
/bin/universe          = unknown

PATH = /home/netpipe/bin:/usr/local/bin:/usr/bin:/bin

## ------------ ##
## Core tests.  ##
## ------------ ##

configure:858: loading site script /usr/share/site/x86_64-unknown-linux-gnu
#!/bin/sh
# Site script for configure. It is resourced via $CONFIG_SITE environment varaible.

# If user did not specify libdir, guess the correct target:
# Use lib64 for 64 bit bi-arch targets, keep the default for the rest.
if test "$libdir" = '${exec_prefix}/lib' ; then

	ac_config_site_64bit_host=NONE

	case "$host" in
	"" )
		# User did not specify host target.
		# The native platform x86_64 is a bi-arch platform.
		# Try to detect cross-compilation to inferior architecture.

		# We are trying to guess 32-bit target compilation. It's not as easy as
		# it sounds, as there is possible several intermediate combinations.
		ac_config_site_cross_to_32bit_host=NONE

		# User defined -m32 in CFLAGS or CXXFLAGS or CC or CXX:
		# (It's sufficient for 32-bit, but alone may cause mis-behavior of some checks.)
		case "$CFLAGS $CXXFLAGS $CC $CXX" in
		*-m32*)
			ac_config_site_cross_to_32bit_host=YES
			;;
		esac

		# Running with linux32:
		# (Changes detected platform, but not the toolchain target.)
		case "`/bin/uname -i`" in
		x86_64 | ppc64 | s390x | aarch64 )
			;;
		* )
			ac_config_site_cross_to_32bit_host=YES
			;;
		esac

		if test "x$ac_config_site_cross_to_32bit_host" = xNONE; then
			ac_config_site_64bit_host=YES
		fi

		;;
	*x86_64* | *ppc64* | *s390x* | *aarch64* )
		ac_config_site_64bit_host=YES
		;;
	esac

	if test "x$ac_config_site_64bit_host" = xYES; then
		libdir='${exec_prefix}/lib64'
	fi
fi

# If user did not specify libexecdir, set the correct target:
# Nor FHS nor openSUSE allow prefix/libexec. Let's default to prefix/lib.

if test "$libexecdir" = '${exec_prefix}/libexec' ; then
	libexecdir='${exec_prefix}/lib'
fi

# Continue with the standard behavior of configure defined in AC_SITE_LOAD:
if test "x$prefix" != xNONE; then
	ac_site_file1=$prefix/share/config.site
	ac_site_file2=$prefix/etc/config.site
else
	ac_site_file1=$ac_default_prefix/share/config.site
	ac_site_file2=$ac_default_prefix/etc/config.site
fi
for ac_site_file in "$ac_site_file1" "$ac_site_file2"
do
	test "x$ac_site_file" = xNONE && continue
	if test /dev/null != "$ac_site_file" && test -r "$ac_site_file"; then
		{ $as_echo "/usr/share/site/x86_64-unknown-linux-gnu:${as_lineno-$LINENO}: loading site script $ac_site_file" >&5
$as_echo "/usr/share/site/x86_64-unknown-linux-gnu: loading site script $ac_site_file" >&6;}
		sed 's/^/| /' "$ac_site_file" >&5
		. "$ac_site_file" \
			|| { { $as_echo "/usr/share/site/x86_64-unknown-linux-gnu:${as_lineno-$LINENO}: error: in \`$ac_pwd':" >&5
$as_echo "/usr/share/site/x86_64-unknown-linux-gnu: error: in \`$ac_pwd':" >&2;}
as_fn_error $? "failed to load site script $ac_site_file
See \`config.log' for more details" "$LINENO" 5; }
	fi
done
configure:948: PATH=".;."; conftest.sh
./configure: line 949: conftest.sh: command not found
configure:951: $? = 127
configure:991: checking build system type
configure:1009: result: x86_64-unknown-linux-gnu
configure:1016: checking host system type
configure:1030: result: x86_64-unknown-linux-gnu
configure:1037: checking target system type
configure:1051: result: x86_64-unknown-linux-gnu
configure:1077: checking for a BSD compatible install
configure:1126: result: /usr/bin/install -c
configure:1137: checking whether build environment is sane
configure:1180: result: yes
configure:1213: checking for mawk
configure:1239: result: no
configure:1213: checking for gawk
configure:1228: found /usr/bin/gawk
configure:1236: result: gawk
configure:1246: checking whether make sets ${MAKE}
configure:1266: result: yes
configure:1395: checking for ranlib
configure:1410: found /usr/bin/ranlib
configure:1419: result: ranlib
configure:1431: checking whether make sets ${MAKE}
configure:1451: result: yes
configure:1468: checking for style of include used by make
configure:1495: result: GNU
configure:1542: checking for gcc
configure:1557: found /usr/bin/gcc
configure:1565: result: gcc
configure:1793: checking for C compiler version
configure:1796: gcc --version </dev/null >&5
gcc (SUSE Linux) 7.5.0
Copyright (C) 2017 Free Software Foundation, Inc.
This is free software; see the source for copying conditions.  There is NO
warranty; not even for MERCHANTABILITY or FITNESS FOR A PARTICULAR PURPOSE.

configure:1799: $? = 0
configure:1801: gcc -v </dev/null >&5
Using built-in specs.
COLLECT_GCC=gcc
COLLECT_LTO_WRAPPER=/usr/lib64/gcc/x86_64-suse-linux/7/lto-wrapper
OFFLOAD_TARGET_NAMES=hsa:nvptx-none
Target: x86_64-suse-linux
Configured with: ../configure --prefix=/usr --infodir=/usr/share/info --mandir=/usr/share/man --libdir=/usr/lib64 --libexecdir=/usr/lib64 --enable-languages=c,c++,objc,fortran,obj-c++,ada,go --enable-offload-targets=hsa,nvptx-none, --without-cuda-driver --enable-checking=release --disable-werror --with-gxx-include-dir=/usr/include/c++/7 --enable-ssp --disable-libssp --disable-libvtv --disable-libcc1 --disable-plugin --with-bugurl=https://bugs.opensuse.org/ --with-pkgversion='SUSE Linux' --with-slibdir=/lib64 --with-system-zlib --enable-libstdcxx-allocator=new --disable-libstdcxx-pch --enable-version-specific-runtime-libs --with-gcc-major-version-only --enable-linker-build-id --enable-linux-futex --enable-gnu-indirect-function --program-suffix=-7 --without-system-libunwind --enable-multilib --with-arch-32=x86-64 --with-tune=generic --build=x86_64-suse-linux --host=x86_64-suse-linux
Thread model: posix
gcc version 7.5.0 (SUSE Linux) 
configure:1804: $? = 0
configure:1806: gcc -V </dev/null >&5
gcc: error: unrecognized command line option '-V'
gcc: fatal error: no input files
compilation terminated.
configure:1809: $? = 1
configure:1829: checking for C compiler default output
configure:1832: gcc    conftest.c  >&5
configure:1835: $? = 0
configure:1864: result: a.out
configure:1869: checking whether the C compiler works
configure:1875: ./a.out
configure:1878: $? = 0
configure:1893: result: yes
configure:1900: checking whether we are cross compiling
configure:1902: result: no
configure:1905: checking for executable suffix
configure:1907: gcc -o conftest    conftest.c  >&5
configure:1910: $? = 0
configure:1932: result: 
configure:1938: checking for object suffix
configure:1956: gcc -c   conftest.c >&5
configure:1959: $? = 0
configure:1978: result: o
configure:1982: checking whether we are using the GNU C compiler
configure:2003: gcc -c   conftest.c >&5
configure:2006: $? = 0
configure:2009: test -s conftest.o
configure:2012: $? = 0
configure:2024: result: yes
configure:2030: checking whether gcc accepts -g
configure:2048: gcc -c -g  conftest.c >&5
configure:2051: $? = 0
configure:2054: test -s conftest.o
configure:2057: $? = 0
configure:2067: result: yes
configure:2094: gcc -c -g -O2  conftest.c >&5
conftest.c:2:3: error: unknown type name 'choke'
   choke me
   ^~~~~
conftest.c:2:3: error: expected '=', ',', ';', 'asm' or '__attribute__' at end of input
configure:2097: $? = 1
configure: failed program was:
#ifndef __cplusplus
  choke me
#endif
configure:2197: checking dependency style of gcc
configure:2259: result: gcc3
configure:2263: checking for gcc option to accept ANSI C
configure:2320: gcc  -c -g -O2  conftest.c >&5
configure:2323: $? = 0
configure:2326: test -s conftest.o
configure:2329: $? = 0
configure:2346: result: none needed
configure:2354: checking for inline
configure:2371: gcc -c -g -O2  conftest.c >&5
configure:2374: $? = 0
configure:2377: test -s conftest.o
configure:2380: $? = 0
configure:2391: result: inline
configure:2406: checking for an ANSI C-conforming const
configure:2470: gcc -c -g -O2  conftest.c >&5
configure:2473: $? = 0
configure:2476: test -s conftest.o
configure:2479: $? = 0
configure:2489: result: yes
configure:2548: checking for g++
configure:2563: found /usr/bin/g++
configure:2571: result: g++
configure:2586: checking for C++ compiler version
configure:2589: g++ --version </dev/null >&5
g++ (SUSE Linux) 7.5.0
Copyright (C) 2017 Free Software Foundation, Inc.
This is free software; see the source for copying conditions.  There is NO
warranty; not even for MERCHANTABILITY or FITNESS FOR A PARTICULAR PURPOSE.

configure:2592: $? = 0
configure:2594: g++ -v </dev/null >&5
Using built-in specs.
COLLECT_GCC=g++
COLLECT_LTO_WRAPPER=/usr/lib64/gcc/x86_64-suse-linux/7/lto-wrapper
OFFLOAD_TARGET_NAMES=hsa:nvptx-none
Target: x86_64-suse-linux
Configured with: ../configure --prefix=/usr --infodir=/usr/share/info --mandir=/usr/share/man --libdir=/usr/lib64 --libexecdir=/usr/lib64 --enable-languages=c,c++,objc,fortran,obj-c++,ada,go --enable-offload-targets=hsa,nvptx-none, --without-cuda-driver --enable-checking=release --disable-werror --with-gxx-include-dir=/usr/include/c++/7 --enable-ssp --disable-libssp --disable-libvtv --disable-libcc1 --disable-plugin --with-bugurl=https://bugs.opensuse.org/ --with-pkgversion='SUSE Linux' --with-slibdir=/lib64 --with-system-zlib --enable-libstdcxx-allocator=new --disable-libstdcxx-pch --enable-version-specific-runtime-libs --with-gcc-major-version-only --enable-linker-build-id --enable-linux-futex --enable-gnu-indirect-function --program-suffix=-7 --without-system-libunwind --enable-multilib --with-arch-32=x86-64 --with-tune=generic --build=x86_64-suse-linux --host=x86_64-suse-linux
Thread model: posix
gcc version 7.5.0 (SUSE Linux) 
configure:2597: $? = 0
configure:2599: g++ -V </dev/null >&5
g++: error: unrecognized command line option '-V'
g++: fatal error: no input files
compilation terminated.
configure:2602: $? = 1
configure:2605: checking whether we are using the GNU C++ compiler
configure:2626: g++ -c   conftest.cc >&5
configure:2629: $? = 0
configure:2632: test -s conftest.o
configure:2635: $? = 0
configure:2647: result: yes
configure:2653: checking whether g++ accepts -g
configure:2671: g++ -c -g  conftest.cc >&5
configure:2674: $? = 0
configure:2677: test -s conftest.o
configure:2680: $? = 0
configure:2690: result: yes
configure:2730: g++ -c -g -O2  conftest.cc >&5
configure:2733: $? = 0
configure:2736: test -s conftest.o
configure:2739: $? = 0
configure:2761: g++ -c -g -O2  conftest.cc >&5
configure: In function 'int main()':
configure:2754:1: error: 'exit' was not declared in this scope
 {
 ^   
configure:2764: $? = 1
configure: failed program was:
#line 2749 "configure"
#include "confdefs.h"

int
main ()
{
exit (42);
  ;
  return 0;
}
configure:2730: g++ -c -g -O2  conftest.cc >&5
configure:2733: $? = 0
configure:2736: test -s conftest.o
configure:2739: $? = 0
configure:2761: g++ -c -g -O2  conftest.cc >&5
configure:2764: $? = 0
configure:2767: test -s conftest.o
configure:2770: $? = 0
configure:2794: checking dependency style of g++
configure:2856: result: gcc3
configure:2872: checking for a BSD compatible install
configure:2921: result: /usr/bin/install -c
configure:2937: checking how to run the C preprocessor
configure:2963: gcc -E  conftest.c
configure:2969: $? = 0
configure:2996: gcc -E  conftest.c
configure:2993:10: fatal error: ac_nonexistent.h: No such file or directory
 #include "confdefs.h"
          ^~~~~~~~~~~~      
compilation terminated.
configure:3002: $? = 1
configure: failed program was:
#line 2992 "configure"
#include "confdefs.h"
#include <ac_nonexistent.h>
configure:3039: result: gcc -E
configure:3054: gcc -E  conftest.c
configure:3060: $? = 0
configure:3087: gcc -E  conftest.c
configure:3084:10: fatal error: ac_nonexistent.h: No such file or directory
 #include "confdefs.h"
          ^~~~~~~~~~~~      
compilation terminated.
configure:3093: $? = 1
configure: failed program was:
#line 3083 "configure"
#include "confdefs.h"
#include <ac_nonexistent.h>
configure:3134: checking for working alloca.h
configure:3152: gcc -o conftest -g -O2   conftest.c  >&5
configure:3155: $? = 0
configure:3158: test -s conftest
configure:3161: $? = 0
configure:3171: result: yes
configure:3181: checking for alloca
configure:3219: gcc -o conftest -g -O2   conftest.c  >&5
configure:3222: $? = 0
configure:3225: test -s conftest
configure:3228: $? = 0
configure:3238: result: yes
configure:3419: checking for IMG_Load in -lSDL_image
configure:3446: gcc -o conftest -g -O2   conftest.c -lSDL_image   >&5
configure:3449: $? = 0
configure:3452: test -s conftest
configure:3455: $? = 0
configure:3466: result: yes
configure:3477: checking for SDLNet_Init in -lSDL_net
configure:3504: gcc -o conftest -g -O2   conftest.c -lSDL_net  -lSDL_image  >&5
configure:3507: $? = 0
configure:3510: test -s conftest
configure:3513: $? = 0
configure:3524: result: yes
configure:3535: checking for Mix_OpenAudio in -lSDL_mixer
configure:3562: gcc -o conftest -g -O2   conftest.c -lSDL_mixer  -lSDL_net -lSDL_image  >&5
configure:3565: $? = 0
configure:3568: test -s conftest
configure:3571: $? = 0
configure:3582: result: yes
configure:3593: checking for SMPEG_new in -lsmpeg
configure:3620: gcc -o conftest -g -O2   conftest.c -lsmpeg  -lSDL_mixer -lSDL_net -lSDL_image  >&5
/usr/lib64/gcc/x86_64-suse-linux/7/../../../../x86_64-suse-linux/bin/ld: cannot find -lsmpeg
collect2: error: ld returned 1 exit status
configure:3623: $? = 1
configure: failed program was:
#line 3601 "configure"
#include "confdefs.h"

/* Override any gcc2 internal prototype to avoid an error.  */
#ifdef __cplusplus
extern "C"
#endif
/* We use char because int might match the return type of a gcc2
   builtin and then its argument prototype would still apply.  */
char SMPEG_new ();
int
main ()
{
SMPEG_new ();
  ;
  return 0;
}
configure:3640: result: no
configure:3651: checking for glClear in -lGL
configure:3678: gcc -o conftest -g -O2   conftest.c -lGL  -lSDL_mixer -lSDL_net -lSDL_image  >&5
configure:3681: $? = 0
configure:3684: test -s conftest
configure:3687: $? = 0
configure:3698: result: yes
configure:3709: checking for gluLookAt in -lGLU
configure:3736: gcc -o conftest -g -O2   conftest.c -lGLU  -lGL -lSDL_mixer -lSDL_net -lSDL_image  >&5
configure:3739: $? = 0
configure:3742: test -s conftest
configure:3745: $? = 0
configure:3756: result: yes
configure:3767: checking for ANSI C header files
configure:3781: gcc -E  conftest.c
configure:3787: $? = 0
configure:3874: gcc -o conftest -g -O2   conftest.c -lGLU -lGL -lSDL_mixer -lSDL_net -lSDL_image  >&5
configure: In function 'main':
configure:3866:7: warning: implicit declaration of function 'exit' [-Wimplicit-function-declaration]
   for (i = 0; i < 256; i++)
       ^~~~
configure:3866:7: warning: incompatible implicit declaration of built-in function 'exit'
configure:3866:7: note: include '<stdlib.h>' or provide a declaration of 'exit'
configure:3867:3: warning: incompatible implicit declaration of built-in function 'exit'
     if (XOR (islower (i), ISLOWER (i))
   ^ ~~
configure:3867:3: note: include '<stdlib.h>' or provide a declaration of 'exit'
configure:3877: $? = 0
configure:3879: ./conftest
configure:3882: $? = 0
configure:3895: result: yes
configure:3905: checking for an ANSI C-conforming const
configure:3988: result: yes
configure:4038: checking for sdl-config
configure:4055: found /usr/bin/sdl-config
configure:4067: result: /usr/bin/sdl-config
configure:4075: checking for SDL - version >= 1.2.4
configure:4161: gcc -o conftest -g -O2 -I/usr/include/SDL -D_GNU_SOURCE=1 -D_REENTRANT   conftest.c -lGLU -lGL -lSDL_mixer -lSDL_net -lSDL_image  -L/usr/lib64 -lSDL -lpthread >&5
configure:4164: $? = 0
configure:4166: ./conftest
configure:4169: $? = 0
configure:4185: result: yes
configure:4307: checking for smpeg-config
configure:4336: result: no
configure:4344: checking for SMPEG - version >= 0.4.4
configure:4464: result: no
configure:4543: error: *** SMPEG version 0.4.4 not found!

## ----------------- ##
## Cache variables.  ##
## ----------------- ##

ac_cv_build=x86_64-unknown-linux-gnu
ac_cv_build_alias=x86_64-unknown-linux-gnu
ac_cv_c_compiler_gnu=yes
ac_cv_c_const=yes
ac_cv_c_inline=inline
ac_cv_cxx_compiler_gnu=yes
ac_cv_env_CC_set=
ac_cv_env_CC_value=
ac_cv_env_CFLAGS_set=
ac_cv_env_CFLAGS_value=
ac_cv_env_CPPFLAGS_set=
ac_cv_env_CPPFLAGS_value=
ac_cv_env_CPP_set=
ac_cv_env_CPP_value=
ac_cv_env_CXXFLAGS_set=
ac_cv_env_CXXFLAGS_value=
ac_cv_env_CXX_set=
ac_cv_env_CXX_value=
ac_cv_env_LDFLAGS_set=
ac_cv_env_LDFLAGS_value=
ac_cv_env_build_alias_set=
ac_cv_env_build_alias_value=
ac_cv_env_host_alias_set=
ac_cv_env_host_alias_value=
ac_cv_env_target_alias_set=
ac_cv_env_target_alias_value=
ac_cv_func_alloca_works=yes
ac_cv_header_stdc=yes
ac_cv_host=x86_64-unknown-linux-gnu
ac_cv_host_alias=x86_64-unknown-linux-gnu
ac_cv_lib_GLU_gluLookAt=yes
ac_cv_lib_GL_glClear=yes
ac_cv_lib_SDL_image_IMG_Load=yes
ac_cv_lib_SDL_mixer_Mix_OpenAudio=yes
ac_cv_lib_SDL_net_SDLNet_Init=yes
ac_cv_lib_smpeg_SMPEG_new=no
ac_cv_objext=o
ac_cv_path_SDL_CONFIG=/usr/bin/sdl-config
ac_cv_path_SMPEG_CONFIG=no
ac_cv_path_install='/usr/bin/install -c'
ac_cv_prog_AWK=gawk
ac_cv_prog_CPP='gcc -E'
ac_cv_prog_ac_ct_CC=gcc
ac_cv_prog_ac_ct_CXX=g++
ac_cv_prog_ac_ct_RANLIB=ranlib
ac_cv_prog_cc_g=yes
ac_cv_prog_cc_stdc=
ac_cv_prog_cxx_g=yes
ac_cv_prog_make_make_set=yes
ac_cv_target=x86_64-unknown-linux-gnu
ac_cv_target_alias=x86_64-unknown-linux-gnu
ac_cv_working_alloca_h=yes
am_cv_CC_dependencies_compiler_type=gcc3
am_cv_CXX_dependencies_compiler_type=gcc3

## ------------ ##
## confdefs.h.  ##
## ------------ ##

#define PACKAGE "dc"
#define VERSION "1.0.0"
#ifdef __cplusplus
#include <stdlib.h>
#endif
#define HAVE_ALLOCA_H 1
#define HAVE_ALLOCA 1
#define HAVE_LIBSDL_IMAGE 1
#define HAVE_LIBSDL_NET 1
#define HAVE_LIBSDL_MIXER 1
#define HAVE_LIBGL 1
#define HAVE_LIBGLU 1
#define STDC_HEADERS 1


configure: exit 1
